{"E:\\IT運用システム\\03_実装\\it-ops-system\\backend\\src\\index.ts": {"path":"E:\\IT運用システム\\03_実装\\it-ops-system\\backend\\src\\index.ts","statementMap":{"0":{"start":{"line":1,"column":0},"end":{"line":1,"column":30}},"1":{"start":{"line":2,"column":0},"end":{"line":2,"column":24}},"2":{"start":{"line":3,"column":0},"end":{"line":3,"column":28}},"3":{"start":{"line":4,"column":0},"end":{"line":4,"column":38}},"4":{"start":{"line":5,"column":0},"end":{"line":5,"column":28}},"5":{"start":{"line":6,"column":0},"end":{"line":6,"column":32}},"6":{"start":{"line":7,"column":0},"end":{"line":7,"column":43}},"7":{"start":{"line":10,"column":0},"end":{"line":10,"column":39}},"8":{"start":{"line":11,"column":0},"end":{"line":11,"column":43}},"9":{"start":{"line":12,"column":0},"end":{"line":12,"column":51}},"10":{"start":{"line":13,"column":0},"end":{"line":13,"column":47}},"11":{"start":{"line":14,"column":0},"end":{"line":14,"column":35}},"12":{"start":{"line":15,"column":0},"end":{"line":15,"column":39}},"13":{"start":{"line":18,"column":0},"end":{"line":18,"column":9}},"14":{"start":{"line":20,"column":12},"end":{"line":20,"column":21}},"15":{"start":{"line":23,"column":16},"end":{"line":26,"column":2}},"16":{"start":{"line":29,"column":0},"end":{"line":29,"column":18}},"17":{"start":{"line":30,"column":0},"end":{"line":30,"column":16}},"18":{"start":{"line":31,"column":0},"end":{"line":31,"column":23}},"19":{"start":{"line":32,"column":0},"end":{"line":32,"column":24}},"20":{"start":{"line":33,"column":0},"end":{"line":33,"column":48}},"21":{"start":{"line":34,"column":0},"end":{"line":34,"column":28}},"22":{"start":{"line":35,"column":0},"end":{"line":35,"column":17}},"23":{"start":{"line":38,"column":0},"end":{"line":38,"column":33}},"24":{"start":{"line":39,"column":0},"end":{"line":39,"column":37}},"25":{"start":{"line":40,"column":0},"end":{"line":40,"column":45}},"26":{"start":{"line":41,"column":0},"end":{"line":41,"column":41}},"27":{"start":{"line":42,"column":0},"end":{"line":42,"column":29}},"28":{"start":{"line":43,"column":0},"end":{"line":43,"column":33}},"29":{"start":{"line":46,"column":0},"end":{"line":52,"column":3}},"30":{"start":{"line":47,"column":2},"end":{"line":47,"column":27}},"31":{"start":{"line":48,"column":2},"end":{"line":51,"column":5}},"32":{"start":{"line":55,"column":0},"end":{"line":60,"column":3}},"33":{"start":{"line":56,"column":2},"end":{"line":59,"column":5}},"34":{"start":{"line":63,"column":13},"end":{"line":63,"column":37}},"35":{"start":{"line":64,"column":0},"end":{"line":66,"column":3}},"36":{"start":{"line":65,"column":2},"end":{"line":65,"column":51}},"37":{"start":{"line":69,"column":0},"end":{"line":72,"column":3}},"38":{"start":{"line":70,"column":2},"end":{"line":70,"column":44}},"39":{"start":{"line":71,"column":2},"end":{"line":71,"column":18}},"40":{"start":{"line":74,"column":0},"end":{"line":77,"column":3}},"41":{"start":{"line":75,"column":2},"end":{"line":75,"column":71}},"42":{"start":{"line":76,"column":2},"end":{"line":76,"column":18}},"43":{"start":{"line":79,"column":0},"end":{"line":79,"column":19}}},"fnMap":{"0":{"name":"(anonymous_1)","decl":{"start":{"line":46,"column":8},"end":{"line":46,"column":9}},"loc":{"start":{"line":46,"column":96},"end":{"line":52,"column":1}}},"1":{"name":"(anonymous_2)","decl":{"start":{"line":55,"column":8},"end":{"line":55,"column":9}},"loc":{"start":{"line":55,"column":56},"end":{"line":60,"column":1}}},"2":{"name":"(anonymous_3)","decl":{"start":{"line":64,"column":17},"end":{"line":64,"column":20}},"loc":{"start":{"line":64,"column":22},"end":{"line":66,"column":1}}},"3":{"name":"(anonymous_4)","decl":{"start":{"line":69,"column":32},"end":{"line":69,"column":33}},"loc":{"start":{"line":69,"column":40},"end":{"line":72,"column":1}}},"4":{"name":"(anonymous_5)","decl":{"start":{"line":74,"column":33},"end":{"line":74,"column":34}},"loc":{"start":{"line":74,"column":53},"end":{"line":77,"column":1}}}},"branchMap":{"0":{"loc":{"start":{"line":63,"column":13},"end":{"line":63,"column":37}},"type":"binary-expr","locations":[{"start":{"line":63,"column":13},"end":{"line":63,"column":29}},{"start":{"line":63,"column":33},"end":{"line":63,"column":37}}]}},"s":{"0":0,"1":0,"2":0,"3":0,"4":0,"5":0,"6":0,"7":0,"8":0,"9":0,"10":0,"11":0,"12":0,"13":0,"14":0,"15":0,"16":0,"17":0,"18":0,"19":0,"20":0,"21":0,"22":0,"23":0,"24":0,"25":0,"26":0,"27":0,"28":0,"29":0,"30":0,"31":0,"32":0,"33":0,"34":0,"35":0,"36":0,"37":0,"38":0,"39":0,"40":0,"41":0,"42":0,"43":0},"f":{"0":0,"1":0,"2":0,"3":0,"4":0},"b":{"0":[0,0]}}
,"E:\\IT運用システム\\03_実装\\it-ops-system\\backend\\src\\routes\\ad.ts": {"path":"E:\\IT運用システム\\03_実装\\it-ops-system\\backend\\src\\routes\\ad.ts","statementMap":{"0":{"start":{"line":1,"column":0},"end":{"line":1,"column":30}},"1":{"start":{"line":2,"column":0},"end":{"line":2,"column":37}},"2":{"start":{"line":4,"column":0},"end":{"line":4,"column":47}},"3":{"start":{"line":7,"column":15},"end":{"line":7,"column":31}},"4":{"start":{"line":10,"column":15},"end":{"line":23,"column":2}},"5":{"start":{"line":25,"column":11},"end":{"line":25,"column":38}},"6":{"start":{"line":28,"column":22},"end":{"line":33,"column":1}},"7":{"start":{"line":29,"column":35},"end":{"line":29,"column":59}},"8":{"start":{"line":30,"column":2},"end":{"line":30,"column":46}},"9":{"start":{"line":31,"column":2},"end":{"line":31,"column":30}},"10":{"start":{"line":32,"column":2},"end":{"line":32,"column":21}},"11":{"start":{"line":36,"column":0},"end":{"line":52,"column":3}},"12":{"start":{"line":37,"column":2},"end":{"line":51,"column":3}},"13":{"start":{"line":38,"column":4},"end":{"line":43,"column":7}},"14":{"start":{"line":39,"column":6},"end":{"line":41,"column":7}},"15":{"start":{"line":40,"column":8},"end":{"line":40,"column":33}},"16":{"start":{"line":42,"column":6},"end":{"line":42,"column":51}},"17":{"start":{"line":45,"column":24},"end":{"line":45,"column":44}},"18":{"start":{"line":46,"column":4},"end":{"line":50,"column":7}},"19":{"start":{"line":55,"column":0},"end":{"line":72,"column":3}},"20":{"start":{"line":56,"column":2},"end":{"line":71,"column":3}},"21":{"start":{"line":57,"column":38},"end":{"line":57,"column":46}},"22":{"start":{"line":58,"column":4},"end":{"line":63,"column":7}},"23":{"start":{"line":59,"column":6},"end":{"line":61,"column":7}},"24":{"start":{"line":60,"column":8},"end":{"line":60,"column":33}},"25":{"start":{"line":62,"column":6},"end":{"line":62,"column":76}},"26":{"start":{"line":65,"column":24},"end":{"line":65,"column":44}},"27":{"start":{"line":66,"column":4},"end":{"line":70,"column":7}},"28":{"start":{"line":75,"column":0},"end":{"line":94,"column":3}},"29":{"start":{"line":76,"column":2},"end":{"line":93,"column":3}},"30":{"start":{"line":77,"column":31},"end":{"line":77,"column":41}},"31":{"start":{"line":78,"column":38},"end":{"line":78,"column":46}},"32":{"start":{"line":80,"column":4},"end":{"line":85,"column":7}},"33":{"start":{"line":81,"column":6},"end":{"line":83,"column":7}},"34":{"start":{"line":82,"column":8},"end":{"line":82,"column":33}},"35":{"start":{"line":84,"column":6},"end":{"line":84,"column":76}},"36":{"start":{"line":87,"column":24},"end":{"line":87,"column":44}},"37":{"start":{"line":88,"column":4},"end":{"line":92,"column":7}},"38":{"start":{"line":97,"column":0},"end":{"line":120,"column":3}},"39":{"start":{"line":98,"column":2},"end":{"line":119,"column":3}},"40":{"start":{"line":99,"column":31},"end":{"line":99,"column":41}},"41":{"start":{"line":100,"column":24},"end":{"line":100,"column":32}},"42":{"start":{"line":102,"column":19},"end":{"line":102,"column":57}},"43":{"start":{"line":103,"column":4},"end":{"line":111,"column":7}},"44":{"start":{"line":104,"column":6},"end":{"line":106,"column":7}},"45":{"start":{"line":105,"column":8},"end":{"line":105,"column":33}},"46":{"start":{"line":107,"column":6},"end":{"line":110,"column":9}},"47":{"start":{"line":113,"column":24},"end":{"line":113,"column":44}},"48":{"start":{"line":114,"column":4},"end":{"line":118,"column":7}},"49":{"start":{"line":123,"column":0},"end":{"line":139,"column":3}},"50":{"start":{"line":124,"column":2},"end":{"line":138,"column":3}},"51":{"start":{"line":125,"column":4},"end":{"line":130,"column":7}},"52":{"start":{"line":126,"column":6},"end":{"line":128,"column":7}},"53":{"start":{"line":127,"column":8},"end":{"line":127,"column":33}},"54":{"start":{"line":129,"column":6},"end":{"line":129,"column":52}},"55":{"start":{"line":132,"column":24},"end":{"line":132,"column":44}},"56":{"start":{"line":133,"column":4},"end":{"line":137,"column":7}},"57":{"start":{"line":142,"column":0},"end":{"line":159,"column":3}},"58":{"start":{"line":143,"column":2},"end":{"line":158,"column":3}},"59":{"start":{"line":144,"column":40},"end":{"line":144,"column":48}},"60":{"start":{"line":145,"column":4},"end":{"line":150,"column":7}},"61":{"start":{"line":146,"column":6},"end":{"line":148,"column":7}},"62":{"start":{"line":147,"column":8},"end":{"line":147,"column":33}},"63":{"start":{"line":149,"column":6},"end":{"line":149,"column":77}},"64":{"start":{"line":152,"column":24},"end":{"line":152,"column":44}},"65":{"start":{"line":153,"column":4},"end":{"line":157,"column":7}},"66":{"start":{"line":162,"column":0},"end":{"line":181,"column":3}},"67":{"start":{"line":163,"column":2},"end":{"line":180,"column":3}},"68":{"start":{"line":164,"column":21},"end":{"line":164,"column":31}},"69":{"start":{"line":165,"column":40},"end":{"line":165,"column":48}},"70":{"start":{"line":167,"column":4},"end":{"line":172,"column":7}},"71":{"start":{"line":168,"column":6},"end":{"line":170,"column":7}},"72":{"start":{"line":169,"column":8},"end":{"line":169,"column":33}},"73":{"start":{"line":171,"column":6},"end":{"line":171,"column":77}},"74":{"start":{"line":174,"column":24},"end":{"line":174,"column":44}},"75":{"start":{"line":175,"column":4},"end":{"line":179,"column":7}},"76":{"start":{"line":184,"column":0},"end":{"line":207,"column":3}},"77":{"start":{"line":185,"column":2},"end":{"line":206,"column":3}},"78":{"start":{"line":186,"column":21},"end":{"line":186,"column":31}},"79":{"start":{"line":187,"column":32},"end":{"line":187,"column":40}},"80":{"start":{"line":189,"column":19},"end":{"line":189,"column":80}},"81":{"start":{"line":190,"column":4},"end":{"line":198,"column":7}},"82":{"start":{"line":191,"column":6},"end":{"line":193,"column":7}},"83":{"start":{"line":192,"column":8},"end":{"line":192,"column":33}},"84":{"start":{"line":194,"column":6},"end":{"line":197,"column":9}},"85":{"start":{"line":200,"column":24},"end":{"line":200,"column":44}},"86":{"start":{"line":201,"column":4},"end":{"line":205,"column":7}},"87":{"start":{"line":209,"column":0},"end":{"line":209,"column":22}}},"fnMap":{"0":{"name":"(anonymous_1)","decl":{"start":{"line":28,"column":22},"end":{"line":28,"column":23}},"loc":{"start":{"line":28,"column":50},"end":{"line":33,"column":1}}},"1":{"name":"(anonymous_2)","decl":{"start":{"line":36,"column":34},"end":{"line":36,"column":39}},"loc":{"start":{"line":36,"column":54},"end":{"line":52,"column":1}}},"2":{"name":"(anonymous_3)","decl":{"start":{"line":38,"column":21},"end":{"line":38,"column":22}},"loc":{"start":{"line":38,"column":60},"end":{"line":43,"column":5}}},"3":{"name":"(anonymous_4)","decl":{"start":{"line":55,"column":35},"end":{"line":55,"column":40}},"loc":{"start":{"line":55,"column":54},"end":{"line":72,"column":1}}},"4":{"name":"(anonymous_5)","decl":{"start":{"line":58,"column":28},"end":{"line":58,"column":29}},"loc":{"start":{"line":58,"column":50},"end":{"line":63,"column":5}}},"5":{"name":"(anonymous_6)","decl":{"start":{"line":75,"column":50},"end":{"line":75,"column":55}},"loc":{"start":{"line":75,"column":69},"end":{"line":94,"column":1}}},"6":{"name":"(anonymous_7)","decl":{"start":{"line":80,"column":44},"end":{"line":80,"column":45}},"loc":{"start":{"line":80,"column":66},"end":{"line":85,"column":5}}},"7":{"name":"(anonymous_8)","decl":{"start":{"line":97,"column":58},"end":{"line":97,"column":63}},"loc":{"start":{"line":97,"column":77},"end":{"line":120,"column":1}}},"8":{"name":"(anonymous_9)","decl":{"start":{"line":103,"column":31},"end":{"line":103,"column":32}},"loc":{"start":{"line":103,"column":53},"end":{"line":111,"column":5}}},"9":{"name":"(anonymous_10)","decl":{"start":{"line":123,"column":35},"end":{"line":123,"column":40}},"loc":{"start":{"line":123,"column":55},"end":{"line":139,"column":1}}},"10":{"name":"(anonymous_11)","decl":{"start":{"line":125,"column":22},"end":{"line":125,"column":23}},"loc":{"start":{"line":125,"column":63},"end":{"line":130,"column":5}}},"11":{"name":"(anonymous_12)","decl":{"start":{"line":142,"column":36},"end":{"line":142,"column":41}},"loc":{"start":{"line":142,"column":55},"end":{"line":159,"column":1}}},"12":{"name":"(anonymous_13)","decl":{"start":{"line":145,"column":30},"end":{"line":145,"column":31}},"loc":{"start":{"line":145,"column":52},"end":{"line":150,"column":5}}},"13":{"name":"(anonymous_14)","decl":{"start":{"line":162,"column":41},"end":{"line":162,"column":46}},"loc":{"start":{"line":162,"column":60},"end":{"line":181,"column":1}}},"14":{"name":"(anonymous_15)","decl":{"start":{"line":167,"column":36},"end":{"line":167,"column":37}},"loc":{"start":{"line":167,"column":58},"end":{"line":172,"column":5}}},"15":{"name":"(anonymous_16)","decl":{"start":{"line":184,"column":50},"end":{"line":184,"column":55}},"loc":{"start":{"line":184,"column":69},"end":{"line":207,"column":1}}},"16":{"name":"(anonymous_17)","decl":{"start":{"line":190,"column":30},"end":{"line":190,"column":31}},"loc":{"start":{"line":190,"column":52},"end":{"line":198,"column":5}}}},"branchMap":{"0":{"loc":{"start":{"line":30,"column":21},"end":{"line":30,"column":45}},"type":"binary-expr","locations":[{"start":{"line":30,"column":21},"end":{"line":30,"column":31}},{"start":{"line":30,"column":35},"end":{"line":30,"column":45}}]},"1":{"loc":{"start":{"line":39,"column":6},"end":{"line":41,"column":7}},"type":"if","locations":[{"start":{"line":39,"column":6},"end":{"line":41,"column":7}}]},"2":{"loc":{"start":{"line":59,"column":6},"end":{"line":61,"column":7}},"type":"if","locations":[{"start":{"line":59,"column":6},"end":{"line":61,"column":7}}]},"3":{"loc":{"start":{"line":81,"column":6},"end":{"line":83,"column":7}},"type":"if","locations":[{"start":{"line":81,"column":6},"end":{"line":83,"column":7}}]},"4":{"loc":{"start":{"line":102,"column":19},"end":{"line":102,"column":57}},"type":"cond-expr","locations":[{"start":{"line":102,"column":29},"end":{"line":102,"column":41}},{"start":{"line":102,"column":44},"end":{"line":102,"column":57}}]},"5":{"loc":{"start":{"line":104,"column":6},"end":{"line":106,"column":7}},"type":"if","locations":[{"start":{"line":104,"column":6},"end":{"line":106,"column":7}}]},"6":{"loc":{"start":{"line":109,"column":25},"end":{"line":109,"column":57}},"type":"cond-expr","locations":[{"start":{"line":109,"column":35},"end":{"line":109,"column":44}},{"start":{"line":109,"column":47},"end":{"line":109,"column":57}}]},"7":{"loc":{"start":{"line":126,"column":6},"end":{"line":128,"column":7}},"type":"if","locations":[{"start":{"line":126,"column":6},"end":{"line":128,"column":7}}]},"8":{"loc":{"start":{"line":146,"column":6},"end":{"line":148,"column":7}},"type":"if","locations":[{"start":{"line":146,"column":6},"end":{"line":148,"column":7}}]},"9":{"loc":{"start":{"line":168,"column":6},"end":{"line":170,"column":7}},"type":"if","locations":[{"start":{"line":168,"column":6},"end":{"line":170,"column":7}}]},"10":{"loc":{"start":{"line":189,"column":19},"end":{"line":189,"column":80}},"type":"cond-expr","locations":[{"start":{"line":189,"column":38},"end":{"line":189,"column":55}},{"start":{"line":189,"column":58},"end":{"line":189,"column":80}}]},"11":{"loc":{"start":{"line":191,"column":6},"end":{"line":193,"column":7}},"type":"if","locations":[{"start":{"line":191,"column":6},"end":{"line":193,"column":7}}]},"12":{"loc":{"start":{"line":196,"column":28},"end":{"line":196,"column":74}},"type":"cond-expr","locations":[{"start":{"line":196,"column":47},"end":{"line":196,"column":57}},{"start":{"line":196,"column":60},"end":{"line":196,"column":74}}]}},"s":{"0":0,"1":0,"2":0,"3":0,"4":0,"5":0,"6":0,"7":0,"8":0,"9":0,"10":0,"11":0,"12":0,"13":0,"14":0,"15":0,"16":0,"17":0,"18":0,"19":0,"20":0,"21":0,"22":0,"23":0,"24":0,"25":0,"26":0,"27":0,"28":0,"29":0,"30":0,"31":0,"32":0,"33":0,"34":0,"35":0,"36":0,"37":0,"38":0,"39":0,"40":0,"41":0,"42":0,"43":0,"44":0,"45":0,"46":0,"47":0,"48":0,"49":0,"50":0,"51":0,"52":0,"53":0,"54":0,"55":0,"56":0,"57":0,"58":0,"59":0,"60":0,"61":0,"62":0,"63":0,"64":0,"65":0,"66":0,"67":0,"68":0,"69":0,"70":0,"71":0,"72":0,"73":0,"74":0,"75":0,"76":0,"77":0,"78":0,"79":0,"80":0,"81":0,"82":0,"83":0,"84":0,"85":0,"86":0,"87":0},"f":{"0":0,"1":0,"2":0,"3":0,"4":0,"5":0,"6":0,"7":0,"8":0,"9":0,"10":0,"11":0,"12":0,"13":0,"14":0,"15":0,"16":0},"b":{"0":[0,0],"1":[0],"2":[0],"3":[0],"4":[0,0],"5":[0],"6":[0,0],"7":[0],"8":[0],"9":[0],"10":[0,0],"11":[0],"12":[0,0]}}
,"E:\\IT運用システム\\03_実装\\it-ops-system\\backend\\src\\routes\\monitoring.ts": {"path":"E:\\IT運用システム\\03_実装\\it-ops-system\\backend\\src\\routes\\monitoring.ts","statementMap":{"0":{"start":{"line":1,"column":0},"end":{"line":1,"column":30}},"1":{"start":{"line":2,"column":0},"end":{"line":2,"column":37}},"2":{"start":{"line":4,"column":0},"end":{"line":4,"column":20}},"3":{"start":{"line":5,"column":0},"end":{"line":5,"column":35}},"4":{"start":{"line":7,"column":15},"end":{"line":7,"column":31}},"5":{"start":{"line":10,"column":29},"end":{"line":57,"column":1}},"6":{"start":{"line":11,"column":2},"end":{"line":56,"column":3}},"7":{"start":{"line":13,"column":21},"end":{"line":13,"column":36}},"8":{"start":{"line":16,"column":24},"end":{"line":16,"column":37}},"9":{"start":{"line":17,"column":23},"end":{"line":17,"column":35}},"10":{"start":{"line":20,"column":19},"end":{"line":20,"column":36}},"11":{"start":{"line":21,"column":21},"end":{"line":21,"column":69}},"12":{"start":{"line":21,"column":39},"end":{"line":21,"column":55}},"13":{"start":{"line":24,"column":25},"end":{"line":24,"column":48}},"14":{"start":{"line":25,"column":26},"end":{"line":25,"column":41}},"15":{"start":{"line":28,"column":21},"end":{"line":28,"column":46}},"16":{"start":{"line":30,"column":4},"end":{"line":52,"column":6}},"17":{"start":{"line":54,"column":4},"end":{"line":54,"column":61}},"18":{"start":{"line":55,"column":4},"end":{"line":55,"column":16}},"19":{"start":{"line":60,"column":0},"end":{"line":70,"column":3}},"20":{"start":{"line":61,"column":2},"end":{"line":69,"column":3}},"21":{"start":{"line":62,"column":20},"end":{"line":62,"column":48}},"22":{"start":{"line":63,"column":4},"end":{"line":63,"column":51}},"23":{"start":{"line":65,"column":4},"end":{"line":68,"column":7}},"24":{"start":{"line":73,"column":0},"end":{"line":94,"column":3}},"25":{"start":{"line":74,"column":2},"end":{"line":93,"column":3}},"26":{"start":{"line":75,"column":19},"end":{"line":85,"column":6}},"27":{"start":{"line":87,"column":4},"end":{"line":87,"column":50}},"28":{"start":{"line":89,"column":4},"end":{"line":92,"column":7}},"29":{"start":{"line":97,"column":0},"end":{"line":128,"column":3}},"30":{"start":{"line":98,"column":2},"end":{"line":127,"column":3}},"31":{"start":{"line":99,"column":21},"end":{"line":119,"column":6}},"32":{"start":{"line":121,"column":4},"end":{"line":121,"column":52}},"33":{"start":{"line":123,"column":4},"end":{"line":126,"column":7}},"34":{"start":{"line":131,"column":0},"end":{"line":146,"column":3}},"35":{"start":{"line":132,"column":2},"end":{"line":145,"column":3}},"36":{"start":{"line":133,"column":21},"end":{"line":133,"column":29}},"37":{"start":{"line":136,"column":4},"end":{"line":139,"column":7}},"38":{"start":{"line":141,"column":4},"end":{"line":144,"column":7}},"39":{"start":{"line":149,"column":0},"end":{"line":175,"column":3}},"40":{"start":{"line":150,"column":2},"end":{"line":174,"column":3}},"41":{"start":{"line":151,"column":35},"end":{"line":151,"column":44}},"42":{"start":{"line":154,"column":19},"end":{"line":166,"column":6}},"43":{"start":{"line":168,"column":4},"end":{"line":168,"column":50}},"44":{"start":{"line":170,"column":4},"end":{"line":173,"column":7}},"45":{"start":{"line":177,"column":0},"end":{"line":177,"column":22}}},"fnMap":{"0":{"name":"(anonymous_1)","decl":{"start":{"line":10,"column":29},"end":{"line":10,"column":34}},"loc":{"start":{"line":10,"column":64},"end":{"line":57,"column":1}}},"1":{"name":"(anonymous_2)","decl":{"start":{"line":21,"column":33},"end":{"line":21,"column":35}},"loc":{"start":{"line":21,"column":39},"end":{"line":21,"column":55}}},"2":{"name":"(anonymous_3)","decl":{"start":{"line":60,"column":36},"end":{"line":60,"column":41}},"loc":{"start":{"line":60,"column":56},"end":{"line":70,"column":1}}},"3":{"name":"(anonymous_4)","decl":{"start":{"line":73,"column":35},"end":{"line":73,"column":40}},"loc":{"start":{"line":73,"column":55},"end":{"line":94,"column":1}}},"4":{"name":"(anonymous_5)","decl":{"start":{"line":97,"column":44},"end":{"line":97,"column":49}},"loc":{"start":{"line":97,"column":64},"end":{"line":128,"column":1}}},"5":{"name":"(anonymous_6)","decl":{"start":{"line":131,"column":44},"end":{"line":131,"column":49}},"loc":{"start":{"line":131,"column":63},"end":{"line":146,"column":1}}},"6":{"name":"(anonymous_7)","decl":{"start":{"line":149,"column":48},"end":{"line":149,"column":53}},"loc":{"start":{"line":149,"column":67},"end":{"line":175,"column":1}}}},"branchMap":{"0":{"loc":{"start":{"line":21,"column":21},"end":{"line":21,"column":69}},"type":"binary-expr","locations":[{"start":{"line":21,"column":21},"end":{"line":21,"column":56}},{"start":{"line":21,"column":60},"end":{"line":21,"column":69}}]},"1":{"loc":{"start":{"line":33,"column":21},"end":{"line":33,"column":39}},"type":"binary-expr","locations":[{"start":{"line":33,"column":21},"end":{"line":33,"column":34}},{"start":{"line":33,"column":38},"end":{"line":33,"column":39}}]},"2":{"loc":{"start":{"line":46,"column":17},"end":{"line":46,"column":42}},"type":"binary-expr","locations":[{"start":{"line":46,"column":17},"end":{"line":46,"column":37}},{"start":{"line":46,"column":41},"end":{"line":46,"column":42}}]},"3":{"loc":{"start":{"line":47,"column":18},"end":{"line":47,"column":43}},"type":"binary-expr","locations":[{"start":{"line":47,"column":18},"end":{"line":47,"column":38}},{"start":{"line":47,"column":42},"end":{"line":47,"column":43}}]},"4":{"loc":{"start":{"line":48,"column":19},"end":{"line":48,"column":48}},"type":"binary-expr","locations":[{"start":{"line":48,"column":19},"end":{"line":48,"column":43}},{"start":{"line":48,"column":47},"end":{"line":48,"column":48}}]},"5":{"loc":{"start":{"line":49,"column":20},"end":{"line":49,"column":49}},"type":"binary-expr","locations":[{"start":{"line":49,"column":20},"end":{"line":49,"column":44}},{"start":{"line":49,"column":48},"end":{"line":49,"column":49}}]}},"s":{"0":0,"1":0,"2":0,"3":0,"4":0,"5":0,"6":0,"7":0,"8":0,"9":0,"10":0,"11":0,"12":0,"13":0,"14":0,"15":0,"16":0,"17":0,"18":0,"19":0,"20":0,"21":0,"22":0,"23":0,"24":0,"25":0,"26":0,"27":0,"28":0,"29":0,"30":0,"31":0,"32":0,"33":0,"34":0,"35":0,"36":0,"37":0,"38":0,"39":0,"40":0,"41":0,"42":0,"43":0,"44":0,"45":0},"f":{"0":0,"1":0,"2":0,"3":0,"4":0,"5":0,"6":0},"b":{"0":[0,0],"1":[0,0],"2":[0,0],"3":[0,0],"4":[0,0],"5":[0,0]}}
,"E:\\IT運用システム\\03_実装\\it-ops-system\\backend\\src\\routes\\security.ts": {"path":"E:\\IT運用システム\\03_実装\\it-ops-system\\backend\\src\\routes\\security.ts","statementMap":{"0":{"start":{"line":1,"column":0},"end":{"line":1,"column":30}},"1":{"start":{"line":2,"column":0},"end":{"line":2,"column":37}},"2":{"start":{"line":4,"column":15},"end":{"line":4,"column":31}},"3":{"start":{"line":7,"column":0},"end":{"line":32,"column":3}},"4":{"start":{"line":8,"column":2},"end":{"line":31,"column":3}},"5":{"start":{"line":9,"column":20},"end":{"line":23,"column":6}},"6":{"start":{"line":25,"column":4},"end":{"line":25,"column":51}},"7":{"start":{"line":27,"column":4},"end":{"line":30,"column":7}},"8":{"start":{"line":35,"column":0},"end":{"line":60,"column":3}},"9":{"start":{"line":36,"column":2},"end":{"line":59,"column":3}},"10":{"start":{"line":37,"column":21},"end":{"line":51,"column":6}},"11":{"start":{"line":53,"column":4},"end":{"line":53,"column":52}},"12":{"start":{"line":55,"column":4},"end":{"line":58,"column":7}},"13":{"start":{"line":63,"column":0},"end":{"line":92,"column":3}},"14":{"start":{"line":64,"column":2},"end":{"line":91,"column":3}},"15":{"start":{"line":65,"column":22},"end":{"line":83,"column":6}},"16":{"start":{"line":85,"column":4},"end":{"line":85,"column":53}},"17":{"start":{"line":87,"column":4},"end":{"line":90,"column":7}},"18":{"start":{"line":95,"column":0},"end":{"line":112,"column":3}},"19":{"start":{"line":96,"column":2},"end":{"line":111,"column":3}},"20":{"start":{"line":97,"column":19},"end":{"line":97,"column":29}},"21":{"start":{"line":98,"column":23},"end":{"line":98,"column":31}},"22":{"start":{"line":102,"column":4},"end":{"line":105,"column":7}},"23":{"start":{"line":107,"column":4},"end":{"line":110,"column":7}},"24":{"start":{"line":115,"column":0},"end":{"line":132,"column":3}},"25":{"start":{"line":116,"column":2},"end":{"line":131,"column":3}},"26":{"start":{"line":117,"column":19},"end":{"line":117,"column":29}},"27":{"start":{"line":118,"column":32},"end":{"line":118,"column":40}},"28":{"start":{"line":122,"column":4},"end":{"line":125,"column":7}},"29":{"start":{"line":127,"column":4},"end":{"line":130,"column":7}},"30":{"start":{"line":135,"column":0},"end":{"line":156,"column":3}},"31":{"start":{"line":136,"column":2},"end":{"line":155,"column":3}},"32":{"start":{"line":137,"column":29},"end":{"line":137,"column":37}},"33":{"start":{"line":141,"column":4},"end":{"line":149,"column":7}},"34":{"start":{"line":151,"column":4},"end":{"line":154,"column":7}},"35":{"start":{"line":158,"column":0},"end":{"line":158,"column":22}}},"fnMap":{"0":{"name":"(anonymous_1)","decl":{"start":{"line":7,"column":36},"end":{"line":7,"column":41}},"loc":{"start":{"line":7,"column":56},"end":{"line":32,"column":1}}},"1":{"name":"(anonymous_2)","decl":{"start":{"line":35,"column":37},"end":{"line":35,"column":42}},"loc":{"start":{"line":35,"column":57},"end":{"line":60,"column":1}}},"2":{"name":"(anonymous_3)","decl":{"start":{"line":63,"column":38},"end":{"line":63,"column":43}},"loc":{"start":{"line":63,"column":58},"end":{"line":92,"column":1}}},"3":{"name":"(anonymous_4)","decl":{"start":{"line":95,"column":41},"end":{"line":95,"column":46}},"loc":{"start":{"line":95,"column":60},"end":{"line":112,"column":1}}},"4":{"name":"(anonymous_5)","decl":{"start":{"line":115,"column":51},"end":{"line":115,"column":56}},"loc":{"start":{"line":115,"column":70},"end":{"line":132,"column":1}}},"5":{"name":"(anonymous_6)","decl":{"start":{"line":135,"column":34},"end":{"line":135,"column":39}},"loc":{"start":{"line":135,"column":53},"end":{"line":156,"column":1}}}},"branchMap":{},"s":{"0":0,"1":0,"2":0,"3":0,"4":0,"5":0,"6":0,"7":0,"8":0,"9":0,"10":0,"11":0,"12":0,"13":0,"14":0,"15":0,"16":0,"17":0,"18":0,"19":0,"20":0,"21":0,"22":0,"23":0,"24":0,"25":0,"26":0,"27":0,"28":0,"29":0,"30":0,"31":0,"32":0,"33":0,"34":0,"35":0},"f":{"0":0,"1":0,"2":0,"3":0,"4":0,"5":0},"b":{}}
,"E:\\IT運用システム\\03_実装\\it-ops-system\\backend\\src\\routes\\system.ts": {"path":"E:\\IT運用システム\\03_実装\\it-ops-system\\backend\\src\\routes\\system.ts","statementMap":{"0":{"start":{"line":1,"column":0},"end":{"line":1,"column":30}},"1":{"start":{"line":2,"column":0},"end":{"line":2,"column":37}},"2":{"start":{"line":5,"column":15},"end":{"line":5,"column":31}},"3":{"start":{"line":8,"column":0},"end":{"line":41,"column":3}},"4":{"start":{"line":9,"column":2},"end":{"line":40,"column":3}},"5":{"start":{"line":11,"column":33},"end":{"line":32,"column":6}},"6":{"start":{"line":34,"column":4},"end":{"line":34,"column":50}},"7":{"start":{"line":36,"column":4},"end":{"line":39,"column":7}},"8":{"start":{"line":44,"column":0},"end":{"line":59,"column":3}},"9":{"start":{"line":45,"column":2},"end":{"line":58,"column":3}},"10":{"start":{"line":46,"column":42},"end":{"line":46,"column":50}},"11":{"start":{"line":49,"column":4},"end":{"line":52,"column":7}},"12":{"start":{"line":54,"column":4},"end":{"line":57,"column":7}},"13":{"start":{"line":62,"column":0},"end":{"line":92,"column":3}},"14":{"start":{"line":63,"column":2},"end":{"line":91,"column":3}},"15":{"start":{"line":64,"column":19},"end":{"line":83,"column":6}},"16":{"start":{"line":85,"column":4},"end":{"line":85,"column":50}},"17":{"start":{"line":87,"column":4},"end":{"line":90,"column":7}},"18":{"start":{"line":94,"column":0},"end":{"line":94,"column":22}}},"fnMap":{"0":{"name":"(anonymous_1)","decl":{"start":{"line":8,"column":35},"end":{"line":8,"column":40}},"loc":{"start":{"line":8,"column":55},"end":{"line":41,"column":1}}},"1":{"name":"(anonymous_2)","decl":{"start":{"line":44,"column":35},"end":{"line":44,"column":40}},"loc":{"start":{"line":44,"column":54},"end":{"line":59,"column":1}}},"2":{"name":"(anonymous_3)","decl":{"start":{"line":62,"column":35},"end":{"line":62,"column":40}},"loc":{"start":{"line":62,"column":55},"end":{"line":92,"column":1}}}},"branchMap":{"0":{"loc":{"start":{"line":13,"column":16},"end":{"line":13,"column":43}},"type":"binary-expr","locations":[{"start":{"line":13,"column":16},"end":{"line":13,"column":37}},{"start":{"line":13,"column":41},"end":{"line":13,"column":43}}]},"1":{"loc":{"start":{"line":14,"column":16},"end":{"line":14,"column":43}},"type":"binary-expr","locations":[{"start":{"line":14,"column":16},"end":{"line":14,"column":37}},{"start":{"line":14,"column":41},"end":{"line":14,"column":43}}]},"2":{"loc":{"start":{"line":15,"column":20},"end":{"line":15,"column":52}},"type":"binary-expr","locations":[{"start":{"line":15,"column":20},"end":{"line":15,"column":46}},{"start":{"line":15,"column":50},"end":{"line":15,"column":52}}]},"3":{"loc":{"start":{"line":19,"column":18},"end":{"line":19,"column":50}},"type":"binary-expr","locations":[{"start":{"line":19,"column":18},"end":{"line":19,"column":44}},{"start":{"line":19,"column":48},"end":{"line":19,"column":50}}]},"4":{"loc":{"start":{"line":20,"column":18},"end":{"line":20,"column":50}},"type":"binary-expr","locations":[{"start":{"line":20,"column":18},"end":{"line":20,"column":44}},{"start":{"line":20,"column":48},"end":{"line":20,"column":50}}]},"5":{"loc":{"start":{"line":21,"column":25},"end":{"line":21,"column":76}},"type":"binary-expr","locations":[{"start":{"line":21,"column":25},"end":{"line":21,"column":70}},{"start":{"line":21,"column":74},"end":{"line":21,"column":76}}]},"6":{"loc":{"start":{"line":24,"column":32},"end":{"line":24,"column":78}},"type":"binary-expr","locations":[{"start":{"line":24,"column":32},"end":{"line":24,"column":69}},{"start":{"line":24,"column":73},"end":{"line":24,"column":78}}]},"7":{"loc":{"start":{"line":25,"column":32},"end":{"line":25,"column":77}},"type":"binary-expr","locations":[{"start":{"line":25,"column":32},"end":{"line":25,"column":69}},{"start":{"line":25,"column":73},"end":{"line":25,"column":77}}]},"8":{"loc":{"start":{"line":27,"column":24},"end":{"line":27,"column":63}},"type":"binary-expr","locations":[{"start":{"line":27,"column":24},"end":{"line":27,"column":55}},{"start":{"line":27,"column":59},"end":{"line":27,"column":63}}]},"9":{"loc":{"start":{"line":28,"column":27},"end":{"line":28,"column":69}},"type":"binary-expr","locations":[{"start":{"line":28,"column":27},"end":{"line":28,"column":61}},{"start":{"line":28,"column":65},"end":{"line":28,"column":69}}]},"10":{"loc":{"start":{"line":29,"column":25},"end":{"line":29,"column":65}},"type":"binary-expr","locations":[{"start":{"line":29,"column":25},"end":{"line":29,"column":57}},{"start":{"line":29,"column":61},"end":{"line":29,"column":65}}]}},"s":{"0":0,"1":0,"2":0,"3":0,"4":0,"5":0,"6":0,"7":0,"8":0,"9":0,"10":0,"11":0,"12":0,"13":0,"14":0,"15":0,"16":0,"17":0,"18":0},"f":{"0":0,"1":0,"2":0},"b":{"0":[0,0],"1":[0,0],"2":[0,0],"3":[0,0],"4":[0,0],"5":[0,0],"6":[0,0],"7":[0,0],"8":[0,0],"9":[0,0],"10":[0,0]}}
}
