{"C:\\kitting\\ITManagementSystem\\03_実装\\it-ops-system\\backend\\src\\errors\\AuditError.ts": {"path":"C:\\kitting\\ITManagementSystem\\03_実装\\it-ops-system\\backend\\src\\errors\\AuditError.ts","statementMap":{"0":{"start":{"line":8,"column":4},"end":{"line":8,"column":19}},"1":{"start":{"line":4,"column":11},"end":{"line":4,"column":23}},"2":{"start":{"line":5,"column":11},"end":{"line":5,"column":32}},"3":{"start":{"line":6,"column":11},"end":{"line":6,"column":24}},"4":{"start":{"line":9,"column":4},"end":{"line":9,"column":29}},"5":{"start":{"line":15,"column":4},"end":{"line":15,"column":53}},"6":{"start":{"line":16,"column":4},"end":{"line":16,"column":39}},"7":{"start":{"line":22,"column":4},"end":{"line":22,"column":45}},"8":{"start":{"line":23,"column":4},"end":{"line":23,"column":39}},"9":{"start":{"line":29,"column":4},"end":{"line":29,"column":37}},"10":{"start":{"line":30,"column":4},"end":{"line":30,"column":37}},"11":{"start":{"line":36,"column":4},"end":{"line":36,"column":51}},"12":{"start":{"line":37,"column":4},"end":{"line":37,"column":37}}},"fnMap":{"0":{"name":"(anonymous_0)","decl":{"start":{"line":2,"column":2},"end":{"line":2,"column":null}},"loc":{"start":{"line":6,"column":24},"end":{"line":10,"column":3}}},"1":{"name":"(anonymous_1)","decl":{"start":{"line":14,"column":2},"end":{"line":14,"column":14}},"loc":{"start":{"line":14,"column":44},"end":{"line":17,"column":3}}},"2":{"name":"(anonymous_2)","decl":{"start":{"line":21,"column":2},"end":{"line":21,"column":14}},"loc":{"start":{"line":21,"column":29},"end":{"line":24,"column":3}}},"3":{"name":"(anonymous_3)","decl":{"start":{"line":28,"column":2},"end":{"line":28,"column":14}},"loc":{"start":{"line":28,"column":29},"end":{"line":31,"column":3}}},"4":{"name":"(anonymous_4)","decl":{"start":{"line":35,"column":2},"end":{"line":35,"column":14}},"loc":{"start":{"line":35,"column":44},"end":{"line":38,"column":3}}}},"branchMap":{"0":{"loc":{"start":{"line":5,"column":11},"end":{"line":5,"column":35}},"type":"default-arg","locations":[{"start":{"line":5,"column":32},"end":{"line":5,"column":35}}]}},"s":{"0":0,"1":0,"2":0,"3":0,"4":0,"5":0,"6":0,"7":0,"8":0,"9":0,"10":0,"11":0,"12":0},"f":{"0":0,"1":0,"2":0,"3":0,"4":0},"b":{"0":[0]}}
,"C:\\kitting\\ITManagementSystem\\03_実装\\it-ops-system\\backend\\src\\metrics\\prometheus.ts": {"path":"C:\\kitting\\ITManagementSystem\\03_実装\\it-ops-system\\backend\\src\\metrics\\prometheus.ts","statementMap":{"0":{"start":{"line":16,"column":4},"end":{"line":16,"column":35}},"1":{"start":{"line":19,"column":4},"end":{"line":61,"column":6}},"2":{"start":{"line":65,"column":4},"end":{"line":67,"column":5}},"3":{"start":{"line":66,"column":6},"end":{"line":66,"column":59}},"4":{"start":{"line":68,"column":4},"end":{"line":68,"column":38}},"5":{"start":{"line":72,"column":26},"end":{"line":72,"column":57}}},"fnMap":{"0":{"name":"(anonymous_0)","decl":{"start":{"line":15,"column":2},"end":{"line":15,"column":null}},"loc":{"start":{"line":15,"column":2},"end":{"line":62,"column":3}}},"1":{"name":"(anonymous_1)","decl":{"start":{"line":64,"column":9},"end":{"line":64,"column":15}},"loc":{"start":{"line":64,"column":27},"end":{"line":69,"column":3}}}},"branchMap":{"0":{"loc":{"start":{"line":65,"column":4},"end":{"line":67,"column":5}},"type":"if","locations":[{"start":{"line":65,"column":4},"end":{"line":67,"column":5}}]}},"s":{"0":0,"1":0,"2":0,"3":0,"4":0,"5":0},"f":{"0":0,"1":0},"b":{"0":[0]}}
,"C:\\kitting\\ITManagementSystem\\03_実装\\it-ops-system\\backend\\src\\middleware\\session.ts": {"path":"C:\\kitting\\ITManagementSystem\\03_実装\\it-ops-system\\backend\\src\\middleware\\session.ts","statementMap":{"0":{"start":{"line":8,"column":15},"end":{"line":8,"column":43}},"1":{"start":{"line":9,"column":26},"end":{"line":9,"column":57}},"2":{"start":{"line":12,"column":2},"end":{"line":66,"column":3}},"3":{"start":{"line":13,"column":23},"end":{"line":13,"column":48}},"4":{"start":{"line":14,"column":4},"end":{"line":16,"column":5}},"5":{"start":{"line":15,"column":6},"end":{"line":15,"column":75}},"6":{"start":{"line":18,"column":18},"end":{"line":18,"column":42}},"7":{"start":{"line":19,"column":4},"end":{"line":21,"column":5}},"8":{"start":{"line":20,"column":6},"end":{"line":20,"column":75}},"9":{"start":{"line":24,"column":4},"end":{"line":28,"column":5}},"10":{"start":{"line":25,"column":6},"end":{"line":25,"column":37}},"11":{"start":{"line":27,"column":6},"end":{"line":27,"column":72}},"12":{"start":{"line":30,"column":4},"end":{"line":32,"column":5}},"13":{"start":{"line":31,"column":6},"end":{"line":31,"column":72}},"14":{"start":{"line":35,"column":21},"end":{"line":35,"column":72}},"15":{"start":{"line":36,"column":4},"end":{"line":38,"column":5}},"16":{"start":{"line":37,"column":6},"end":{"line":37,"column":74}},"17":{"start":{"line":41,"column":5},"end":{"line":46,"column":6}},"18":{"start":{"line":49,"column":20},"end":{"line":49,"column":82}},"19":{"start":{"line":50,"column":4},"end":{"line":52,"column":5}},"20":{"start":{"line":51,"column":6},"end":{"line":51,"column":85}},"21":{"start":{"line":54,"column":4},"end":{"line":54,"column":11}},"22":{"start":{"line":56,"column":24},"end":{"line":56,"column":55}},"23":{"start":{"line":57,"column":4},"end":{"line":60,"column":7}},"24":{"start":{"line":62,"column":4},"end":{"line":65,"column":7}}},"fnMap":{"0":{"name":"verifyToken","decl":{"start":{"line":11,"column":22},"end":{"line":11,"column":33}},"loc":{"start":{"line":11,"column":81},"end":{"line":67,"column":1}}}},"branchMap":{"0":{"loc":{"start":{"line":14,"column":4},"end":{"line":16,"column":5}},"type":"if","locations":[{"start":{"line":14,"column":4},"end":{"line":16,"column":5}}]},"1":{"loc":{"start":{"line":19,"column":4},"end":{"line":21,"column":5}},"type":"if","locations":[{"start":{"line":19,"column":4},"end":{"line":21,"column":5}}]},"2":{"loc":{"start":{"line":30,"column":4},"end":{"line":32,"column":5}},"type":"if","locations":[{"start":{"line":30,"column":4},"end":{"line":32,"column":5}}]},"3":{"loc":{"start":{"line":30,"column":8},"end":{"line":30,"column":41}},"type":"binary-expr","locations":[{"start":{"line":30,"column":8},"end":{"line":30,"column":22}},{"start":{"line":30,"column":26},"end":{"line":30,"column":41}}]},"4":{"loc":{"start":{"line":36,"column":4},"end":{"line":38,"column":5}},"type":"if","locations":[{"start":{"line":36,"column":4},"end":{"line":38,"column":5}}]},"5":{"loc":{"start":{"line":50,"column":4},"end":{"line":52,"column":5}},"type":"if","locations":[{"start":{"line":50,"column":4},"end":{"line":52,"column":5}}]},"6":{"loc":{"start":{"line":56,"column":24},"end":{"line":56,"column":55}},"type":"binary-expr","locations":[{"start":{"line":56,"column":24},"end":{"line":56,"column":48}},{"start":{"line":56,"column":52},"end":{"line":56,"column":55}}]}},"s":{"0":0,"1":0,"2":0,"3":0,"4":0,"5":0,"6":0,"7":0,"8":0,"9":0,"10":0,"11":0,"12":0,"13":0,"14":0,"15":0,"16":0,"17":0,"18":0,"19":0,"20":0,"21":0,"22":0,"23":0,"24":0},"f":{"0":0},"b":{"0":[0],"1":[0],"2":[0],"3":[0,0],"4":[0],"5":[0],"6":[0,0]}}
,"C:\\kitting\\ITManagementSystem\\03_実装\\it-ops-system\\backend\\src\\routes\\metrics.ts": {"path":"C:\\kitting\\ITManagementSystem\\03_実装\\it-ops-system\\backend\\src\\routes\\metrics.ts","statementMap":{"0":{"start":{"line":8,"column":15},"end":{"line":8,"column":31}},"1":{"start":{"line":9,"column":22},"end":{"line":9,"column":49}},"2":{"start":{"line":10,"column":21},"end":{"line":10,"column":47}},"3":{"start":{"line":11,"column":15},"end":{"line":11,"column":43}},"4":{"start":{"line":14,"column":0},"end":{"line":111,"column":3}},"5":{"start":{"line":15,"column":2},"end":{"line":110,"column":3}},"6":{"start":{"line":16,"column":27},"end":{"line":21,"column":6}},"7":{"start":{"line":23,"column":16},"end":{"line":23,"column":89}},"8":{"start":{"line":24,"column":19},"end":{"line":24,"column":92}},"9":{"start":{"line":25,"column":20},"end":{"line":25,"column":93}},"10":{"start":{"line":26,"column":24},"end":{"line":26,"column":98}},"11":{"start":{"line":28,"column":4},"end":{"line":38,"column":5}},"12":{"start":{"line":29,"column":6},"end":{"line":37,"column":9}},"13":{"start":{"line":41,"column":19},"end":{"line":41,"column":24}},"14":{"start":{"line":42,"column":21},"end":{"line":42,"column":22}},"15":{"start":{"line":43,"column":26},"end":{"line":43,"column":27}},"16":{"start":{"line":44,"column":4},"end":{"line":53,"column":5}},"17":{"start":{"line":45,"column":6},"end":{"line":45,"column":51}},"18":{"start":{"line":46,"column":6},"end":{"line":46,"column":56}},"19":{"start":{"line":47,"column":6},"end":{"line":47,"column":65}},"20":{"start":{"line":49,"column":6},"end":{"line":52,"column":9}},"21":{"start":{"line":55,"column":23},"end":{"line":60,"column":6}},"22":{"start":{"line":62,"column":4},"end":{"line":71,"column":5}},"23":{"start":{"line":63,"column":6},"end":{"line":65,"column":7}},"24":{"start":{"line":64,"column":8},"end":{"line":64,"column":55}},"25":{"start":{"line":67,"column":6},"end":{"line":70,"column":9}},"26":{"start":{"line":73,"column":26},"end":{"line":88,"column":6}},"27":{"start":{"line":90,"column":4},"end":{"line":98,"column":7}},"28":{"start":{"line":100,"column":4},"end":{"line":100,"column":28}},"29":{"start":{"line":102,"column":4},"end":{"line":105,"column":7}},"30":{"start":{"line":106,"column":4},"end":{"line":109,"column":7}}},"fnMap":{"0":{"name":"(anonymous_0)","decl":{"start":{"line":14,"column":35},"end":{"line":14,"column":40}},"loc":{"start":{"line":14,"column":54},"end":{"line":111,"column":1}}}},"branchMap":{"0":{"loc":{"start":{"line":23,"column":16},"end":{"line":23,"column":89}},"type":"cond-expr","locations":[{"start":{"line":23,"column":59},"end":{"line":23,"column":82}},{"start":{"line":23,"column":85},"end":{"line":23,"column":89}}]},"1":{"loc":{"start":{"line":24,"column":19},"end":{"line":24,"column":92}},"type":"cond-expr","locations":[{"start":{"line":24,"column":62},"end":{"line":24,"column":85}},{"start":{"line":24,"column":88},"end":{"line":24,"column":92}}]},"2":{"loc":{"start":{"line":25,"column":20},"end":{"line":25,"column":93}},"type":"cond-expr","locations":[{"start":{"line":25,"column":63},"end":{"line":25,"column":86}},{"start":{"line":25,"column":89},"end":{"line":25,"column":93}}]},"3":{"loc":{"start":{"line":26,"column":24},"end":{"line":26,"column":98}},"type":"cond-expr","locations":[{"start":{"line":26,"column":67},"end":{"line":26,"column":90}},{"start":{"line":26,"column":93},"end":{"line":26,"column":98}}]},"4":{"loc":{"start":{"line":28,"column":4},"end":{"line":38,"column":5}},"type":"if","locations":[{"start":{"line":28,"column":4},"end":{"line":38,"column":5}}]},"5":{"loc":{"start":{"line":28,"column":8},"end":{"line":28,"column":35}},"type":"binary-expr","locations":[{"start":{"line":28,"column":8},"end":{"line":28,"column":12}},{"start":{"line":28,"column":16},"end":{"line":28,"column":23}},{"start":{"line":28,"column":27},"end":{"line":28,"column":35}}]},"6":{"loc":{"start":{"line":63,"column":6},"end":{"line":65,"column":7}},"type":"if","locations":[{"start":{"line":63,"column":6},"end":{"line":65,"column":7}}]},"7":{"loc":{"start":{"line":76,"column":13},"end":{"line":76,"column":58}},"type":"binary-expr","locations":[{"start":{"line":76,"column":13},"end":{"line":76,"column":16}},{"start":{"line":76,"column":20},"end":{"line":76,"column":58}}]},"8":{"loc":{"start":{"line":77,"column":16},"end":{"line":77,"column":67}},"type":"binary-expr","locations":[{"start":{"line":77,"column":16},"end":{"line":77,"column":22}},{"start":{"line":77,"column":26},"end":{"line":77,"column":67}}]},"9":{"loc":{"start":{"line":78,"column":17},"end":{"line":78,"column":70}},"type":"binary-expr","locations":[{"start":{"line":78,"column":17},"end":{"line":78,"column":24}},{"start":{"line":78,"column":28},"end":{"line":78,"column":70}}]},"10":{"loc":{"start":{"line":81,"column":28},"end":{"line":81,"column":44}},"type":"cond-expr","locations":[{"start":{"line":81,"column":39},"end":{"line":81,"column":40}},{"start":{"line":81,"column":43},"end":{"line":81,"column":44}}]},"11":{"loc":{"start":{"line":91,"column":14},"end":{"line":91,"column":38}},"type":"binary-expr","locations":[{"start":{"line":91,"column":14},"end":{"line":91,"column":26}},{"start":{"line":91,"column":30},"end":{"line":91,"column":38}}]},"12":{"loc":{"start":{"line":95,"column":10},"end":{"line":95,"column":22}},"type":"binary-expr","locations":[{"start":{"line":95,"column":10},"end":{"line":95,"column":16}},{"start":{"line":95,"column":20},"end":{"line":95,"column":22}}]},"13":{"loc":{"start":{"line":96,"column":17},"end":{"line":96,"column":44}},"type":"binary-expr","locations":[{"start":{"line":96,"column":17},"end":{"line":96,"column":38}},{"start":{"line":96,"column":42},"end":{"line":96,"column":44}}]}},"s":{"0":0,"1":0,"2":0,"3":0,"4":0,"5":0,"6":0,"7":0,"8":0,"9":0,"10":0,"11":0,"12":0,"13":0,"14":0,"15":0,"16":0,"17":0,"18":0,"19":0,"20":0,"21":0,"22":0,"23":0,"24":0,"25":0,"26":0,"27":0,"28":0,"29":0,"30":0},"f":{"0":0},"b":{"0":[0,0],"1":[0,0],"2":[0,0],"3":[0,0],"4":[0],"5":[0,0,0],"6":[0],"7":[0,0],"8":[0,0],"9":[0,0],"10":[0,0],"11":[0,0],"12":[0,0],"13":[0,0]}}
,"C:\\kitting\\ITManagementSystem\\03_実装\\it-ops-system\\backend\\src\\services\\loggingService.ts": {"path":"C:\\kitting\\ITManagementSystem\\03_実装\\it-ops-system\\backend\\src\\services\\loggingService.ts","statementMap":{"0":{"start":{"line":10,"column":4},"end":{"line":10,"column":28}},"1":{"start":{"line":14,"column":22},"end":{"line":17,"column":null}},"2":{"start":{"line":20,"column":4},"end":{"line":56,"column":7}},"3":{"start":{"line":60,"column":4},"end":{"line":62,"column":5}},"4":{"start":{"line":61,"column":6},"end":{"line":61,"column":53}},"5":{"start":{"line":63,"column":4},"end":{"line":63,"column":35}},"6":{"start":{"line":75,"column":4},"end":{"line":79,"column":7}},"7":{"start":{"line":88,"column":4},"end":{"line":92,"column":7}},"8":{"start":{"line":96,"column":4},"end":{"line":105,"column":7}},"9":{"start":{"line":114,"column":4},"end":{"line":118,"column":7}},"10":{"start":{"line":122,"column":4},"end":{"line":125,"column":7}},"11":{"start":{"line":140,"column":4},"end":{"line":140,"column":14}}},"fnMap":{"0":{"name":"(anonymous_0)","decl":{"start":{"line":9,"column":2},"end":{"line":9,"column":null}},"loc":{"start":{"line":9,"column":2},"end":{"line":11,"column":3}}},"1":{"name":"(anonymous_1)","decl":{"start":{"line":13,"column":10},"end":{"line":13,"column":26}},"loc":{"start":{"line":13,"column":26},"end":{"line":57,"column":3}}},"2":{"name":"(anonymous_2)","decl":{"start":{"line":59,"column":9},"end":{"line":59,"column":15}},"loc":{"start":{"line":59,"column":27},"end":{"line":64,"column":3}}},"3":{"name":"(anonymous_3)","decl":{"start":{"line":66,"column":9},"end":{"line":66,"column":18}},"loc":{"start":{"line":74,"column":3},"end":{"line":80,"column":3}}},"4":{"name":"(anonymous_4)","decl":{"start":{"line":82,"column":9},"end":{"line":82,"column":20}},"loc":{"start":{"line":87,"column":3},"end":{"line":93,"column":3}}},"5":{"name":"(anonymous_5)","decl":{"start":{"line":95,"column":9},"end":{"line":95,"column":17}},"loc":{"start":{"line":95,"column":45},"end":{"line":106,"column":3}}},"6":{"name":"(anonymous_6)","decl":{"start":{"line":108,"column":9},"end":{"line":108,"column":18}},"loc":{"start":{"line":113,"column":3},"end":{"line":119,"column":3}}},"7":{"name":"(anonymous_7)","decl":{"start":{"line":121,"column":9},"end":{"line":121,"column":16}},"loc":{"start":{"line":121,"column":48},"end":{"line":126,"column":3}}},"8":{"name":"(anonymous_8)","decl":{"start":{"line":128,"column":9},"end":{"line":128,"column":14}},"loc":{"start":{"line":137,"column":5},"end":{"line":141,"column":3}}}},"branchMap":{"0":{"loc":{"start":{"line":53,"column":17},"end":{"line":53,"column":74}},"type":"cond-expr","locations":[{"start":{"line":53,"column":58},"end":{"line":53,"column":65}},{"start":{"line":53,"column":68},"end":{"line":53,"column":74}}]},"1":{"loc":{"start":{"line":60,"column":4},"end":{"line":62,"column":5}},"type":"if","locations":[{"start":{"line":60,"column":4},"end":{"line":62,"column":5}}]}},"s":{"0":0,"1":0,"2":0,"3":0,"4":0,"5":0,"6":0,"7":0,"8":0,"9":0,"10":0,"11":0},"f":{"0":0,"1":0,"2":0,"3":0,"4":0,"5":0,"6":0,"7":0,"8":0},"b":{"0":[0,0],"1":[0]}}
,"C:\\kitting\\ITManagementSystem\\03_実装\\it-ops-system\\backend\\src\\services\\monitoringService.ts": {"path":"C:\\kitting\\ITManagementSystem\\03_実装\\it-ops-system\\backend\\src\\services\\monitoringService.ts","statementMap":{"0":{"start":{"line":8,"column":18},"end":{"line":8,"column":33}},"1":{"start":{"line":9,"column":15},"end":{"line":9,"column":43}},"2":{"start":{"line":15,"column":51},"end":{"line":15,"column":55}},"3":{"start":{"line":19,"column":42},"end":{"line":19,"column":44}},"4":{"start":{"line":20,"column":45},"end":{"line":20,"column":47}},"5":{"start":{"line":21,"column":43},"end":{"line":21,"column":45}},"6":{"start":{"line":24,"column":4},"end":{"line":24,"column":91}},"7":{"start":{"line":28,"column":4},"end":{"line":30,"column":5}},"8":{"start":{"line":29,"column":6},"end":{"line":29,"column":59}},"9":{"start":{"line":31,"column":4},"end":{"line":31,"column":38}},"10":{"start":{"line":35,"column":4},"end":{"line":37,"column":5}},"11":{"start":{"line":36,"column":6},"end":{"line":36,"column":13}},"12":{"start":{"line":39,"column":4},"end":{"line":46,"column":32}},"13":{"start":{"line":40,"column":6},"end":{"line":45,"column":7}},"14":{"start":{"line":41,"column":24},"end":{"line":41,"column":57}},"15":{"start":{"line":42,"column":8},"end":{"line":42,"column":37}},"16":{"start":{"line":44,"column":8},"end":{"line":44,"column":74}},"17":{"start":{"line":50,"column":4},"end":{"line":53,"column":5}},"18":{"start":{"line":51,"column":6},"end":{"line":51,"column":42}},"19":{"start":{"line":52,"column":6},"end":{"line":52,"column":34}},"20":{"start":{"line":57,"column":21},"end":{"line":57,"column":36}},"21":{"start":{"line":58,"column":24},"end":{"line":58,"column":37}},"22":{"start":{"line":59,"column":23},"end":{"line":59,"column":35}},"23":{"start":{"line":60,"column":23},"end":{"line":60,"column":47}},"24":{"start":{"line":63,"column":33},"end":{"line":63,"column":95}},"25":{"start":{"line":64,"column":24},"end":{"line":64,"column":52}},"26":{"start":{"line":67,"column":25},"end":{"line":67,"column":53}},"27":{"start":{"line":69,"column":35},"end":{"line":90,"column":6}},"28":{"start":{"line":92,"column":4},"end":{"line":92,"column":19}},"29":{"start":{"line":96,"column":4},"end":{"line":104,"column":5}},"30":{"start":{"line":98,"column":25},"end":{"line":98,"column":131}},"31":{"start":{"line":99,"column":19},"end":{"line":99,"column":50}},"32":{"start":{"line":100,"column":6},"end":{"line":100,"column":29}},"33":{"start":{"line":102,"column":6},"end":{"line":102,"column":69}},"34":{"start":{"line":103,"column":6},"end":{"line":103,"column":15}},"35":{"start":{"line":108,"column":18},"end":{"line":108,"column":66}},"36":{"start":{"line":108,"column":54},"end":{"line":108,"column":65}},"37":{"start":{"line":109,"column":16},"end":{"line":109,"column":17}},"38":{"start":{"line":110,"column":15},"end":{"line":110,"column":16}},"39":{"start":{"line":113,"column":4},"end":{"line":119,"column":5}},"40":{"start":{"line":113,"column":17},"end":{"line":113,"column":18}},"41":{"start":{"line":114,"column":34},"end":{"line":114,"column":62}},"42":{"start":{"line":115,"column":6},"end":{"line":118,"column":7}},"43":{"start":{"line":116,"column":8},"end":{"line":116,"column":32}},"44":{"start":{"line":117,"column":8},"end":{"line":117,"column":36}},"45":{"start":{"line":121,"column":4},"end":{"line":125,"column":6}},"46":{"start":{"line":129,"column":4},"end":{"line":143,"column":5}},"47":{"start":{"line":131,"column":25},"end":{"line":131,"column":54}},"48":{"start":{"line":132,"column":20},"end":{"line":132,"column":38}},"49":{"start":{"line":133,"column":6},"end":{"line":140,"column":7}},"50":{"start":{"line":134,"column":22},"end":{"line":134,"column":50}},"51":{"start":{"line":135,"column":8},"end":{"line":139,"column":10}},"52":{"start":{"line":142,"column":6},"end":{"line":142,"column":67}},"53":{"start":{"line":145,"column":4},"end":{"line":149,"column":6}},"54":{"start":{"line":153,"column":4},"end":{"line":159,"column":5}},"55":{"start":{"line":154,"column":25},"end":{"line":154,"column":78}},"56":{"start":{"line":155,"column":6},"end":{"line":155,"column":37}},"57":{"start":{"line":157,"column":6},"end":{"line":157,"column":72}},"58":{"start":{"line":158,"column":6},"end":{"line":158,"column":15}},"59":{"start":{"line":164,"column":4},"end":{"line":168,"column":7}},"60":{"start":{"line":170,"column":4},"end":{"line":174,"column":7}},"61":{"start":{"line":176,"column":4},"end":{"line":180,"column":7}},"62":{"start":{"line":183,"column":4},"end":{"line":183,"column":30}},"63":{"start":{"line":194,"column":40},"end":{"line":194,"column":86}},"64":{"start":{"line":196,"column":25},"end":{"line":208,"column":6}},"65":{"start":{"line":210,"column":4},"end":{"line":218,"column":7}},"66":{"start":{"line":220,"column":4},"end":{"line":220,"column":60}},"67":{"start":{"line":225,"column":4},"end":{"line":233,"column":5}},"68":{"start":{"line":226,"column":6},"end":{"line":232,"column":8}},"69":{"start":{"line":236,"column":24},"end":{"line":236,"column":74}},"70":{"start":{"line":237,"column":4},"end":{"line":245,"column":5}},"71":{"start":{"line":238,"column":6},"end":{"line":244,"column":8}},"72":{"start":{"line":248,"column":22},"end":{"line":248,"column":68}},"73":{"start":{"line":249,"column":4},"end":{"line":257,"column":5}},"74":{"start":{"line":250,"column":6},"end":{"line":256,"column":8}}},"fnMap":{"0":{"name":"(anonymous_0)","decl":{"start":{"line":23,"column":2},"end":{"line":23,"column":null}},"loc":{"start":{"line":23,"column":2},"end":{"line":25,"column":3}}},"1":{"name":"(anonymous_1)","decl":{"start":{"line":27,"column":9},"end":{"line":27,"column":15}},"loc":{"start":{"line":27,"column":27},"end":{"line":32,"column":3}}},"2":{"name":"(anonymous_2)","decl":{"start":{"line":34,"column":9},"end":{"line":34,"column":31}},"loc":{"start":{"line":34,"column":31},"end":{"line":47,"column":3}}},"3":{"name":"(anonymous_3)","decl":{"start":{"line":39,"column":39},"end":{"line":39,"column":44}},"loc":{"start":{"line":39,"column":50},"end":{"line":46,"column":5}}},"4":{"name":"(anonymous_4)","decl":{"start":{"line":49,"column":9},"end":{"line":49,"column":30}},"loc":{"start":{"line":49,"column":30},"end":{"line":54,"column":3}}},"5":{"name":"(anonymous_5)","decl":{"start":{"line":56,"column":10},"end":{"line":56,"column":15}},"loc":{"start":{"line":56,"column":36},"end":{"line":93,"column":3}}},"6":{"name":"(anonymous_6)","decl":{"start":{"line":95,"column":10},"end":{"line":95,"column":15}},"loc":{"start":{"line":95,"column":33},"end":{"line":105,"column":3}}},"7":{"name":"(anonymous_7)","decl":{"start":{"line":107,"column":10},"end":{"line":107,"column":23}},"loc":{"start":{"line":107,"column":40},"end":{"line":126,"column":3}}},"8":{"name":"(anonymous_8)","decl":{"start":{"line":108,"column":46},"end":{"line":108,"column":50}},"loc":{"start":{"line":108,"column":54},"end":{"line":108,"column":65}}},"9":{"name":"(anonymous_9)","decl":{"start":{"line":128,"column":10},"end":{"line":128,"column":15}},"loc":{"start":{"line":128,"column":31},"end":{"line":150,"column":3}}},"10":{"name":"(anonymous_10)","decl":{"start":{"line":152,"column":10},"end":{"line":152,"column":15}},"loc":{"start":{"line":152,"column":36},"end":{"line":160,"column":3}}},"11":{"name":"(anonymous_11)","decl":{"start":{"line":162,"column":10},"end":{"line":162,"column":24}},"loc":{"start":{"line":162,"column":47},"end":{"line":184,"column":3}}},"12":{"name":"(anonymous_12)","decl":{"start":{"line":187,"column":10},"end":{"line":187,"column":28}},"loc":{"start":{"line":192,"column":21},"end":{"line":221,"column":3}}},"13":{"name":"(anonymous_13)","decl":{"start":{"line":223,"column":10},"end":{"line":223,"column":21}},"loc":{"start":{"line":223,"column":44},"end":{"line":258,"column":3}}}},"branchMap":{"0":{"loc":{"start":{"line":24,"column":39},"end":{"line":24,"column":89}},"type":"binary-expr","locations":[{"start":{"line":24,"column":39},"end":{"line":24,"column":78}},{"start":{"line":24,"column":82},"end":{"line":24,"column":89}}]},"1":{"loc":{"start":{"line":28,"column":4},"end":{"line":30,"column":5}},"type":"if","locations":[{"start":{"line":28,"column":4},"end":{"line":30,"column":5}}]},"2":{"loc":{"start":{"line":35,"column":4},"end":{"line":37,"column":5}},"type":"if","locations":[{"start":{"line":35,"column":4},"end":{"line":37,"column":5}}]},"3":{"loc":{"start":{"line":50,"column":4},"end":{"line":53,"column":5}},"type":"if","locations":[{"start":{"line":50,"column":4},"end":{"line":53,"column":5}}]},"4":{"loc":{"start":{"line":115,"column":6},"end":{"line":118,"column":7}},"type":"if","locations":[{"start":{"line":115,"column":6},"end":{"line":118,"column":7}}]},"5":{"loc":{"start":{"line":115,"column":10},"end":{"line":115,"column":27}},"type":"binary-expr","locations":[{"start":{"line":115,"column":10},"end":{"line":115,"column":14}},{"start":{"line":115,"column":18},"end":{"line":115,"column":27}}]},"6":{"loc":{"start":{"line":133,"column":6},"end":{"line":140,"column":7}},"type":"if","locations":[{"start":{"line":133,"column":6},"end":{"line":140,"column":7}}]},"7":{"loc":{"start":{"line":194,"column":40},"end":{"line":194,"column":86}},"type":"cond-expr","locations":[{"start":{"line":194,"column":67},"end":{"line":194,"column":77}},{"start":{"line":194,"column":80},"end":{"line":194,"column":86}}]},"8":{"loc":{"start":{"line":225,"column":4},"end":{"line":233,"column":5}},"type":"if","locations":[{"start":{"line":225,"column":4},"end":{"line":233,"column":5}}]},"9":{"loc":{"start":{"line":237,"column":4},"end":{"line":245,"column":5}},"type":"if","locations":[{"start":{"line":237,"column":4},"end":{"line":245,"column":5}}]},"10":{"loc":{"start":{"line":249,"column":4},"end":{"line":257,"column":5}},"type":"if","locations":[{"start":{"line":249,"column":4},"end":{"line":257,"column":5}}]}},"s":{"0":0,"1":0,"2":0,"3":0,"4":0,"5":0,"6":0,"7":0,"8":0,"9":0,"10":0,"11":0,"12":0,"13":0,"14":0,"15":0,"16":0,"17":0,"18":0,"19":0,"20":0,"21":0,"22":0,"23":0,"24":0,"25":0,"26":0,"27":0,"28":0,"29":0,"30":0,"31":0,"32":0,"33":0,"34":0,"35":0,"36":0,"37":0,"38":0,"39":0,"40":0,"41":0,"42":0,"43":0,"44":0,"45":0,"46":0,"47":0,"48":0,"49":0,"50":0,"51":0,"52":0,"53":0,"54":0,"55":0,"56":0,"57":0,"58":0,"59":0,"60":0,"61":0,"62":0,"63":0,"64":0,"65":0,"66":0,"67":0,"68":0,"69":0,"70":0,"71":0,"72":0,"73":0,"74":0},"f":{"0":0,"1":0,"2":0,"3":0,"4":0,"5":0,"6":0,"7":0,"8":0,"9":0,"10":0,"11":0,"12":0,"13":0},"b":{"0":[0,0],"1":[0],"2":[0],"3":[0],"4":[0],"5":[0,0],"6":[0],"7":[0,0],"8":[0],"9":[0],"10":[0]}}
,"C:\\kitting\\ITManagementSystem\\03_実装\\it-ops-system\\backend\\src\\services\\permissionCache.ts": {"path":"C:\\kitting\\ITManagementSystem\\03_実装\\it-ops-system\\backend\\src\\services\\permissionCache.ts","statementMap":{"0":{"start":{"line":4,"column":15},"end":{"line":4,"column":43}},"1":{"start":{"line":5,"column":16},"end":{"line":16,"column":2}},"2":{"start":{"line":8,"column":6},"end":{"line":13,"column":9}},"3":{"start":{"line":26,"column":42},"end":{"line":29,"column":4}},"4":{"start":{"line":32,"column":4},"end":{"line":32,"column":46}},"5":{"start":{"line":33,"column":4},"end":{"line":38,"column":7}},"6":{"start":{"line":34,"column":6},"end":{"line":37,"column":9}},"7":{"start":{"line":39,"column":4},"end":{"line":39,"column":32}},"8":{"start":{"line":43,"column":4},"end":{"line":63,"column":7}},"9":{"start":{"line":44,"column":6},"end":{"line":62,"column":9}},"10":{"start":{"line":53,"column":8},"end":{"line":61,"column":9}},"11":{"start":{"line":54,"column":10},"end":{"line":57,"column":13}},"12":{"start":{"line":58,"column":10},"end":{"line":58,"column":22}},"13":{"start":{"line":60,"column":10},"end":{"line":60,"column":20}},"14":{"start":{"line":67,"column":4},"end":{"line":69,"column":5}},"15":{"start":{"line":68,"column":6},"end":{"line":68,"column":55}},"16":{"start":{"line":70,"column":4},"end":{"line":70,"column":36}},"17":{"start":{"line":74,"column":4},"end":{"line":83,"column":14}},"18":{"start":{"line":75,"column":6},"end":{"line":82,"column":7}},"19":{"start":{"line":76,"column":8},"end":{"line":76,"column":43}},"20":{"start":{"line":78,"column":8},"end":{"line":81,"column":11}},"21":{"start":{"line":87,"column":4},"end":{"line":104,"column":7}},"22":{"start":{"line":88,"column":18},"end":{"line":88,"column":28}},"23":{"start":{"line":89,"column":6},"end":{"line":103,"column":8}},"24":{"start":{"line":93,"column":10},"end":{"line":101,"column":11}},"25":{"start":{"line":94,"column":12},"end":{"line":97,"column":15}},"26":{"start":{"line":98,"column":12},"end":{"line":98,"column":24}},"27":{"start":{"line":100,"column":12},"end":{"line":100,"column":22}},"28":{"start":{"line":108,"column":4},"end":{"line":132,"column":7}},"29":{"start":{"line":109,"column":18},"end":{"line":109,"column":28}},"30":{"start":{"line":110,"column":6},"end":{"line":131,"column":8}},"31":{"start":{"line":114,"column":10},"end":{"line":122,"column":11}},"32":{"start":{"line":115,"column":12},"end":{"line":119,"column":15}},"33":{"start":{"line":120,"column":12},"end":{"line":120,"column":26}},"34":{"start":{"line":121,"column":12},"end":{"line":121,"column":19}},"35":{"start":{"line":124,"column":10},"end":{"line":127,"column":13}},"36":{"start":{"line":129,"column":10},"end":{"line":129,"column":38}},"37":{"start":{"line":136,"column":4},"end":{"line":179,"column":7}},"38":{"start":{"line":137,"column":24},"end":{"line":137,"column":47}},"39":{"start":{"line":139,"column":6},"end":{"line":178,"column":8}},"40":{"start":{"line":142,"column":10},"end":{"line":150,"column":11}},"41":{"start":{"line":143,"column":12},"end":{"line":147,"column":15}},"42":{"start":{"line":148,"column":12},"end":{"line":148,"column":24}},"43":{"start":{"line":149,"column":12},"end":{"line":149,"column":19}},"44":{"start":{"line":152,"column":10},"end":{"line":176,"column":11}},"45":{"start":{"line":153,"column":12},"end":{"line":155,"column":13}},"46":{"start":{"line":154,"column":14},"end":{"line":154,"column":43}},"47":{"start":{"line":157,"column":12},"end":{"line":173,"column":14}},"48":{"start":{"line":162,"column":16},"end":{"line":171,"column":17}},"49":{"start":{"line":163,"column":18},"end":{"line":167,"column":21}},"50":{"start":{"line":168,"column":18},"end":{"line":168,"column":30}},"51":{"start":{"line":170,"column":18},"end":{"line":170,"column":28}},"52":{"start":{"line":175,"column":12},"end":{"line":175,"column":26}},"53":{"start":{"line":183,"column":4},"end":{"line":205,"column":7}},"54":{"start":{"line":184,"column":26},"end":{"line":184,"column":63}},"55":{"start":{"line":185,"column":6},"end":{"line":204,"column":8}},"56":{"start":{"line":194,"column":10},"end":{"line":202,"column":11}},"57":{"start":{"line":195,"column":12},"end":{"line":198,"column":15}},"58":{"start":{"line":199,"column":12},"end":{"line":199,"column":24}},"59":{"start":{"line":201,"column":12},"end":{"line":201,"column":22}},"60":{"start":{"line":209,"column":4},"end":{"line":226,"column":7}},"61":{"start":{"line":210,"column":6},"end":{"line":225,"column":8}},"62":{"start":{"line":214,"column":10},"end":{"line":223,"column":11}},"63":{"start":{"line":215,"column":12},"end":{"line":219,"column":15}},"64":{"start":{"line":220,"column":12},"end":{"line":220,"column":24}},"65":{"start":{"line":222,"column":12},"end":{"line":222,"column":22}},"66":{"start":{"line":230,"column":4},"end":{"line":242,"column":7}},"67":{"start":{"line":231,"column":6},"end":{"line":241,"column":9}},"68":{"start":{"line":232,"column":8},"end":{"line":240,"column":9}},"69":{"start":{"line":233,"column":10},"end":{"line":236,"column":13}},"70":{"start":{"line":237,"column":10},"end":{"line":237,"column":22}},"71":{"start":{"line":239,"column":10},"end":{"line":239,"column":20}}},"fnMap":{"0":{"name":"(anonymous_0)","decl":{"start":{"line":7,"column":9},"end":{"line":7,"column":10}},"loc":{"start":{"line":7,"column":53},"end":{"line":14,"column":5}}},"1":{"name":"(anonymous_1)","decl":{"start":{"line":31,"column":2},"end":{"line":31,"column":null}},"loc":{"start":{"line":31,"column":2},"end":{"line":40,"column":3}}},"2":{"name":"(anonymous_2)","decl":{"start":{"line":33,"column":36},"end":{"line":33,"column":41}},"loc":{"start":{"line":33,"column":44},"end":{"line":38,"column":5}}},"3":{"name":"(anonymous_3)","decl":{"start":{"line":42,"column":10},"end":{"line":42,"column":15}},"loc":{"start":{"line":42,"column":34},"end":{"line":64,"column":3}}},"4":{"name":"(anonymous_4)","decl":{"start":{"line":43,"column":29},"end":{"line":43,"column":30}},"loc":{"start":{"line":43,"column":49},"end":{"line":63,"column":5}}},"5":{"name":"(anonymous_5)","decl":{"start":{"line":52,"column":9},"end":{"line":52,"column":10}},"loc":{"start":{"line":52,"column":17},"end":{"line":62,"column":7}}},"6":{"name":"(anonymous_6)","decl":{"start":{"line":66,"column":9},"end":{"line":66,"column":15}},"loc":{"start":{"line":66,"column":27},"end":{"line":71,"column":3}}},"7":{"name":"(anonymous_7)","decl":{"start":{"line":73,"column":10},"end":{"line":73,"column":30}},"loc":{"start":{"line":73,"column":30},"end":{"line":84,"column":3}}},"8":{"name":"(anonymous_8)","decl":{"start":{"line":74,"column":16},"end":{"line":74,"column":21}},"loc":{"start":{"line":74,"column":27},"end":{"line":83,"column":5}}},"9":{"name":"(anonymous_9)","decl":{"start":{"line":86,"column":10},"end":{"line":86,"column":15}},"loc":{"start":{"line":86,"column":37},"end":{"line":105,"column":3}}},"10":{"name":"(anonymous_10)","decl":{"start":{"line":87,"column":29},"end":{"line":87,"column":30}},"loc":{"start":{"line":87,"column":49},"end":{"line":104,"column":5}}},"11":{"name":"(anonymous_11)","decl":{"start":{"line":92,"column":8},"end":{"line":92,"column":9}},"loc":{"start":{"line":92,"column":16},"end":{"line":102,"column":9}}},"12":{"name":"(anonymous_12)","decl":{"start":{"line":107,"column":9},"end":{"line":107,"column":14}},"loc":{"start":{"line":107,"column":30},"end":{"line":133,"column":3}}},"13":{"name":"(anonymous_13)","decl":{"start":{"line":108,"column":38},"end":{"line":108,"column":39}},"loc":{"start":{"line":108,"column":50},"end":{"line":132,"column":5}}},"14":{"name":"(anonymous_14)","decl":{"start":{"line":113,"column":8},"end":{"line":113,"column":9}},"loc":{"start":{"line":113,"column":52},"end":{"line":130,"column":9}}},"15":{"name":"(anonymous_15)","decl":{"start":{"line":135,"column":9},"end":{"line":135,"column":14}},"loc":{"start":{"line":135,"column":83},"end":{"line":180,"column":3}}},"16":{"name":"(anonymous_16)","decl":{"start":{"line":136,"column":29},"end":{"line":136,"column":30}},"loc":{"start":{"line":136,"column":49},"end":{"line":179,"column":5}}},"17":{"name":"(anonymous_17)","decl":{"start":{"line":141,"column":8},"end":{"line":141,"column":13}},"loc":{"start":{"line":141,"column":49},"end":{"line":177,"column":9}}},"18":{"name":"(anonymous_18)","decl":{"start":{"line":161,"column":14},"end":{"line":161,"column":15}},"loc":{"start":{"line":161,"column":22},"end":{"line":172,"column":15}}},"19":{"name":"(anonymous_19)","decl":{"start":{"line":182,"column":10},"end":{"line":182,"column":15}},"loc":{"start":{"line":182,"column":31},"end":{"line":206,"column":3}}},"20":{"name":"(anonymous_20)","decl":{"start":{"line":183,"column":29},"end":{"line":183,"column":30}},"loc":{"start":{"line":183,"column":49},"end":{"line":205,"column":5}}},"21":{"name":"(anonymous_21)","decl":{"start":{"line":193,"column":8},"end":{"line":193,"column":9}},"loc":{"start":{"line":193,"column":16},"end":{"line":203,"column":9}}},"22":{"name":"(anonymous_22)","decl":{"start":{"line":208,"column":9},"end":{"line":208,"column":14}},"loc":{"start":{"line":208,"column":37},"end":{"line":227,"column":3}}},"23":{"name":"(anonymous_23)","decl":{"start":{"line":209,"column":29},"end":{"line":209,"column":30}},"loc":{"start":{"line":209,"column":49},"end":{"line":226,"column":5}}},"24":{"name":"(anonymous_24)","decl":{"start":{"line":213,"column":8},"end":{"line":213,"column":9}},"loc":{"start":{"line":213,"column":16},"end":{"line":224,"column":9}}},"25":{"name":"(anonymous_25)","decl":{"start":{"line":229,"column":9},"end":{"line":229,"column":14}},"loc":{"start":{"line":229,"column":20},"end":{"line":243,"column":3}}},"26":{"name":"(anonymous_26)","decl":{"start":{"line":230,"column":29},"end":{"line":230,"column":30}},"loc":{"start":{"line":230,"column":49},"end":{"line":242,"column":5}}},"27":{"name":"(anonymous_27)","decl":{"start":{"line":231,"column":50},"end":{"line":231,"column":51}},"loc":{"start":{"line":231,"column":58},"end":{"line":241,"column":7}}}},"branchMap":{"0":{"loc":{"start":{"line":53,"column":8},"end":{"line":61,"column":9}},"type":"if","locations":[{"start":{"line":53,"column":8},"end":{"line":61,"column":9}},{"start":{"line":59,"column":15},"end":{"line":61,"column":9}}]},"1":{"loc":{"start":{"line":67,"column":4},"end":{"line":69,"column":5}},"type":"if","locations":[{"start":{"line":67,"column":4},"end":{"line":69,"column":5}}]},"2":{"loc":{"start":{"line":93,"column":10},"end":{"line":101,"column":11}},"type":"if","locations":[{"start":{"line":93,"column":10},"end":{"line":101,"column":11}},{"start":{"line":99,"column":17},"end":{"line":101,"column":11}}]},"3":{"loc":{"start":{"line":114,"column":10},"end":{"line":122,"column":11}},"type":"if","locations":[{"start":{"line":114,"column":10},"end":{"line":122,"column":11}}]},"4":{"loc":{"start":{"line":126,"column":20},"end":{"line":126,"column":40}},"type":"cond-expr","locations":[{"start":{"line":126,"column":26},"end":{"line":126,"column":31}},{"start":{"line":126,"column":34},"end":{"line":126,"column":40}}]},"5":{"loc":{"start":{"line":129,"column":18},"end":{"line":129,"column":36}},"type":"binary-expr","locations":[{"start":{"line":129,"column":18},"end":{"line":129,"column":28}},{"start":{"line":129,"column":32},"end":{"line":129,"column":36}}]},"6":{"loc":{"start":{"line":135,"column":47},"end":{"line":135,"column":83}},"type":"default-arg","locations":[{"start":{"line":135,"column":61},"end":{"line":135,"column":83}}]},"7":{"loc":{"start":{"line":142,"column":10},"end":{"line":150,"column":11}},"type":"if","locations":[{"start":{"line":142,"column":10},"end":{"line":150,"column":11}}]},"8":{"loc":{"start":{"line":153,"column":12},"end":{"line":155,"column":13}},"type":"if","locations":[{"start":{"line":153,"column":12},"end":{"line":155,"column":13}}]},"9":{"loc":{"start":{"line":153,"column":17},"end":{"line":153,"column":35}},"type":"binary-expr","locations":[{"start":{"line":153,"column":17},"end":{"line":153,"column":30}},{"start":{"line":153,"column":34},"end":{"line":153,"column":35}}]},"10":{"loc":{"start":{"line":162,"column":16},"end":{"line":171,"column":17}},"type":"if","locations":[{"start":{"line":162,"column":16},"end":{"line":171,"column":17}},{"start":{"line":169,"column":23},"end":{"line":171,"column":17}}]},"11":{"loc":{"start":{"line":194,"column":10},"end":{"line":202,"column":11}},"type":"if","locations":[{"start":{"line":194,"column":10},"end":{"line":202,"column":11}},{"start":{"line":200,"column":17},"end":{"line":202,"column":11}}]},"12":{"loc":{"start":{"line":214,"column":10},"end":{"line":223,"column":11}},"type":"if","locations":[{"start":{"line":214,"column":10},"end":{"line":223,"column":11}},{"start":{"line":221,"column":17},"end":{"line":223,"column":11}}]},"13":{"loc":{"start":{"line":232,"column":8},"end":{"line":240,"column":9}},"type":"if","locations":[{"start":{"line":232,"column":8},"end":{"line":240,"column":9}},{"start":{"line":238,"column":15},"end":{"line":240,"column":9}}]}},"s":{"0":0,"1":0,"2":0,"3":0,"4":0,"5":0,"6":0,"7":0,"8":0,"9":0,"10":0,"11":0,"12":0,"13":0,"14":0,"15":0,"16":0,"17":0,"18":0,"19":0,"20":0,"21":0,"22":0,"23":0,"24":0,"25":0,"26":0,"27":0,"28":0,"29":0,"30":0,"31":0,"32":0,"33":0,"34":0,"35":0,"36":0,"37":0,"38":0,"39":0,"40":0,"41":0,"42":0,"43":0,"44":0,"45":0,"46":0,"47":0,"48":0,"49":0,"50":0,"51":0,"52":0,"53":0,"54":0,"55":0,"56":0,"57":0,"58":0,"59":0,"60":0,"61":0,"62":0,"63":0,"64":0,"65":0,"66":0,"67":0,"68":0,"69":0,"70":0,"71":0},"f":{"0":0,"1":0,"2":0,"3":0,"4":0,"5":0,"6":0,"7":0,"8":0,"9":0,"10":0,"11":0,"12":0,"13":0,"14":0,"15":0,"16":0,"17":0,"18":0,"19":0,"20":0,"21":0,"22":0,"23":0,"24":0,"25":0,"26":0,"27":0},"b":{"0":[0,0],"1":[0],"2":[0,0],"3":[0],"4":[0,0],"5":[0,0],"6":[0],"7":[0],"8":[0],"9":[0,0],"10":[0,0],"11":[0,0],"12":[0,0],"13":[0,0]}}
,"C:\\kitting\\ITManagementSystem\\03_実装\\it-ops-system\\backend\\src\\services\\securityAuditService.ts": {"path":"C:\\kitting\\ITManagementSystem\\03_実装\\it-ops-system\\backend\\src\\services\\securityAuditService.ts","statementMap":{"0":{"start":{"line":6,"column":15},"end":{"line":6,"column":43}},"1":{"start":{"line":49,"column":4},"end":{"line":49,"column":46}},"2":{"start":{"line":50,"column":4},"end":{"line":50,"column":26}},"3":{"start":{"line":51,"column":4},"end":{"line":56,"column":7}},"4":{"start":{"line":52,"column":6},"end":{"line":55,"column":9}},"5":{"start":{"line":57,"column":4},"end":{"line":57,"column":29}},"6":{"start":{"line":61,"column":4},"end":{"line":94,"column":5}},"7":{"start":{"line":62,"column":6},"end":{"line":86,"column":9}},"8":{"start":{"line":88,"column":6},"end":{"line":88,"column":42}},"9":{"start":{"line":89,"column":6},"end":{"line":92,"column":9}},"10":{"start":{"line":93,"column":6},"end":{"line":93,"column":18}},"11":{"start":{"line":98,"column":36},"end":{"line":98,"column":48}},"12":{"start":{"line":99,"column":4},"end":{"line":101,"column":5}},"13":{"start":{"line":100,"column":6},"end":{"line":100,"column":71}},"14":{"start":{"line":102,"column":4},"end":{"line":107,"column":7}},"15":{"start":{"line":111,"column":4},"end":{"line":113,"column":5}},"16":{"start":{"line":112,"column":6},"end":{"line":112,"column":65}},"17":{"start":{"line":114,"column":4},"end":{"line":114,"column":41}},"18":{"start":{"line":118,"column":4},"end":{"line":141,"column":5}},"19":{"start":{"line":119,"column":6},"end":{"line":131,"column":8}},"20":{"start":{"line":133,"column":6},"end":{"line":139,"column":9}},"21":{"start":{"line":140,"column":6},"end":{"line":140,"column":18}},"22":{"start":{"line":145,"column":4},"end":{"line":167,"column":5}},"23":{"start":{"line":146,"column":6},"end":{"line":157,"column":8}},"24":{"start":{"line":159,"column":6},"end":{"line":165,"column":9}},"25":{"start":{"line":166,"column":6},"end":{"line":166,"column":18}},"26":{"start":{"line":171,"column":4},"end":{"line":197,"column":5}},"27":{"start":{"line":172,"column":25},"end":{"line":172,"column":57}},"28":{"start":{"line":173,"column":19},"end":{"line":178,"column":null}},"29":{"start":{"line":181,"column":6},"end":{"line":188,"column":10}},"30":{"start":{"line":181,"column":30},"end":{"line":188,"column":8}},"31":{"start":{"line":190,"column":6},"end":{"line":195,"column":9}},"32":{"start":{"line":196,"column":6},"end":{"line":196,"column":16}},"33":{"start":{"line":201,"column":4},"end":{"line":226,"column":5}},"34":{"start":{"line":202,"column":25},"end":{"line":202,"column":57}},"35":{"start":{"line":203,"column":19},"end":{"line":208,"column":null}},"36":{"start":{"line":211,"column":6},"end":{"line":217,"column":10}},"37":{"start":{"line":211,"column":30},"end":{"line":217,"column":8}},"38":{"start":{"line":219,"column":6},"end":{"line":224,"column":9}},"39":{"start":{"line":225,"column":6},"end":{"line":225,"column":16}},"40":{"start":{"line":230,"column":16},"end":{"line":230,"column":77}},"41":{"start":{"line":231,"column":4},"end":{"line":231,"column":15}}},"fnMap":{"0":{"name":"(anonymous_0)","decl":{"start":{"line":48,"column":2},"end":{"line":48,"column":null}},"loc":{"start":{"line":48,"column":2},"end":{"line":58,"column":3}}},"1":{"name":"(anonymous_1)","decl":{"start":{"line":51,"column":36},"end":{"line":51,"column":41}},"loc":{"start":{"line":51,"column":44},"end":{"line":56,"column":5}}},"2":{"name":"(anonymous_2)","decl":{"start":{"line":60,"column":10},"end":{"line":60,"column":15}},"loc":{"start":{"line":60,"column":34},"end":{"line":95,"column":3}}},"3":{"name":"(anonymous_3)","decl":{"start":{"line":97,"column":10},"end":{"line":97,"column":27}},"loc":{"start":{"line":97,"column":27},"end":{"line":108,"column":3}}},"4":{"name":"(anonymous_4)","decl":{"start":{"line":110,"column":9},"end":{"line":110,"column":15}},"loc":{"start":{"line":110,"column":27},"end":{"line":115,"column":3}}},"5":{"name":"(anonymous_5)","decl":{"start":{"line":117,"column":9},"end":{"line":117,"column":14}},"loc":{"start":{"line":117,"column":49},"end":{"line":142,"column":3}}},"6":{"name":"(anonymous_6)","decl":{"start":{"line":144,"column":9},"end":{"line":144,"column":14}},"loc":{"start":{"line":144,"column":54},"end":{"line":168,"column":3}}},"7":{"name":"(anonymous_7)","decl":{"start":{"line":170,"column":9},"end":{"line":170,"column":14}},"loc":{"start":{"line":170,"column":70},"end":{"line":198,"column":3}}},"8":{"name":"(anonymous_8)","decl":{"start":{"line":181,"column":22},"end":{"line":181,"column":25}},"loc":{"start":{"line":181,"column":30},"end":{"line":188,"column":8}}},"9":{"name":"(anonymous_9)","decl":{"start":{"line":200,"column":9},"end":{"line":200,"column":14}},"loc":{"start":{"line":200,"column":75},"end":{"line":227,"column":3}}},"10":{"name":"(anonymous_10)","decl":{"start":{"line":211,"column":22},"end":{"line":211,"column":25}},"loc":{"start":{"line":211,"column":30},"end":{"line":217,"column":8}}},"11":{"name":"(anonymous_11)","decl":{"start":{"line":229,"column":9},"end":{"line":229,"column":29}},"loc":{"start":{"line":229,"column":62},"end":{"line":232,"column":3}}}},"branchMap":{"0":{"loc":{"start":{"line":99,"column":4},"end":{"line":101,"column":5}},"type":"if","locations":[{"start":{"line":99,"column":4},"end":{"line":101,"column":5}}]},"1":{"loc":{"start":{"line":111,"column":4},"end":{"line":113,"column":5}},"type":"if","locations":[{"start":{"line":111,"column":4},"end":{"line":113,"column":5}}]},"2":{"loc":{"start":{"line":128,"column":10},"end":{"line":128,"column":31}},"type":"cond-expr","locations":[{"start":{"line":128,"column":26},"end":{"line":128,"column":27}},{"start":{"line":128,"column":30},"end":{"line":128,"column":31}}]},"3":{"loc":{"start":{"line":129,"column":10},"end":{"line":129,"column":62}},"type":"cond-expr","locations":[{"start":{"line":129,"column":26},"end":{"line":129,"column":55}},{"start":{"line":129,"column":58},"end":{"line":129,"column":62}}]},"4":{"loc":{"start":{"line":138,"column":17},"end":{"line":138,"column":73}},"type":"cond-expr","locations":[{"start":{"line":138,"column":42},"end":{"line":138,"column":55}},{"start":{"line":138,"column":58},"end":{"line":138,"column":73}}]},"5":{"loc":{"start":{"line":154,"column":10},"end":{"line":154,"column":33}},"type":"cond-expr","locations":[{"start":{"line":154,"column":28},"end":{"line":154,"column":29}},{"start":{"line":154,"column":32},"end":{"line":154,"column":33}}]},"6":{"loc":{"start":{"line":164,"column":17},"end":{"line":164,"column":73}},"type":"cond-expr","locations":[{"start":{"line":164,"column":42},"end":{"line":164,"column":55}},{"start":{"line":164,"column":58},"end":{"line":164,"column":73}}]},"7":{"loc":{"start":{"line":170,"column":50},"end":{"line":170,"column":70}},"type":"default-arg","locations":[{"start":{"line":170,"column":68},"end":{"line":170,"column":70}}]},"8":{"loc":{"start":{"line":187,"column":17},"end":{"line":187,"column":66}},"type":"cond-expr","locations":[{"start":{"line":187,"column":31},"end":{"line":187,"column":54}},{"start":{"line":187,"column":57},"end":{"line":187,"column":66}}]},"9":{"loc":{"start":{"line":194,"column":17},"end":{"line":194,"column":73}},"type":"cond-expr","locations":[{"start":{"line":194,"column":42},"end":{"line":194,"column":55}},{"start":{"line":194,"column":58},"end":{"line":194,"column":73}}]},"10":{"loc":{"start":{"line":200,"column":55},"end":{"line":200,"column":75}},"type":"default-arg","locations":[{"start":{"line":200,"column":73},"end":{"line":200,"column":75}}]},"11":{"loc":{"start":{"line":223,"column":17},"end":{"line":223,"column":73}},"type":"cond-expr","locations":[{"start":{"line":223,"column":42},"end":{"line":223,"column":55}},{"start":{"line":223,"column":58},"end":{"line":223,"column":73}}]}},"s":{"0":0,"1":0,"2":0,"3":0,"4":0,"5":0,"6":0,"7":0,"8":0,"9":0,"10":0,"11":0,"12":0,"13":0,"14":0,"15":0,"16":0,"17":0,"18":0,"19":0,"20":0,"21":0,"22":0,"23":0,"24":0,"25":0,"26":0,"27":0,"28":0,"29":0,"30":0,"31":0,"32":0,"33":0,"34":0,"35":0,"36":0,"37":0,"38":0,"39":0,"40":0,"41":0},"f":{"0":0,"1":0,"2":0,"3":0,"4":0,"5":0,"6":0,"7":0,"8":0,"9":0,"10":0,"11":0},"b":{"0":[0],"1":[0],"2":[0,0],"3":[0,0],"4":[0,0],"5":[0,0],"6":[0,0],"7":[0],"8":[0,0],"9":[0,0],"10":[0],"11":[0,0]}}
,"C:\\kitting\\ITManagementSystem\\03_実装\\it-ops-system\\backend\\src\\services\\securityMonitorService.ts": {"path":"C:\\kitting\\ITManagementSystem\\03_実装\\it-ops-system\\backend\\src\\services\\securityMonitorService.ts","statementMap":{"0":{"start":{"line":8,"column":15},"end":{"line":8,"column":43}},"1":{"start":{"line":14,"column":25},"end":{"line":14,"column":30}},"2":{"start":{"line":15,"column":54},"end":{"line":15,"column":58}},"3":{"start":{"line":18,"column":4},"end":{"line":18,"column":46}},"4":{"start":{"line":19,"column":4},"end":{"line":19,"column":58}},"5":{"start":{"line":23,"column":4},"end":{"line":25,"column":5}},"6":{"start":{"line":24,"column":6},"end":{"line":24,"column":69}},"7":{"start":{"line":26,"column":4},"end":{"line":26,"column":43}},"8":{"start":{"line":30,"column":4},"end":{"line":30,"column":34}},"9":{"start":{"line":30,"column":27},"end":{"line":30,"column":34}},"10":{"start":{"line":32,"column":4},"end":{"line":32,"column":29}},"11":{"start":{"line":33,"column":4},"end":{"line":51,"column":5}},"12":{"start":{"line":34,"column":6},"end":{"line":34,"column":27}},"13":{"start":{"line":35,"column":6},"end":{"line":44,"column":21}},"14":{"start":{"line":36,"column":8},"end":{"line":43,"column":9}},"15":{"start":{"line":37,"column":10},"end":{"line":37,"column":31}},"16":{"start":{"line":39,"column":10},"end":{"line":42,"column":13}},"17":{"start":{"line":46,"column":6},"end":{"line":49,"column":9}},"18":{"start":{"line":50,"column":6},"end":{"line":50,"column":32}},"19":{"start":{"line":55,"column":4},"end":{"line":58,"column":5}},"20":{"start":{"line":56,"column":6},"end":{"line":56,"column":45}},"21":{"start":{"line":57,"column":6},"end":{"line":57,"column":37}},"22":{"start":{"line":59,"column":4},"end":{"line":59,"column":30}},"23":{"start":{"line":63,"column":4},"end":{"line":71,"column":5}},"24":{"start":{"line":64,"column":21},"end":{"line":64,"column":51}},"25":{"start":{"line":65,"column":6},"end":{"line":65,"column":39}},"26":{"start":{"line":67,"column":6},"end":{"line":70,"column":9}},"27":{"start":{"line":75,"column":28},"end":{"line":75,"column":30}},"28":{"start":{"line":76,"column":17},"end":{"line":78,"column":11}},"29":{"start":{"line":80,"column":4},"end":{"line":99,"column":5}},"30":{"start":{"line":81,"column":34},"end":{"line":81,"column":37}},"31":{"start":{"line":82,"column":27},"end":{"line":82,"column":53}},"32":{"start":{"line":84,"column":6},"end":{"line":98,"column":7}},"33":{"start":{"line":85,"column":8},"end":{"line":97,"column":11}},"34":{"start":{"line":101,"column":4},"end":{"line":101,"column":18}},"35":{"start":{"line":105,"column":22},"end":{"line":105,"column":60}},"36":{"start":{"line":106,"column":4},"end":{"line":106,"column":29}},"37":{"start":{"line":110,"column":55},"end":{"line":115,"column":6}},"38":{"start":{"line":116,"column":4},"end":{"line":116,"column":38}},"39":{"start":{"line":120,"column":4},"end":{"line":151,"column":5}},"40":{"start":{"line":121,"column":6},"end":{"line":150,"column":7}},"41":{"start":{"line":122,"column":8},"end":{"line":138,"column":10}},"42":{"start":{"line":140,"column":8},"end":{"line":142,"column":9}},"43":{"start":{"line":141,"column":10},"end":{"line":141,"column":56}},"44":{"start":{"line":144,"column":8},"end":{"line":149,"column":11}},"45":{"start":{"line":155,"column":4},"end":{"line":169,"column":5}},"46":{"start":{"line":156,"column":21},"end":{"line":157,"column":null}},"47":{"start":{"line":159,"column":6},"end":{"line":162,"column":10}},"48":{"start":{"line":159,"column":34},"end":{"line":162,"column":8}},"49":{"start":{"line":164,"column":6},"end":{"line":167,"column":9}},"50":{"start":{"line":168,"column":6},"end":{"line":168,"column":16}},"51":{"start":{"line":173,"column":20},"end":{"line":173,"column":54}},"52":{"start":{"line":175,"column":4},"end":{"line":189,"column":5}},"53":{"start":{"line":176,"column":6},"end":{"line":181,"column":7}},"54":{"start":{"line":177,"column":8},"end":{"line":180,"column":10}},"55":{"start":{"line":183,"column":6},"end":{"line":187,"column":9}},"56":{"start":{"line":188,"column":6},"end":{"line":188,"column":18}},"57":{"start":{"line":193,"column":4},"end":{"line":217,"column":5}},"58":{"start":{"line":194,"column":23},"end":{"line":201,"column":73}},"59":{"start":{"line":203,"column":6},"end":{"line":210,"column":10}},"60":{"start":{"line":203,"column":38},"end":{"line":210,"column":8}},"61":{"start":{"line":212,"column":6},"end":{"line":215,"column":9}},"62":{"start":{"line":216,"column":6},"end":{"line":216,"column":16}}},"fnMap":{"0":{"name":"(anonymous_0)","decl":{"start":{"line":17,"column":2},"end":{"line":17,"column":null}},"loc":{"start":{"line":17,"column":2},"end":{"line":20,"column":3}}},"1":{"name":"(anonymous_1)","decl":{"start":{"line":22,"column":9},"end":{"line":22,"column":15}},"loc":{"start":{"line":22,"column":27},"end":{"line":27,"column":3}}},"2":{"name":"(anonymous_2)","decl":{"start":{"line":29,"column":9},"end":{"line":29,"column":14}},"loc":{"start":{"line":29,"column":49},"end":{"line":52,"column":3}}},"3":{"name":"(anonymous_3)","decl":{"start":{"line":35,"column":44},"end":{"line":35,"column":49}},"loc":{"start":{"line":35,"column":55},"end":{"line":44,"column":7}}},"4":{"name":"(anonymous_4)","decl":{"start":{"line":54,"column":9},"end":{"line":54,"column":23}},"loc":{"start":{"line":54,"column":23},"end":{"line":60,"column":3}}},"5":{"name":"(anonymous_5)","decl":{"start":{"line":62,"column":10},"end":{"line":62,"column":15}},"loc":{"start":{"line":62,"column":23},"end":{"line":72,"column":3}}},"6":{"name":"(anonymous_6)","decl":{"start":{"line":74,"column":10},"end":{"line":74,"column":15}},"loc":{"start":{"line":74,"column":33},"end":{"line":102,"column":3}}},"7":{"name":"(anonymous_7)","decl":{"start":{"line":104,"column":10},"end":{"line":104,"column":26}},"loc":{"start":{"line":104,"column":66},"end":{"line":107,"column":3}}},"8":{"name":"(anonymous_8)","decl":{"start":{"line":109,"column":10},"end":{"line":109,"column":33}},"loc":{"start":{"line":109,"column":58},"end":{"line":117,"column":3}}},"9":{"name":"(anonymous_9)","decl":{"start":{"line":119,"column":10},"end":{"line":119,"column":15}},"loc":{"start":{"line":119,"column":45},"end":{"line":152,"column":3}}},"10":{"name":"(anonymous_10)","decl":{"start":{"line":154,"column":9},"end":{"line":154,"column":14}},"loc":{"start":{"line":154,"column":30},"end":{"line":170,"column":3}}},"11":{"name":"(anonymous_11)","decl":{"start":{"line":159,"column":24},"end":{"line":159,"column":29}},"loc":{"start":{"line":159,"column":34},"end":{"line":162,"column":8}}},"12":{"name":"(anonymous_12)","decl":{"start":{"line":172,"column":9},"end":{"line":172,"column":14}},"loc":{"start":{"line":172,"column":64},"end":{"line":190,"column":3}}},"13":{"name":"(anonymous_13)","decl":{"start":{"line":192,"column":9},"end":{"line":192,"column":14}},"loc":{"start":{"line":192,"column":32},"end":{"line":218,"column":3}}},"14":{"name":"(anonymous_14)","decl":{"start":{"line":203,"column":26},"end":{"line":203,"column":33}},"loc":{"start":{"line":203,"column":38},"end":{"line":210,"column":8}}}},"branchMap":{"0":{"loc":{"start":{"line":23,"column":4},"end":{"line":25,"column":5}},"type":"if","locations":[{"start":{"line":23,"column":4},"end":{"line":25,"column":5}}]},"1":{"loc":{"start":{"line":29,"column":31},"end":{"line":29,"column":49}},"type":"default-arg","locations":[{"start":{"line":29,"column":44},"end":{"line":29,"column":49}}]},"2":{"loc":{"start":{"line":30,"column":4},"end":{"line":30,"column":34}},"type":"if","locations":[{"start":{"line":30,"column":4},"end":{"line":30,"column":34}}]},"3":{"loc":{"start":{"line":55,"column":4},"end":{"line":58,"column":5}},"type":"if","locations":[{"start":{"line":55,"column":4},"end":{"line":58,"column":5}}]},"4":{"loc":{"start":{"line":76,"column":17},"end":{"line":78,"column":11}},"type":"binary-expr","locations":[{"start":{"line":76,"column":17},"end":{"line":77,"column":null}},{"start":{"line":78,"column":9},"end":{"line":78,"column":11}}]},"5":{"loc":{"start":{"line":84,"column":6},"end":{"line":98,"column":7}},"type":"if","locations":[{"start":{"line":84,"column":6},"end":{"line":98,"column":7}}]},"6":{"loc":{"start":{"line":116,"column":11},"end":{"line":116,"column":37}},"type":"binary-expr","locations":[{"start":{"line":116,"column":11},"end":{"line":116,"column":31}},{"start":{"line":116,"column":35},"end":{"line":116,"column":37}}]},"7":{"loc":{"start":{"line":135,"column":12},"end":{"line":135,"column":38}},"type":"cond-expr","locations":[{"start":{"line":135,"column":33},"end":{"line":135,"column":34}},{"start":{"line":135,"column":37},"end":{"line":135,"column":38}}]},"8":{"loc":{"start":{"line":136,"column":27},"end":{"line":136,"column":47}},"type":"binary-expr","locations":[{"start":{"line":136,"column":27},"end":{"line":136,"column":41}},{"start":{"line":136,"column":45},"end":{"line":136,"column":47}}]},"9":{"loc":{"start":{"line":140,"column":8},"end":{"line":142,"column":9}},"type":"if","locations":[{"start":{"line":140,"column":8},"end":{"line":142,"column":9}}]},"10":{"loc":{"start":{"line":140,"column":12},"end":{"line":140,"column":70}},"type":"binary-expr","locations":[{"start":{"line":140,"column":12},"end":{"line":140,"column":41}},{"start":{"line":140,"column":45},"end":{"line":140,"column":70}}]}},"s":{"0":0,"1":0,"2":0,"3":0,"4":0,"5":0,"6":0,"7":0,"8":0,"9":0,"10":0,"11":0,"12":0,"13":0,"14":0,"15":0,"16":0,"17":0,"18":0,"19":0,"20":0,"21":0,"22":0,"23":0,"24":0,"25":0,"26":0,"27":0,"28":0,"29":0,"30":0,"31":0,"32":0,"33":0,"34":0,"35":0,"36":0,"37":0,"38":0,"39":0,"40":0,"41":0,"42":0,"43":0,"44":0,"45":0,"46":0,"47":0,"48":0,"49":0,"50":0,"51":0,"52":0,"53":0,"54":0,"55":0,"56":0,"57":0,"58":0,"59":0,"60":0,"61":0,"62":0},"f":{"0":0,"1":0,"2":0,"3":0,"4":0,"5":0,"6":0,"7":0,"8":0,"9":0,"10":0,"11":0,"12":0,"13":0,"14":0},"b":{"0":[0],"1":[0],"2":[0],"3":[0],"4":[0,0],"5":[0],"6":[0,0],"7":[0,0],"8":[0,0],"9":[0],"10":[0,0]}}
,"C:\\kitting\\ITManagementSystem\\03_実装\\it-ops-system\\backend\\src\\services\\tokenManager.ts": {"path":"C:\\kitting\\ITManagementSystem\\03_実装\\it-ops-system\\backend\\src\\services\\tokenManager.ts","statementMap":{"0":{"start":{"line":23,"column":26},"end":{"line":23,"column":54}},"1":{"start":{"line":24,"column":65},"end":{"line":28,"column":4}},"2":{"start":{"line":31,"column":4},"end":{"line":66,"column":5}},"3":{"start":{"line":33,"column":6},"end":{"line":33,"column":52}},"4":{"start":{"line":36,"column":30},"end":{"line":51,"column":8}},"5":{"start":{"line":54,"column":6},"end":{"line":59,"column":9}},"6":{"start":{"line":55,"column":8},"end":{"line":58,"column":11}},"7":{"start":{"line":56,"column":10},"end":{"line":57,"column":25}},"8":{"start":{"line":56,"column":19},"end":{"line":56,"column":31}},"9":{"start":{"line":57,"column":15},"end":{"line":57,"column":25}},"10":{"start":{"line":61,"column":6},"end":{"line":64,"column":9}},"11":{"start":{"line":65,"column":6},"end":{"line":65,"column":18}},"12":{"start":{"line":70,"column":4},"end":{"line":87,"column":7}},"13":{"start":{"line":71,"column":24},"end":{"line":71,"column":64}},"14":{"start":{"line":72,"column":6},"end":{"line":86,"column":8}},"15":{"start":{"line":76,"column":10},"end":{"line":84,"column":11}},"16":{"start":{"line":77,"column":12},"end":{"line":80,"column":15}},"17":{"start":{"line":81,"column":12},"end":{"line":81,"column":22}},"18":{"start":{"line":83,"column":12},"end":{"line":83,"column":22}},"19":{"start":{"line":91,"column":4},"end":{"line":116,"column":5}},"20":{"start":{"line":92,"column":18},"end":{"line":92,"column":28}},"21":{"start":{"line":93,"column":6},"end":{"line":109,"column":9}},"22":{"start":{"line":94,"column":8},"end":{"line":108,"column":10}},"23":{"start":{"line":98,"column":12},"end":{"line":106,"column":13}},"24":{"start":{"line":99,"column":14},"end":{"line":102,"column":17}},"25":{"start":{"line":103,"column":14},"end":{"line":103,"column":29}},"26":{"start":{"line":105,"column":14},"end":{"line":105,"column":37}},"27":{"start":{"line":111,"column":6},"end":{"line":114,"column":9}},"28":{"start":{"line":115,"column":6},"end":{"line":115,"column":19}},"29":{"start":{"line":120,"column":4},"end":{"line":136,"column":7}},"30":{"start":{"line":121,"column":6},"end":{"line":135,"column":8}},"31":{"start":{"line":125,"column":10},"end":{"line":133,"column":11}},"32":{"start":{"line":126,"column":12},"end":{"line":129,"column":15}},"33":{"start":{"line":130,"column":12},"end":{"line":130,"column":23}},"34":{"start":{"line":132,"column":12},"end":{"line":132,"column":45}},"35":{"start":{"line":140,"column":4},"end":{"line":158,"column":7}},"36":{"start":{"line":141,"column":6},"end":{"line":157,"column":8}},"37":{"start":{"line":147,"column":10},"end":{"line":155,"column":11}},"38":{"start":{"line":148,"column":12},"end":{"line":151,"column":15}},"39":{"start":{"line":152,"column":12},"end":{"line":152,"column":22}},"40":{"start":{"line":154,"column":12},"end":{"line":154,"column":22}},"41":{"start":{"line":162,"column":4},"end":{"line":183,"column":7}},"42":{"start":{"line":163,"column":6},"end":{"line":182,"column":8}},"43":{"start":{"line":172,"column":10},"end":{"line":180,"column":11}},"44":{"start":{"line":173,"column":12},"end":{"line":176,"column":15}},"45":{"start":{"line":177,"column":12},"end":{"line":177,"column":22}},"46":{"start":{"line":179,"column":12},"end":{"line":179,"column":22}},"47":{"start":{"line":187,"column":18},"end":{"line":187,"column":26}},"48":{"start":{"line":188,"column":36},"end":{"line":194,"column":6}},"49":{"start":{"line":196,"column":4},"end":{"line":213,"column":5}},"50":{"start":{"line":197,"column":6},"end":{"line":203,"column":8}},"51":{"start":{"line":205,"column":6},"end":{"line":205,"column":40}},"52":{"start":{"line":206,"column":6},"end":{"line":206,"column":19}},"53":{"start":{"line":208,"column":6},"end":{"line":211,"column":9}},"54":{"start":{"line":212,"column":6},"end":{"line":212,"column":18}},"55":{"start":{"line":217,"column":4},"end":{"line":233,"column":7}},"56":{"start":{"line":218,"column":6},"end":{"line":232,"column":8}},"57":{"start":{"line":222,"column":10},"end":{"line":230,"column":11}},"58":{"start":{"line":223,"column":12},"end":{"line":226,"column":15}},"59":{"start":{"line":227,"column":12},"end":{"line":227,"column":22}},"60":{"start":{"line":229,"column":12},"end":{"line":229,"column":22}},"61":{"start":{"line":237,"column":4},"end":{"line":276,"column":5}},"62":{"start":{"line":238,"column":28},"end":{"line":238,"column":64}},"63":{"start":{"line":239,"column":6},"end":{"line":241,"column":7}},"64":{"start":{"line":240,"column":8},"end":{"line":240,"column":63}},"65":{"start":{"line":243,"column":6},"end":{"line":270,"column":9}},"66":{"start":{"line":244,"column":8},"end":{"line":269,"column":10}},"67":{"start":{"line":248,"column":12},"end":{"line":254,"column":13}},"68":{"start":{"line":249,"column":14},"end":{"line":252,"column":17}},"69":{"start":{"line":253,"column":14},"end":{"line":253,"column":21}},"70":{"start":{"line":256,"column":12},"end":{"line":267,"column":13}},"71":{"start":{"line":257,"column":46},"end":{"line":257,"column":70}},"72":{"start":{"line":258,"column":14},"end":{"line":261,"column":17}},"73":{"start":{"line":263,"column":14},"end":{"line":266,"column":17}},"74":{"start":{"line":272,"column":6},"end":{"line":275,"column":8}}},"fnMap":{"0":{"name":"(anonymous_0)","decl":{"start":{"line":30,"column":2},"end":{"line":30,"column":8}},"loc":{"start":{"line":30,"column":25},"end":{"line":67,"column":3}}},"1":{"name":"(anonymous_1)","decl":{"start":{"line":54,"column":30},"end":{"line":54,"column":31}},"loc":{"start":{"line":54,"column":50},"end":{"line":59,"column":7}}},"2":{"name":"(anonymous_2)","decl":{"start":{"line":55,"column":38},"end":{"line":55,"column":39}},"loc":{"start":{"line":55,"column":46},"end":{"line":58,"column":9}}},"3":{"name":"(anonymous_3)","decl":{"start":{"line":69,"column":2},"end":{"line":69,"column":8}},"loc":{"start":{"line":69,"column":55},"end":{"line":88,"column":3}}},"4":{"name":"(anonymous_4)","decl":{"start":{"line":70,"column":23},"end":{"line":70,"column":24}},"loc":{"start":{"line":70,"column":35},"end":{"line":87,"column":5}}},"5":{"name":"(anonymous_5)","decl":{"start":{"line":75,"column":8},"end":{"line":75,"column":9}},"loc":{"start":{"line":75,"column":16},"end":{"line":85,"column":9}}},"6":{"name":"(anonymous_6)","decl":{"start":{"line":90,"column":2},"end":{"line":90,"column":8}},"loc":{"start":{"line":90,"column":47},"end":{"line":117,"column":3}}},"7":{"name":"(anonymous_7)","decl":{"start":{"line":93,"column":25},"end":{"line":93,"column":26}},"loc":{"start":{"line":93,"column":37},"end":{"line":109,"column":7}}},"8":{"name":"(anonymous_8)","decl":{"start":{"line":97,"column":10},"end":{"line":97,"column":11}},"loc":{"start":{"line":97,"column":42},"end":{"line":107,"column":11}}},"9":{"name":"(anonymous_9)","decl":{"start":{"line":119,"column":2},"end":{"line":119,"column":8}},"loc":{"start":{"line":119,"column":51},"end":{"line":137,"column":3}}},"10":{"name":"(anonymous_10)","decl":{"start":{"line":120,"column":23},"end":{"line":120,"column":24}},"loc":{"start":{"line":120,"column":35},"end":{"line":136,"column":5}}},"11":{"name":"(anonymous_11)","decl":{"start":{"line":124,"column":8},"end":{"line":124,"column":9}},"loc":{"start":{"line":124,"column":60},"end":{"line":134,"column":9}}},"12":{"name":"(anonymous_12)","decl":{"start":{"line":139,"column":2},"end":{"line":139,"column":8}},"loc":{"start":{"line":139,"column":44},"end":{"line":159,"column":3}}},"13":{"name":"(anonymous_13)","decl":{"start":{"line":140,"column":23},"end":{"line":140,"column":24}},"loc":{"start":{"line":140,"column":35},"end":{"line":158,"column":5}}},"14":{"name":"(anonymous_14)","decl":{"start":{"line":146,"column":8},"end":{"line":146,"column":9}},"loc":{"start":{"line":146,"column":16},"end":{"line":156,"column":9}}},"15":{"name":"(anonymous_15)","decl":{"start":{"line":161,"column":2},"end":{"line":161,"column":8}},"loc":{"start":{"line":161,"column":47},"end":{"line":184,"column":3}}},"16":{"name":"(anonymous_16)","decl":{"start":{"line":162,"column":23},"end":{"line":162,"column":24}},"loc":{"start":{"line":162,"column":35},"end":{"line":183,"column":5}}},"17":{"name":"(anonymous_17)","decl":{"start":{"line":171,"column":8},"end":{"line":171,"column":9}},"loc":{"start":{"line":171,"column":16},"end":{"line":181,"column":9}}},"18":{"name":"(anonymous_18)","decl":{"start":{"line":186,"column":2},"end":{"line":186,"column":8}},"loc":{"start":{"line":186,"column":88},"end":{"line":214,"column":3}}},"19":{"name":"(anonymous_19)","decl":{"start":{"line":216,"column":2},"end":{"line":216,"column":8}},"loc":{"start":{"line":216,"column":55},"end":{"line":234,"column":3}}},"20":{"name":"(anonymous_20)","decl":{"start":{"line":217,"column":23},"end":{"line":217,"column":24}},"loc":{"start":{"line":217,"column":35},"end":{"line":233,"column":5}}},"21":{"name":"(anonymous_21)","decl":{"start":{"line":221,"column":8},"end":{"line":221,"column":9}},"loc":{"start":{"line":221,"column":16},"end":{"line":231,"column":9}}},"22":{"name":"(anonymous_22)","decl":{"start":{"line":236,"column":2},"end":{"line":236,"column":8}},"loc":{"start":{"line":236,"column":40},"end":{"line":277,"column":3}}},"23":{"name":"(anonymous_23)","decl":{"start":{"line":243,"column":25},"end":{"line":243,"column":26}},"loc":{"start":{"line":243,"column":37},"end":{"line":270,"column":7}}},"24":{"name":"(anonymous_24)","decl":{"start":{"line":247,"column":10},"end":{"line":247,"column":11}},"loc":{"start":{"line":247,"column":57},"end":{"line":268,"column":11}}}},"branchMap":{"0":{"loc":{"start":{"line":56,"column":10},"end":{"line":57,"column":25}},"type":"if","locations":[{"start":{"line":56,"column":10},"end":{"line":57,"column":25}},{"start":{"line":57,"column":15},"end":{"line":57,"column":25}}]},"1":{"loc":{"start":{"line":76,"column":10},"end":{"line":84,"column":11}},"type":"if","locations":[{"start":{"line":76,"column":10},"end":{"line":84,"column":11}},{"start":{"line":82,"column":17},"end":{"line":84,"column":11}}]},"2":{"loc":{"start":{"line":98,"column":12},"end":{"line":106,"column":13}},"type":"if","locations":[{"start":{"line":98,"column":12},"end":{"line":106,"column":13}},{"start":{"line":104,"column":19},"end":{"line":106,"column":13}}]},"3":{"loc":{"start":{"line":125,"column":10},"end":{"line":133,"column":11}},"type":"if","locations":[{"start":{"line":125,"column":10},"end":{"line":133,"column":11}},{"start":{"line":131,"column":17},"end":{"line":133,"column":11}}]},"4":{"loc":{"start":{"line":132,"column":20},"end":{"line":132,"column":43}},"type":"binary-expr","locations":[{"start":{"line":132,"column":20},"end":{"line":132,"column":38}},{"start":{"line":132,"column":42},"end":{"line":132,"column":43}}]},"5":{"loc":{"start":{"line":147,"column":10},"end":{"line":155,"column":11}},"type":"if","locations":[{"start":{"line":147,"column":10},"end":{"line":155,"column":11}},{"start":{"line":153,"column":17},"end":{"line":155,"column":11}}]},"6":{"loc":{"start":{"line":172,"column":10},"end":{"line":180,"column":11}},"type":"if","locations":[{"start":{"line":172,"column":10},"end":{"line":180,"column":11}},{"start":{"line":178,"column":17},"end":{"line":180,"column":11}}]},"7":{"loc":{"start":{"line":222,"column":10},"end":{"line":230,"column":11}},"type":"if","locations":[{"start":{"line":222,"column":10},"end":{"line":230,"column":11}},{"start":{"line":228,"column":17},"end":{"line":230,"column":11}}]},"8":{"loc":{"start":{"line":239,"column":6},"end":{"line":241,"column":7}},"type":"if","locations":[{"start":{"line":239,"column":6},"end":{"line":241,"column":7}}]},"9":{"loc":{"start":{"line":248,"column":12},"end":{"line":254,"column":13}},"type":"if","locations":[{"start":{"line":248,"column":12},"end":{"line":254,"column":13}}]},"10":{"loc":{"start":{"line":248,"column":16},"end":{"line":248,"column":27}},"type":"binary-expr","locations":[{"start":{"line":248,"column":16},"end":{"line":248,"column":19}},{"start":{"line":248,"column":23},"end":{"line":248,"column":27}}]}},"s":{"0":0,"1":0,"2":0,"3":0,"4":0,"5":0,"6":0,"7":0,"8":0,"9":0,"10":0,"11":0,"12":0,"13":0,"14":0,"15":0,"16":0,"17":0,"18":0,"19":0,"20":0,"21":0,"22":0,"23":0,"24":0,"25":0,"26":0,"27":0,"28":0,"29":0,"30":0,"31":0,"32":0,"33":0,"34":0,"35":0,"36":0,"37":0,"38":0,"39":0,"40":0,"41":0,"42":0,"43":0,"44":0,"45":0,"46":0,"47":0,"48":0,"49":0,"50":0,"51":0,"52":0,"53":0,"54":0,"55":0,"56":0,"57":0,"58":0,"59":0,"60":0,"61":0,"62":0,"63":0,"64":0,"65":0,"66":0,"67":0,"68":0,"69":0,"70":0,"71":0,"72":0,"73":0,"74":0},"f":{"0":0,"1":0,"2":0,"3":0,"4":0,"5":0,"6":0,"7":0,"8":0,"9":0,"10":0,"11":0,"12":0,"13":0,"14":0,"15":0,"16":0,"17":0,"18":0,"19":0,"20":0,"21":0,"22":0,"23":0,"24":0},"b":{"0":[0,0],"1":[0,0],"2":[0,0],"3":[0,0],"4":[0,0],"5":[0,0],"6":[0,0],"7":[0,0],"8":[0],"9":[0],"10":[0,0]}}
,"C:\\kitting\\ITManagementSystem\\03_実装\\it-ops-system\\backend\\src\\utils\\testConnections.ts": {"path":"C:\\kitting\\ITManagementSystem\\03_実装\\it-ops-system\\backend\\src\\utils\\testConnections.ts","statementMap":{"0":{"start":{"line":6,"column":2},"end":{"line":12,"column":3}},"1":{"start":{"line":7,"column":24},"end":{"line":7,"column":78}},"2":{"start":{"line":8,"column":4},"end":{"line":8,"column":49}},"3":{"start":{"line":9,"column":4},"end":{"line":9,"column":30}},"4":{"start":{"line":11,"column":4},"end":{"line":11,"column":55}},"5":{"start":{"line":15,"column":2},"end":{"line":31,"column":3}},"6":{"start":{"line":16,"column":18},"end":{"line":19,"column":6}},"7":{"start":{"line":21,"column":4},"end":{"line":24,"column":7}},"8":{"start":{"line":22,"column":6},"end":{"line":22,"column":49}},"9":{"start":{"line":23,"column":6},"end":{"line":23,"column":19}},"10":{"start":{"line":26,"column":4},"end":{"line":28,"column":7}},"11":{"start":{"line":27,"column":6},"end":{"line":27,"column":55}},"12":{"start":{"line":30,"column":4},"end":{"line":30,"column":57}},"13":{"start":{"line":34,"column":0},"end":{"line":34,"column":18}}},"fnMap":{"0":{"name":"testConnections","decl":{"start":{"line":4,"column":15},"end":{"line":4,"column":30}},"loc":{"start":{"line":4,"column":30},"end":{"line":32,"column":1}}},"1":{"name":"(anonymous_1)","decl":{"start":{"line":21,"column":24},"end":{"line":21,"column":27}},"loc":{"start":{"line":21,"column":29},"end":{"line":24,"column":5}}},"2":{"name":"(anonymous_2)","decl":{"start":{"line":26,"column":22},"end":{"line":26,"column":23}},"loc":{"start":{"line":26,"column":32},"end":{"line":28,"column":5}}}},"branchMap":{},"s":{"0":0,"1":0,"2":0,"3":0,"4":0,"5":0,"6":0,"7":0,"8":0,"9":0,"10":0,"11":0,"12":0,"13":0},"f":{"0":0,"1":0,"2":0},"b":{}}
,"C:\\kitting\\ITManagementSystem\\03_実装\\it-ops-system\\backend\\src\\utils\\tokenUtils.ts": {"path":"C:\\kitting\\ITManagementSystem\\03_実装\\it-ops-system\\backend\\src\\utils\\tokenUtils.ts","statementMap":{"0":{"start":{"line":4,"column":19},"end":{"line":4,"column":62}},"1":{"start":{"line":7,"column":2},"end":{"line":18,"column":3}},"2":{"start":{"line":8,"column":20},"end":{"line":8,"column":71}},"3":{"start":{"line":9,"column":4},"end":{"line":12,"column":6}},"4":{"start":{"line":14,"column":4},"end":{"line":17,"column":6}},"5":{"start":{"line":22,"column":2},"end":{"line":24,"column":5}}},"fnMap":{"0":{"name":"validateToken","decl":{"start":{"line":6,"column":16},"end":{"line":6,"column":29}},"loc":{"start":{"line":6,"column":43},"end":{"line":19,"column":1}}},"1":{"name":"generateToken","decl":{"start":{"line":21,"column":16},"end":{"line":21,"column":29}},"loc":{"start":{"line":21,"column":44},"end":{"line":25,"column":1}}}},"branchMap":{"0":{"loc":{"start":{"line":4,"column":19},"end":{"line":4,"column":62}},"type":"binary-expr","locations":[{"start":{"line":4,"column":19},"end":{"line":4,"column":41}},{"start":{"line":4,"column":45},"end":{"line":4,"column":62}}]}},"s":{"0":0,"1":0,"2":0,"3":0,"4":0,"5":0},"f":{"0":0,"1":0},"b":{"0":[0,0]}}
}
