<?xml version="1.0" encoding="UTF-8"?>
<testsuites name="jest tests" tests="141" failures="141" errors="0" time="40.304">
  <testsuite name="Debug Test Suite" errors="0" failures="2" skipped="0" timestamp="2025-03-08T11:28:04" time="14.924" tests="2">
    <testcase classname="Debug Test Suite" name="basic assertion test" time="0.015">
      <failure>TypeError: db.initialize is not a function
    at Object.&lt;anonymous&gt; (C:\kitting\ITManagementSystem\03_実装\it-ops-system\backend\src\tests\setup.ts:21:14)
    at Promise.then.completed (C:\kitting\ITManagementSystem\03_実装\it-ops-system\backend\node_modules\jest-circus\build\utils.js:298:28)
    at new Promise (&lt;anonymous&gt;)
    at callAsyncCircusFn (C:\kitting\ITManagementSystem\03_実装\it-ops-system\backend\node_modules\jest-circus\build\utils.js:231:10)
    at _callCircusHook (C:\kitting\ITManagementSystem\03_実装\it-ops-system\backend\node_modules\jest-circus\build\run.js:281:40)
    at processTicksAndRejections (node:internal/process/task_queues:105:5)
    at _runTestsForDescribeBlock (C:\kitting\ITManagementSystem\03_実装\it-ops-system\backend\node_modules\jest-circus\build\run.js:95:7)
    at run (C:\kitting\ITManagementSystem\03_実装\it-ops-system\backend\node_modules\jest-circus\build\run.js:71:3)
    at runAndTransformResultsToJestFormat (C:\kitting\ITManagementSystem\03_実装\it-ops-system\backend\node_modules\jest-circus\build\legacy-code-todo-rewrite\jestAdapterInit.js:122:21)
    at jestAdapter (C:\kitting\ITManagementSystem\03_実装\it-ops-system\backend\node_modules\jest-circus\build\legacy-code-todo-rewrite\jestAdapter.js:79:19)
    at runTestInternal (C:\kitting\ITManagementSystem\03_実装\it-ops-system\backend\node_modules\jest-runner\build\runTest.js:367:16)
    at runTest (C:\kitting\ITManagementSystem\03_実装\it-ops-system\backend\node_modules\jest-runner\build\runTest.js:444:34)
    at Object.worker (C:\kitting\ITManagementSystem\03_実装\it-ops-system\backend\node_modules\jest-runner\build\testWorker.js:106:12)</failure>
    </testcase>
    <testcase classname="Debug Test Suite" name="async operation test" time="0.001">
      <failure>TypeError: db.initialize is not a function
    at Object.&lt;anonymous&gt; (C:\kitting\ITManagementSystem\03_実装\it-ops-system\backend\src\tests\setup.ts:21:14)
    at Promise.then.completed (C:\kitting\ITManagementSystem\03_実装\it-ops-system\backend\node_modules\jest-circus\build\utils.js:298:28)
    at new Promise (&lt;anonymous&gt;)
    at callAsyncCircusFn (C:\kitting\ITManagementSystem\03_実装\it-ops-system\backend\node_modules\jest-circus\build\utils.js:231:10)
    at _callCircusHook (C:\kitting\ITManagementSystem\03_実装\it-ops-system\backend\node_modules\jest-circus\build\run.js:281:40)
    at processTicksAndRejections (node:internal/process/task_queues:105:5)
    at _runTestsForDescribeBlock (C:\kitting\ITManagementSystem\03_実装\it-ops-system\backend\node_modules\jest-circus\build\run.js:95:7)
    at run (C:\kitting\ITManagementSystem\03_実装\it-ops-system\backend\node_modules\jest-circus\build\run.js:71:3)
    at runAndTransformResultsToJestFormat (C:\kitting\ITManagementSystem\03_実装\it-ops-system\backend\node_modules\jest-circus\build\legacy-code-todo-rewrite\jestAdapterInit.js:122:21)
    at jestAdapter (C:\kitting\ITManagementSystem\03_実装\it-ops-system\backend\node_modules\jest-circus\build\legacy-code-todo-rewrite\jestAdapter.js:79:19)
    at runTestInternal (C:\kitting\ITManagementSystem\03_実装\it-ops-system\backend\node_modules\jest-runner\build\runTest.js:367:16)
    at runTest (C:\kitting\ITManagementSystem\03_実装\it-ops-system\backend\node_modules\jest-runner\build\runTest.js:444:34)
    at Object.worker (C:\kitting\ITManagementSystem\03_実装\it-ops-system\backend\node_modules\jest-runner\build\testWorker.js:106:12)</failure>
    </testcase>
  </testsuite>
  <testsuite name="Audit Error Classes" errors="0" failures="6" skipped="0" timestamp="2025-03-08T11:28:04" time="14.977" tests="6">
    <testcase classname="Audit Error Classes &gt; AuditError" name="基本的なエラーメッセージと情報を保持すること" time="0.012">
      <failure>TypeError: db.initialize is not a function
    at Object.&lt;anonymous&gt; (C:\kitting\ITManagementSystem\03_実装\it-ops-system\backend\src\tests\setup.ts:21:14)
    at Promise.then.completed (C:\kitting\ITManagementSystem\03_実装\it-ops-system\backend\node_modules\jest-circus\build\utils.js:298:28)
    at new Promise (&lt;anonymous&gt;)
    at callAsyncCircusFn (C:\kitting\ITManagementSystem\03_実装\it-ops-system\backend\node_modules\jest-circus\build\utils.js:231:10)
    at _callCircusHook (C:\kitting\ITManagementSystem\03_実装\it-ops-system\backend\node_modules\jest-circus\build\run.js:281:40)
    at processTicksAndRejections (node:internal/process/task_queues:105:5)
    at _runTestsForDescribeBlock (C:\kitting\ITManagementSystem\03_実装\it-ops-system\backend\node_modules\jest-circus\build\run.js:95:7)
    at run (C:\kitting\ITManagementSystem\03_実装\it-ops-system\backend\node_modules\jest-circus\build\run.js:71:3)
    at runAndTransformResultsToJestFormat (C:\kitting\ITManagementSystem\03_実装\it-ops-system\backend\node_modules\jest-circus\build\legacy-code-todo-rewrite\jestAdapterInit.js:122:21)
    at jestAdapter (C:\kitting\ITManagementSystem\03_実装\it-ops-system\backend\node_modules\jest-circus\build\legacy-code-todo-rewrite\jestAdapter.js:79:19)
    at runTestInternal (C:\kitting\ITManagementSystem\03_実装\it-ops-system\backend\node_modules\jest-runner\build\runTest.js:367:16)
    at runTest (C:\kitting\ITManagementSystem\03_実装\it-ops-system\backend\node_modules\jest-runner\build\runTest.js:444:34)
    at Object.worker (C:\kitting\ITManagementSystem\03_実装\it-ops-system\backend\node_modules\jest-runner\build\testWorker.js:106:12)</failure>
    </testcase>
    <testcase classname="Audit Error Classes &gt; AuditError" name="追加の詳細情報を保持できること" time="0.001">
      <failure>TypeError: db.initialize is not a function
    at Object.&lt;anonymous&gt; (C:\kitting\ITManagementSystem\03_実装\it-ops-system\backend\src\tests\setup.ts:21:14)
    at Promise.then.completed (C:\kitting\ITManagementSystem\03_実装\it-ops-system\backend\node_modules\jest-circus\build\utils.js:298:28)
    at new Promise (&lt;anonymous&gt;)
    at callAsyncCircusFn (C:\kitting\ITManagementSystem\03_実装\it-ops-system\backend\node_modules\jest-circus\build\utils.js:231:10)
    at _callCircusHook (C:\kitting\ITManagementSystem\03_実装\it-ops-system\backend\node_modules\jest-circus\build\run.js:281:40)
    at processTicksAndRejections (node:internal/process/task_queues:105:5)
    at _runTestsForDescribeBlock (C:\kitting\ITManagementSystem\03_実装\it-ops-system\backend\node_modules\jest-circus\build\run.js:95:7)
    at run (C:\kitting\ITManagementSystem\03_実装\it-ops-system\backend\node_modules\jest-circus\build\run.js:71:3)
    at runAndTransformResultsToJestFormat (C:\kitting\ITManagementSystem\03_実装\it-ops-system\backend\node_modules\jest-circus\build\legacy-code-todo-rewrite\jestAdapterInit.js:122:21)
    at jestAdapter (C:\kitting\ITManagementSystem\03_実装\it-ops-system\backend\node_modules\jest-circus\build\legacy-code-todo-rewrite\jestAdapter.js:79:19)
    at runTestInternal (C:\kitting\ITManagementSystem\03_実装\it-ops-system\backend\node_modules\jest-runner\build\runTest.js:367:16)
    at runTest (C:\kitting\ITManagementSystem\03_実装\it-ops-system\backend\node_modules\jest-runner\build\runTest.js:444:34)
    at Object.worker (C:\kitting\ITManagementSystem\03_実装\it-ops-system\backend\node_modules\jest-runner\build\testWorker.js:106:12)</failure>
    </testcase>
    <testcase classname="Audit Error Classes &gt; AuditValidationError" name="バリデーションエラー情報を正しく設定すること" time="0">
      <failure>TypeError: db.initialize is not a function
    at Object.&lt;anonymous&gt; (C:\kitting\ITManagementSystem\03_実装\it-ops-system\backend\src\tests\setup.ts:21:14)
    at Promise.then.completed (C:\kitting\ITManagementSystem\03_実装\it-ops-system\backend\node_modules\jest-circus\build\utils.js:298:28)
    at new Promise (&lt;anonymous&gt;)
    at callAsyncCircusFn (C:\kitting\ITManagementSystem\03_実装\it-ops-system\backend\node_modules\jest-circus\build\utils.js:231:10)
    at _callCircusHook (C:\kitting\ITManagementSystem\03_実装\it-ops-system\backend\node_modules\jest-circus\build\run.js:281:40)
    at processTicksAndRejections (node:internal/process/task_queues:105:5)
    at _runTestsForDescribeBlock (C:\kitting\ITManagementSystem\03_実装\it-ops-system\backend\node_modules\jest-circus\build\run.js:95:7)
    at run (C:\kitting\ITManagementSystem\03_実装\it-ops-system\backend\node_modules\jest-circus\build\run.js:71:3)
    at runAndTransformResultsToJestFormat (C:\kitting\ITManagementSystem\03_実装\it-ops-system\backend\node_modules\jest-circus\build\legacy-code-todo-rewrite\jestAdapterInit.js:122:21)
    at jestAdapter (C:\kitting\ITManagementSystem\03_実装\it-ops-system\backend\node_modules\jest-circus\build\legacy-code-todo-rewrite\jestAdapter.js:79:19)
    at runTestInternal (C:\kitting\ITManagementSystem\03_実装\it-ops-system\backend\node_modules\jest-runner\build\runTest.js:367:16)
    at runTest (C:\kitting\ITManagementSystem\03_実装\it-ops-system\backend\node_modules\jest-runner\build\runTest.js:444:34)
    at Object.worker (C:\kitting\ITManagementSystem\03_実装\it-ops-system\backend\node_modules\jest-runner\build\testWorker.js:106:12)</failure>
    </testcase>
    <testcase classname="Audit Error Classes &gt; AuditPermissionError" name="権限エラー情報を正しく設定すること" time="0.001">
      <failure>TypeError: db.initialize is not a function
    at Object.&lt;anonymous&gt; (C:\kitting\ITManagementSystem\03_実装\it-ops-system\backend\src\tests\setup.ts:21:14)
    at Promise.then.completed (C:\kitting\ITManagementSystem\03_実装\it-ops-system\backend\node_modules\jest-circus\build\utils.js:298:28)
    at new Promise (&lt;anonymous&gt;)
    at callAsyncCircusFn (C:\kitting\ITManagementSystem\03_実装\it-ops-system\backend\node_modules\jest-circus\build\utils.js:231:10)
    at _callCircusHook (C:\kitting\ITManagementSystem\03_実装\it-ops-system\backend\node_modules\jest-circus\build\run.js:281:40)
    at processTicksAndRejections (node:internal/process/task_queues:105:5)
    at _runTestsForDescribeBlock (C:\kitting\ITManagementSystem\03_実装\it-ops-system\backend\node_modules\jest-circus\build\run.js:95:7)
    at run (C:\kitting\ITManagementSystem\03_実装\it-ops-system\backend\node_modules\jest-circus\build\run.js:71:3)
    at runAndTransformResultsToJestFormat (C:\kitting\ITManagementSystem\03_実装\it-ops-system\backend\node_modules\jest-circus\build\legacy-code-todo-rewrite\jestAdapterInit.js:122:21)
    at jestAdapter (C:\kitting\ITManagementSystem\03_実装\it-ops-system\backend\node_modules\jest-circus\build\legacy-code-todo-rewrite\jestAdapter.js:79:19)
    at runTestInternal (C:\kitting\ITManagementSystem\03_実装\it-ops-system\backend\node_modules\jest-runner\build\runTest.js:367:16)
    at runTest (C:\kitting\ITManagementSystem\03_実装\it-ops-system\backend\node_modules\jest-runner\build\runTest.js:444:34)
    at Object.worker (C:\kitting\ITManagementSystem\03_実装\it-ops-system\backend\node_modules\jest-runner\build\testWorker.js:106:12)</failure>
    </testcase>
    <testcase classname="Audit Error Classes &gt; AuditNotFoundError" name="Not Foundエラー情報を正しく設定すること" time="0">
      <failure>TypeError: db.initialize is not a function
    at Object.&lt;anonymous&gt; (C:\kitting\ITManagementSystem\03_実装\it-ops-system\backend\src\tests\setup.ts:21:14)
    at Promise.then.completed (C:\kitting\ITManagementSystem\03_実装\it-ops-system\backend\node_modules\jest-circus\build\utils.js:298:28)
    at new Promise (&lt;anonymous&gt;)
    at callAsyncCircusFn (C:\kitting\ITManagementSystem\03_実装\it-ops-system\backend\node_modules\jest-circus\build\utils.js:231:10)
    at _callCircusHook (C:\kitting\ITManagementSystem\03_実装\it-ops-system\backend\node_modules\jest-circus\build\run.js:281:40)
    at processTicksAndRejections (node:internal/process/task_queues:105:5)
    at _runTestsForDescribeBlock (C:\kitting\ITManagementSystem\03_実装\it-ops-system\backend\node_modules\jest-circus\build\run.js:95:7)
    at run (C:\kitting\ITManagementSystem\03_実装\it-ops-system\backend\node_modules\jest-circus\build\run.js:71:3)
    at runAndTransformResultsToJestFormat (C:\kitting\ITManagementSystem\03_実装\it-ops-system\backend\node_modules\jest-circus\build\legacy-code-todo-rewrite\jestAdapterInit.js:122:21)
    at jestAdapter (C:\kitting\ITManagementSystem\03_実装\it-ops-system\backend\node_modules\jest-circus\build\legacy-code-todo-rewrite\jestAdapter.js:79:19)
    at runTestInternal (C:\kitting\ITManagementSystem\03_実装\it-ops-system\backend\node_modules\jest-runner\build\runTest.js:367:16)
    at runTest (C:\kitting\ITManagementSystem\03_実装\it-ops-system\backend\node_modules\jest-runner\build\runTest.js:444:34)
    at Object.worker (C:\kitting\ITManagementSystem\03_実装\it-ops-system\backend\node_modules\jest-runner\build\testWorker.js:106:12)</failure>
    </testcase>
    <testcase classname="Audit Error Classes &gt; AuditDatabaseError" name="データベースエラー情報を正しく設定すること" time="0">
      <failure>TypeError: db.initialize is not a function
    at Object.&lt;anonymous&gt; (C:\kitting\ITManagementSystem\03_実装\it-ops-system\backend\src\tests\setup.ts:21:14)
    at Promise.then.completed (C:\kitting\ITManagementSystem\03_実装\it-ops-system\backend\node_modules\jest-circus\build\utils.js:298:28)
    at new Promise (&lt;anonymous&gt;)
    at callAsyncCircusFn (C:\kitting\ITManagementSystem\03_実装\it-ops-system\backend\node_modules\jest-circus\build\utils.js:231:10)
    at _callCircusHook (C:\kitting\ITManagementSystem\03_実装\it-ops-system\backend\node_modules\jest-circus\build\run.js:281:40)
    at processTicksAndRejections (node:internal/process/task_queues:105:5)
    at _runTestsForDescribeBlock (C:\kitting\ITManagementSystem\03_実装\it-ops-system\backend\node_modules\jest-circus\build\run.js:95:7)
    at run (C:\kitting\ITManagementSystem\03_実装\it-ops-system\backend\node_modules\jest-circus\build\run.js:71:3)
    at runAndTransformResultsToJestFormat (C:\kitting\ITManagementSystem\03_実装\it-ops-system\backend\node_modules\jest-circus\build\legacy-code-todo-rewrite\jestAdapterInit.js:122:21)
    at jestAdapter (C:\kitting\ITManagementSystem\03_実装\it-ops-system\backend\node_modules\jest-circus\build\legacy-code-todo-rewrite\jestAdapter.js:79:19)
    at runTestInternal (C:\kitting\ITManagementSystem\03_実装\it-ops-system\backend\node_modules\jest-runner\build\runTest.js:367:16)
    at runTest (C:\kitting\ITManagementSystem\03_実装\it-ops-system\backend\node_modules\jest-runner\build\runTest.js:444:34)
    at Object.worker (C:\kitting\ITManagementSystem\03_実装\it-ops-system\backend\node_modules\jest-runner\build\testWorker.js:106:12)</failure>
    </testcase>
  </testsuite>
  <testsuite name="NotificationService" errors="0" failures="2" skipped="0" timestamp="2025-03-08T11:28:05" time="15.991" tests="2">
    <testcase classname="NotificationService &gt; sendAlertEmail" name="アラートメールを正常に送信できること" time="0.064">
      <failure>TypeError: db.initialize is not a function
    at Object.&lt;anonymous&gt; (C:\kitting\ITManagementSystem\03_実装\it-ops-system\backend\src\tests\setup.ts:21:14)
    at Promise.then.completed (C:\kitting\ITManagementSystem\03_実装\it-ops-system\backend\node_modules\jest-circus\build\utils.js:298:28)
    at new Promise (&lt;anonymous&gt;)
    at callAsyncCircusFn (C:\kitting\ITManagementSystem\03_実装\it-ops-system\backend\node_modules\jest-circus\build\utils.js:231:10)
    at _callCircusHook (C:\kitting\ITManagementSystem\03_実装\it-ops-system\backend\node_modules\jest-circus\build\run.js:281:40)
    at processTicksAndRejections (node:internal/process/task_queues:105:5)
    at _runTestsForDescribeBlock (C:\kitting\ITManagementSystem\03_実装\it-ops-system\backend\node_modules\jest-circus\build\run.js:95:7)
    at run (C:\kitting\ITManagementSystem\03_実装\it-ops-system\backend\node_modules\jest-circus\build\run.js:71:3)
    at runAndTransformResultsToJestFormat (C:\kitting\ITManagementSystem\03_実装\it-ops-system\backend\node_modules\jest-circus\build\legacy-code-todo-rewrite\jestAdapterInit.js:122:21)
    at jestAdapter (C:\kitting\ITManagementSystem\03_実装\it-ops-system\backend\node_modules\jest-circus\build\legacy-code-todo-rewrite\jestAdapter.js:79:19)
    at runTestInternal (C:\kitting\ITManagementSystem\03_実装\it-ops-system\backend\node_modules\jest-runner\build\runTest.js:367:16)
    at runTest (C:\kitting\ITManagementSystem\03_実装\it-ops-system\backend\node_modules\jest-runner\build\runTest.js:444:34)
    at Object.worker (C:\kitting\ITManagementSystem\03_実装\it-ops-system\backend\node_modules\jest-runner\build\testWorker.js:106:12)</failure>
    </testcase>
    <testcase classname="NotificationService &gt; sendAlertEmail" name="受信者が設定されていない場合は送信をスキップすること" time="0">
      <failure>TypeError: db.initialize is not a function
    at Object.&lt;anonymous&gt; (C:\kitting\ITManagementSystem\03_実装\it-ops-system\backend\src\tests\setup.ts:21:14)
    at Promise.then.completed (C:\kitting\ITManagementSystem\03_実装\it-ops-system\backend\node_modules\jest-circus\build\utils.js:298:28)
    at new Promise (&lt;anonymous&gt;)
    at callAsyncCircusFn (C:\kitting\ITManagementSystem\03_実装\it-ops-system\backend\node_modules\jest-circus\build\utils.js:231:10)
    at _callCircusHook (C:\kitting\ITManagementSystem\03_実装\it-ops-system\backend\node_modules\jest-circus\build\run.js:281:40)
    at processTicksAndRejections (node:internal/process/task_queues:105:5)
    at _runTestsForDescribeBlock (C:\kitting\ITManagementSystem\03_実装\it-ops-system\backend\node_modules\jest-circus\build\run.js:95:7)
    at run (C:\kitting\ITManagementSystem\03_実装\it-ops-system\backend\node_modules\jest-circus\build\run.js:71:3)
    at runAndTransformResultsToJestFormat (C:\kitting\ITManagementSystem\03_実装\it-ops-system\backend\node_modules\jest-circus\build\legacy-code-todo-rewrite\jestAdapterInit.js:122:21)
    at jestAdapter (C:\kitting\ITManagementSystem\03_実装\it-ops-system\backend\node_modules\jest-circus\build\legacy-code-todo-rewrite\jestAdapter.js:79:19)
    at runTestInternal (C:\kitting\ITManagementSystem\03_実装\it-ops-system\backend\node_modules\jest-runner\build\runTest.js:367:16)
    at runTest (C:\kitting\ITManagementSystem\03_実装\it-ops-system\backend\node_modules\jest-runner\build\runTest.js:444:34)
    at Object.worker (C:\kitting\ITManagementSystem\03_実装\it-ops-system\backend\node_modules\jest-runner\build\testWorker.js:106:12)</failure>
    </testcase>
  </testsuite>
  <testsuite name="Basic Test Setup" errors="0" failures="2" skipped="0" timestamp="2025-03-08T11:28:21" time="0.557" tests="2">
    <testcase classname="Basic Test Setup" name="should run a basic test" time="0">
      <failure>TypeError: db.initialize is not a function
    at Object.&lt;anonymous&gt; (C:\kitting\ITManagementSystem\03_実装\it-ops-system\backend\src\tests\setup.ts:21:14)
    at Promise.then.completed (C:\kitting\ITManagementSystem\03_実装\it-ops-system\backend\node_modules\jest-circus\build\utils.js:298:28)
    at new Promise (&lt;anonymous&gt;)
    at callAsyncCircusFn (C:\kitting\ITManagementSystem\03_実装\it-ops-system\backend\node_modules\jest-circus\build\utils.js:231:10)
    at _callCircusHook (C:\kitting\ITManagementSystem\03_実装\it-ops-system\backend\node_modules\jest-circus\build\run.js:281:40)
    at processTicksAndRejections (node:internal/process/task_queues:105:5)
    at _runTestsForDescribeBlock (C:\kitting\ITManagementSystem\03_実装\it-ops-system\backend\node_modules\jest-circus\build\run.js:95:7)
    at run (C:\kitting\ITManagementSystem\03_実装\it-ops-system\backend\node_modules\jest-circus\build\run.js:71:3)
    at runAndTransformResultsToJestFormat (C:\kitting\ITManagementSystem\03_実装\it-ops-system\backend\node_modules\jest-circus\build\legacy-code-todo-rewrite\jestAdapterInit.js:122:21)
    at jestAdapter (C:\kitting\ITManagementSystem\03_実装\it-ops-system\backend\node_modules\jest-circus\build\legacy-code-todo-rewrite\jestAdapter.js:79:19)
    at runTestInternal (C:\kitting\ITManagementSystem\03_実装\it-ops-system\backend\node_modules\jest-runner\build\runTest.js:367:16)
    at runTest (C:\kitting\ITManagementSystem\03_実装\it-ops-system\backend\node_modules\jest-runner\build\runTest.js:444:34)
    at Object.worker (C:\kitting\ITManagementSystem\03_実装\it-ops-system\backend\node_modules\jest-runner\build\testWorker.js:106:12)</failure>
    </testcase>
    <testcase classname="Basic Test Setup" name="should properly type check SystemMetrics" time="0">
      <failure>TypeError: db.initialize is not a function
    at Object.&lt;anonymous&gt; (C:\kitting\ITManagementSystem\03_実装\it-ops-system\backend\src\tests\setup.ts:21:14)
    at Promise.then.completed (C:\kitting\ITManagementSystem\03_実装\it-ops-system\backend\node_modules\jest-circus\build\utils.js:298:28)
    at new Promise (&lt;anonymous&gt;)
    at callAsyncCircusFn (C:\kitting\ITManagementSystem\03_実装\it-ops-system\backend\node_modules\jest-circus\build\utils.js:231:10)
    at _callCircusHook (C:\kitting\ITManagementSystem\03_実装\it-ops-system\backend\node_modules\jest-circus\build\run.js:281:40)
    at processTicksAndRejections (node:internal/process/task_queues:105:5)
    at _runTestsForDescribeBlock (C:\kitting\ITManagementSystem\03_実装\it-ops-system\backend\node_modules\jest-circus\build\run.js:95:7)
    at run (C:\kitting\ITManagementSystem\03_実装\it-ops-system\backend\node_modules\jest-circus\build\run.js:71:3)
    at runAndTransformResultsToJestFormat (C:\kitting\ITManagementSystem\03_実装\it-ops-system\backend\node_modules\jest-circus\build\legacy-code-todo-rewrite\jestAdapterInit.js:122:21)
    at jestAdapter (C:\kitting\ITManagementSystem\03_実装\it-ops-system\backend\node_modules\jest-circus\build\legacy-code-todo-rewrite\jestAdapter.js:79:19)
    at runTestInternal (C:\kitting\ITManagementSystem\03_実装\it-ops-system\backend\node_modules\jest-runner\build\runTest.js:367:16)
    at runTest (C:\kitting\ITManagementSystem\03_実装\it-ops-system\backend\node_modules\jest-runner\build\runTest.js:444:34)
    at Object.worker (C:\kitting\ITManagementSystem\03_実装\it-ops-system\backend\node_modules\jest-runner\build\testWorker.js:106:12)</failure>
    </testcase>
  </testsuite>
  <testsuite name="AuditMetricsService" errors="0" failures="7" skipped="0" timestamp="2025-03-08T11:28:04" time="15.773" tests="7">
    <testcase classname="AuditMetricsService &gt; recordMetric" name="メトリクスを正常に記録できること" time="0.025">
      <failure>TypeError: Cannot read properties of undefined (reading &apos;initialize&apos;)
    at Object.&lt;anonymous&gt; (C:\kitting\ITManagementSystem\03_実装\it-ops-system\backend\src\tests\setup.ts:21:14)
    at Promise.then.completed (C:\kitting\ITManagementSystem\03_実装\it-ops-system\backend\node_modules\jest-circus\build\utils.js:298:28)
    at new Promise (&lt;anonymous&gt;)
    at callAsyncCircusFn (C:\kitting\ITManagementSystem\03_実装\it-ops-system\backend\node_modules\jest-circus\build\utils.js:231:10)
    at _callCircusHook (C:\kitting\ITManagementSystem\03_実装\it-ops-system\backend\node_modules\jest-circus\build\run.js:281:40)
    at processTicksAndRejections (node:internal/process/task_queues:105:5)
    at _runTestsForDescribeBlock (C:\kitting\ITManagementSystem\03_実装\it-ops-system\backend\node_modules\jest-circus\build\run.js:95:7)
    at run (C:\kitting\ITManagementSystem\03_実装\it-ops-system\backend\node_modules\jest-circus\build\run.js:71:3)
    at runAndTransformResultsToJestFormat (C:\kitting\ITManagementSystem\03_実装\it-ops-system\backend\node_modules\jest-circus\build\legacy-code-todo-rewrite\jestAdapterInit.js:122:21)
    at jestAdapter (C:\kitting\ITManagementSystem\03_実装\it-ops-system\backend\node_modules\jest-circus\build\legacy-code-todo-rewrite\jestAdapter.js:79:19)
    at runTestInternal (C:\kitting\ITManagementSystem\03_実装\it-ops-system\backend\node_modules\jest-runner\build\runTest.js:367:16)
    at runTest (C:\kitting\ITManagementSystem\03_実装\it-ops-system\backend\node_modules\jest-runner\build\runTest.js:444:34)
    at Object.worker (C:\kitting\ITManagementSystem\03_実装\it-ops-system\backend\node_modules\jest-runner\build\testWorker.js:106:12)</failure>
    </testcase>
    <testcase classname="AuditMetricsService &gt; recordMetric" name="ラベルなしでメトリクスを記録できること" time="0.001">
      <failure>TypeError: Cannot read properties of undefined (reading &apos;initialize&apos;)
    at Object.&lt;anonymous&gt; (C:\kitting\ITManagementSystem\03_実装\it-ops-system\backend\src\tests\setup.ts:21:14)
    at Promise.then.completed (C:\kitting\ITManagementSystem\03_実装\it-ops-system\backend\node_modules\jest-circus\build\utils.js:298:28)
    at new Promise (&lt;anonymous&gt;)
    at callAsyncCircusFn (C:\kitting\ITManagementSystem\03_実装\it-ops-system\backend\node_modules\jest-circus\build\utils.js:231:10)
    at _callCircusHook (C:\kitting\ITManagementSystem\03_実装\it-ops-system\backend\node_modules\jest-circus\build\run.js:281:40)
    at processTicksAndRejections (node:internal/process/task_queues:105:5)
    at _runTestsForDescribeBlock (C:\kitting\ITManagementSystem\03_実装\it-ops-system\backend\node_modules\jest-circus\build\run.js:95:7)
    at run (C:\kitting\ITManagementSystem\03_実装\it-ops-system\backend\node_modules\jest-circus\build\run.js:71:3)
    at runAndTransformResultsToJestFormat (C:\kitting\ITManagementSystem\03_実装\it-ops-system\backend\node_modules\jest-circus\build\legacy-code-todo-rewrite\jestAdapterInit.js:122:21)
    at jestAdapter (C:\kitting\ITManagementSystem\03_実装\it-ops-system\backend\node_modules\jest-circus\build\legacy-code-todo-rewrite\jestAdapter.js:79:19)
    at runTestInternal (C:\kitting\ITManagementSystem\03_実装\it-ops-system\backend\node_modules\jest-runner\build\runTest.js:367:16)
    at runTest (C:\kitting\ITManagementSystem\03_実装\it-ops-system\backend\node_modules\jest-runner\build\runTest.js:444:34)
    at Object.worker (C:\kitting\ITManagementSystem\03_実装\it-ops-system\backend\node_modules\jest-runner\build\testWorker.js:106:12)</failure>
    </testcase>
    <testcase classname="AuditMetricsService &gt; recordMetric" name="エラー時に例外をスローすること" time="0.002">
      <failure>TypeError: Cannot read properties of undefined (reading &apos;initialize&apos;)
    at Object.&lt;anonymous&gt; (C:\kitting\ITManagementSystem\03_実装\it-ops-system\backend\src\tests\setup.ts:21:14)
    at Promise.then.completed (C:\kitting\ITManagementSystem\03_実装\it-ops-system\backend\node_modules\jest-circus\build\utils.js:298:28)
    at new Promise (&lt;anonymous&gt;)
    at callAsyncCircusFn (C:\kitting\ITManagementSystem\03_実装\it-ops-system\backend\node_modules\jest-circus\build\utils.js:231:10)
    at _callCircusHook (C:\kitting\ITManagementSystem\03_実装\it-ops-system\backend\node_modules\jest-circus\build\run.js:281:40)
    at processTicksAndRejections (node:internal/process/task_queues:105:5)
    at _runTestsForDescribeBlock (C:\kitting\ITManagementSystem\03_実装\it-ops-system\backend\node_modules\jest-circus\build\run.js:95:7)
    at run (C:\kitting\ITManagementSystem\03_実装\it-ops-system\backend\node_modules\jest-circus\build\run.js:71:3)
    at runAndTransformResultsToJestFormat (C:\kitting\ITManagementSystem\03_実装\it-ops-system\backend\node_modules\jest-circus\build\legacy-code-todo-rewrite\jestAdapterInit.js:122:21)
    at jestAdapter (C:\kitting\ITManagementSystem\03_実装\it-ops-system\backend\node_modules\jest-circus\build\legacy-code-todo-rewrite\jestAdapter.js:79:19)
    at runTestInternal (C:\kitting\ITManagementSystem\03_実装\it-ops-system\backend\node_modules\jest-runner\build\runTest.js:367:16)
    at runTest (C:\kitting\ITManagementSystem\03_実装\it-ops-system\backend\node_modules\jest-runner\build\runTest.js:444:34)
    at Object.worker (C:\kitting\ITManagementSystem\03_実装\it-ops-system\backend\node_modules\jest-runner\build\testWorker.js:106:12)</failure>
    </testcase>
    <testcase classname="AuditMetricsService &gt; getMetrics" name="指定された期間のメトリクスを取得できること" time="0">
      <failure>TypeError: Cannot read properties of undefined (reading &apos;initialize&apos;)
    at Object.&lt;anonymous&gt; (C:\kitting\ITManagementSystem\03_実装\it-ops-system\backend\src\tests\setup.ts:21:14)
    at Promise.then.completed (C:\kitting\ITManagementSystem\03_実装\it-ops-system\backend\node_modules\jest-circus\build\utils.js:298:28)
    at new Promise (&lt;anonymous&gt;)
    at callAsyncCircusFn (C:\kitting\ITManagementSystem\03_実装\it-ops-system\backend\node_modules\jest-circus\build\utils.js:231:10)
    at _callCircusHook (C:\kitting\ITManagementSystem\03_実装\it-ops-system\backend\node_modules\jest-circus\build\run.js:281:40)
    at processTicksAndRejections (node:internal/process/task_queues:105:5)
    at _runTestsForDescribeBlock (C:\kitting\ITManagementSystem\03_実装\it-ops-system\backend\node_modules\jest-circus\build\run.js:95:7)
    at run (C:\kitting\ITManagementSystem\03_実装\it-ops-system\backend\node_modules\jest-circus\build\run.js:71:3)
    at runAndTransformResultsToJestFormat (C:\kitting\ITManagementSystem\03_実装\it-ops-system\backend\node_modules\jest-circus\build\legacy-code-todo-rewrite\jestAdapterInit.js:122:21)
    at jestAdapter (C:\kitting\ITManagementSystem\03_実装\it-ops-system\backend\node_modules\jest-circus\build\legacy-code-todo-rewrite\jestAdapter.js:79:19)
    at runTestInternal (C:\kitting\ITManagementSystem\03_実装\it-ops-system\backend\node_modules\jest-runner\build\runTest.js:367:16)
    at runTest (C:\kitting\ITManagementSystem\03_実装\it-ops-system\backend\node_modules\jest-runner\build\runTest.js:444:34)
    at Object.worker (C:\kitting\ITManagementSystem\03_実装\it-ops-system\backend\node_modules\jest-runner\build\testWorker.js:106:12)</failure>
    </testcase>
    <testcase classname="AuditMetricsService &gt; getMetrics" name="期間指定なしでメトリクスを取得できること" time="0">
      <failure>TypeError: Cannot read properties of undefined (reading &apos;initialize&apos;)
    at Object.&lt;anonymous&gt; (C:\kitting\ITManagementSystem\03_実装\it-ops-system\backend\src\tests\setup.ts:21:14)
    at Promise.then.completed (C:\kitting\ITManagementSystem\03_実装\it-ops-system\backend\node_modules\jest-circus\build\utils.js:298:28)
    at new Promise (&lt;anonymous&gt;)
    at callAsyncCircusFn (C:\kitting\ITManagementSystem\03_実装\it-ops-system\backend\node_modules\jest-circus\build\utils.js:231:10)
    at _callCircusHook (C:\kitting\ITManagementSystem\03_実装\it-ops-system\backend\node_modules\jest-circus\build\run.js:281:40)
    at processTicksAndRejections (node:internal/process/task_queues:105:5)
    at _runTestsForDescribeBlock (C:\kitting\ITManagementSystem\03_実装\it-ops-system\backend\node_modules\jest-circus\build\run.js:95:7)
    at run (C:\kitting\ITManagementSystem\03_実装\it-ops-system\backend\node_modules\jest-circus\build\run.js:71:3)
    at runAndTransformResultsToJestFormat (C:\kitting\ITManagementSystem\03_実装\it-ops-system\backend\node_modules\jest-circus\build\legacy-code-todo-rewrite\jestAdapterInit.js:122:21)
    at jestAdapter (C:\kitting\ITManagementSystem\03_実装\it-ops-system\backend\node_modules\jest-circus\build\legacy-code-todo-rewrite\jestAdapter.js:79:19)
    at runTestInternal (C:\kitting\ITManagementSystem\03_実装\it-ops-system\backend\node_modules\jest-runner\build\runTest.js:367:16)
    at runTest (C:\kitting\ITManagementSystem\03_実装\it-ops-system\backend\node_modules\jest-runner\build\runTest.js:444:34)
    at Object.worker (C:\kitting\ITManagementSystem\03_実装\it-ops-system\backend\node_modules\jest-runner\build\testWorker.js:106:12)</failure>
    </testcase>
    <testcase classname="AuditMetricsService &gt; getAggregatedMetrics" name="メトリクスの集計を実行できること" time="0">
      <failure>TypeError: Cannot read properties of undefined (reading &apos;initialize&apos;)
    at Object.&lt;anonymous&gt; (C:\kitting\ITManagementSystem\03_実装\it-ops-system\backend\src\tests\setup.ts:21:14)
    at Promise.then.completed (C:\kitting\ITManagementSystem\03_実装\it-ops-system\backend\node_modules\jest-circus\build\utils.js:298:28)
    at new Promise (&lt;anonymous&gt;)
    at callAsyncCircusFn (C:\kitting\ITManagementSystem\03_実装\it-ops-system\backend\node_modules\jest-circus\build\utils.js:231:10)
    at _callCircusHook (C:\kitting\ITManagementSystem\03_実装\it-ops-system\backend\node_modules\jest-circus\build\run.js:281:40)
    at processTicksAndRejections (node:internal/process/task_queues:105:5)
    at _runTestsForDescribeBlock (C:\kitting\ITManagementSystem\03_実装\it-ops-system\backend\node_modules\jest-circus\build\run.js:95:7)
    at run (C:\kitting\ITManagementSystem\03_実装\it-ops-system\backend\node_modules\jest-circus\build\run.js:71:3)
    at runAndTransformResultsToJestFormat (C:\kitting\ITManagementSystem\03_実装\it-ops-system\backend\node_modules\jest-circus\build\legacy-code-todo-rewrite\jestAdapterInit.js:122:21)
    at jestAdapter (C:\kitting\ITManagementSystem\03_実装\it-ops-system\backend\node_modules\jest-circus\build\legacy-code-todo-rewrite\jestAdapter.js:79:19)
    at runTestInternal (C:\kitting\ITManagementSystem\03_実装\it-ops-system\backend\node_modules\jest-runner\build\runTest.js:367:16)
    at runTest (C:\kitting\ITManagementSystem\03_実装\it-ops-system\backend\node_modules\jest-runner\build\runTest.js:444:34)
    at Object.worker (C:\kitting\ITManagementSystem\03_実装\it-ops-system\backend\node_modules\jest-runner\build\testWorker.js:106:12)</failure>
    </testcase>
    <testcase classname="AuditMetricsService &gt; getAggregatedMetrics" name="ラベルフィルターで集計できること" time="0">
      <failure>TypeError: Cannot read properties of undefined (reading &apos;initialize&apos;)
    at Object.&lt;anonymous&gt; (C:\kitting\ITManagementSystem\03_実装\it-ops-system\backend\src\tests\setup.ts:21:14)
    at Promise.then.completed (C:\kitting\ITManagementSystem\03_実装\it-ops-system\backend\node_modules\jest-circus\build\utils.js:298:28)
    at new Promise (&lt;anonymous&gt;)
    at callAsyncCircusFn (C:\kitting\ITManagementSystem\03_実装\it-ops-system\backend\node_modules\jest-circus\build\utils.js:231:10)
    at _callCircusHook (C:\kitting\ITManagementSystem\03_実装\it-ops-system\backend\node_modules\jest-circus\build\run.js:281:40)
    at processTicksAndRejections (node:internal/process/task_queues:105:5)
    at _runTestsForDescribeBlock (C:\kitting\ITManagementSystem\03_実装\it-ops-system\backend\node_modules\jest-circus\build\run.js:95:7)
    at run (C:\kitting\ITManagementSystem\03_実装\it-ops-system\backend\node_modules\jest-circus\build\run.js:71:3)
    at runAndTransformResultsToJestFormat (C:\kitting\ITManagementSystem\03_実装\it-ops-system\backend\node_modules\jest-circus\build\legacy-code-todo-rewrite\jestAdapterInit.js:122:21)
    at jestAdapter (C:\kitting\ITManagementSystem\03_実装\it-ops-system\backend\node_modules\jest-circus\build\legacy-code-todo-rewrite\jestAdapter.js:79:19)
    at runTestInternal (C:\kitting\ITManagementSystem\03_実装\it-ops-system\backend\node_modules\jest-runner\build\runTest.js:367:16)
    at runTest (C:\kitting\ITManagementSystem\03_実装\it-ops-system\backend\node_modules\jest-runner\build\runTest.js:444:34)
    at Object.worker (C:\kitting\ITManagementSystem\03_実装\it-ops-system\backend\node_modules\jest-runner\build\testWorker.js:106:12)</failure>
    </testcase>
  </testsuite>
  <testsuite name="権限変更監査セキュリティテスト" errors="0" failures="11" skipped="0" timestamp="2025-03-08T11:28:04" time="16.587" tests="11">
    <testcase classname="権限変更監査セキュリティテスト &gt; 権限チェック" name="権限のないユーザーによる監査記録の取得を拒否" time="0.017">
      <failure>TypeError: db.initialize is not a function
    at Object.&lt;anonymous&gt; (C:\kitting\ITManagementSystem\03_実装\it-ops-system\backend\src\tests\setup.ts:21:14)
    at Promise.then.completed (C:\kitting\ITManagementSystem\03_実装\it-ops-system\backend\node_modules\jest-circus\build\utils.js:298:28)
    at new Promise (&lt;anonymous&gt;)
    at callAsyncCircusFn (C:\kitting\ITManagementSystem\03_実装\it-ops-system\backend\node_modules\jest-circus\build\utils.js:231:10)
    at _callCircusHook (C:\kitting\ITManagementSystem\03_実装\it-ops-system\backend\node_modules\jest-circus\build\run.js:281:40)
    at processTicksAndRejections (node:internal/process/task_queues:105:5)
    at _runTestsForDescribeBlock (C:\kitting\ITManagementSystem\03_実装\it-ops-system\backend\node_modules\jest-circus\build\run.js:95:7)
    at run (C:\kitting\ITManagementSystem\03_実装\it-ops-system\backend\node_modules\jest-circus\build\run.js:71:3)
    at runAndTransformResultsToJestFormat (C:\kitting\ITManagementSystem\03_実装\it-ops-system\backend\node_modules\jest-circus\build\legacy-code-todo-rewrite\jestAdapterInit.js:122:21)
    at jestAdapter (C:\kitting\ITManagementSystem\03_実装\it-ops-system\backend\node_modules\jest-circus\build\legacy-code-todo-rewrite\jestAdapter.js:79:19)
    at runTestInternal (C:\kitting\ITManagementSystem\03_実装\it-ops-system\backend\node_modules\jest-runner\build\runTest.js:367:16)
    at runTest (C:\kitting\ITManagementSystem\03_実装\it-ops-system\backend\node_modules\jest-runner\build\runTest.js:444:34)
    at Object.worker (C:\kitting\ITManagementSystem\03_実装\it-ops-system\backend\node_modules\jest-runner\build\testWorker.js:106:12)</failure>
    </testcase>
    <testcase classname="権限変更監査セキュリティテスト &gt; 権限チェック" name="権限のないユーザーによるレビュー操作を拒否" time="0">
      <failure>TypeError: db.initialize is not a function
    at Object.&lt;anonymous&gt; (C:\kitting\ITManagementSystem\03_実装\it-ops-system\backend\src\tests\setup.ts:21:14)
    at Promise.then.completed (C:\kitting\ITManagementSystem\03_実装\it-ops-system\backend\node_modules\jest-circus\build\utils.js:298:28)
    at new Promise (&lt;anonymous&gt;)
    at callAsyncCircusFn (C:\kitting\ITManagementSystem\03_実装\it-ops-system\backend\node_modules\jest-circus\build\utils.js:231:10)
    at _callCircusHook (C:\kitting\ITManagementSystem\03_実装\it-ops-system\backend\node_modules\jest-circus\build\run.js:281:40)
    at processTicksAndRejections (node:internal/process/task_queues:105:5)
    at _runTestsForDescribeBlock (C:\kitting\ITManagementSystem\03_実装\it-ops-system\backend\node_modules\jest-circus\build\run.js:95:7)
    at run (C:\kitting\ITManagementSystem\03_実装\it-ops-system\backend\node_modules\jest-circus\build\run.js:71:3)
    at runAndTransformResultsToJestFormat (C:\kitting\ITManagementSystem\03_実装\it-ops-system\backend\node_modules\jest-circus\build\legacy-code-todo-rewrite\jestAdapterInit.js:122:21)
    at jestAdapter (C:\kitting\ITManagementSystem\03_実装\it-ops-system\backend\node_modules\jest-circus\build\legacy-code-todo-rewrite\jestAdapter.js:79:19)
    at runTestInternal (C:\kitting\ITManagementSystem\03_実装\it-ops-system\backend\node_modules\jest-runner\build\runTest.js:367:16)
    at runTest (C:\kitting\ITManagementSystem\03_実装\it-ops-system\backend\node_modules\jest-runner\build\runTest.js:444:34)
    at Object.worker (C:\kitting\ITManagementSystem\03_実装\it-ops-system\backend\node_modules\jest-runner\build\testWorker.js:106:12)</failure>
    </testcase>
    <testcase classname="権限変更監査セキュリティテスト &gt; 入力値の検証とサニタイズ" name="SQLインジェクション攻撃を防止" time="0.001">
      <failure>TypeError: db.initialize is not a function
    at Object.&lt;anonymous&gt; (C:\kitting\ITManagementSystem\03_実装\it-ops-system\backend\src\tests\setup.ts:21:14)
    at Promise.then.completed (C:\kitting\ITManagementSystem\03_実装\it-ops-system\backend\node_modules\jest-circus\build\utils.js:298:28)
    at new Promise (&lt;anonymous&gt;)
    at callAsyncCircusFn (C:\kitting\ITManagementSystem\03_実装\it-ops-system\backend\node_modules\jest-circus\build\utils.js:231:10)
    at _callCircusHook (C:\kitting\ITManagementSystem\03_実装\it-ops-system\backend\node_modules\jest-circus\build\run.js:281:40)
    at processTicksAndRejections (node:internal/process/task_queues:105:5)
    at _runTestsForDescribeBlock (C:\kitting\ITManagementSystem\03_実装\it-ops-system\backend\node_modules\jest-circus\build\run.js:95:7)
    at run (C:\kitting\ITManagementSystem\03_実装\it-ops-system\backend\node_modules\jest-circus\build\run.js:71:3)
    at runAndTransformResultsToJestFormat (C:\kitting\ITManagementSystem\03_実装\it-ops-system\backend\node_modules\jest-circus\build\legacy-code-todo-rewrite\jestAdapterInit.js:122:21)
    at jestAdapter (C:\kitting\ITManagementSystem\03_実装\it-ops-system\backend\node_modules\jest-circus\build\legacy-code-todo-rewrite\jestAdapter.js:79:19)
    at runTestInternal (C:\kitting\ITManagementSystem\03_実装\it-ops-system\backend\node_modules\jest-runner\build\runTest.js:367:16)
    at runTest (C:\kitting\ITManagementSystem\03_実装\it-ops-system\backend\node_modules\jest-runner\build\runTest.js:444:34)
    at Object.worker (C:\kitting\ITManagementSystem\03_実装\it-ops-system\backend\node_modules\jest-runner\build\testWorker.js:106:12)</failure>
    </testcase>
    <testcase classname="権限変更監査セキュリティテスト &gt; 入力値の検証とサニタイズ" name="XSSペイロードを無害化" time="0.001">
      <failure>TypeError: db.initialize is not a function
    at Object.&lt;anonymous&gt; (C:\kitting\ITManagementSystem\03_実装\it-ops-system\backend\src\tests\setup.ts:21:14)
    at Promise.then.completed (C:\kitting\ITManagementSystem\03_実装\it-ops-system\backend\node_modules\jest-circus\build\utils.js:298:28)
    at new Promise (&lt;anonymous&gt;)
    at callAsyncCircusFn (C:\kitting\ITManagementSystem\03_実装\it-ops-system\backend\node_modules\jest-circus\build\utils.js:231:10)
    at _callCircusHook (C:\kitting\ITManagementSystem\03_実装\it-ops-system\backend\node_modules\jest-circus\build\run.js:281:40)
    at processTicksAndRejections (node:internal/process/task_queues:105:5)
    at _runTestsForDescribeBlock (C:\kitting\ITManagementSystem\03_実装\it-ops-system\backend\node_modules\jest-circus\build\run.js:95:7)
    at run (C:\kitting\ITManagementSystem\03_実装\it-ops-system\backend\node_modules\jest-circus\build\run.js:71:3)
    at runAndTransformResultsToJestFormat (C:\kitting\ITManagementSystem\03_実装\it-ops-system\backend\node_modules\jest-circus\build\legacy-code-todo-rewrite\jestAdapterInit.js:122:21)
    at jestAdapter (C:\kitting\ITManagementSystem\03_実装\it-ops-system\backend\node_modules\jest-circus\build\legacy-code-todo-rewrite\jestAdapter.js:79:19)
    at runTestInternal (C:\kitting\ITManagementSystem\03_実装\it-ops-system\backend\node_modules\jest-runner\build\runTest.js:367:16)
    at runTest (C:\kitting\ITManagementSystem\03_実装\it-ops-system\backend\node_modules\jest-runner\build\runTest.js:444:34)
    at Object.worker (C:\kitting\ITManagementSystem\03_実装\it-ops-system\backend\node_modules\jest-runner\build\testWorker.js:106:12)</failure>
    </testcase>
    <testcase classname="権限変更監査セキュリティテスト &gt; セッションとトークンの検証" name="無効なセッションでのアクセスを拒否" time="0.002">
      <failure>TypeError: db.initialize is not a function
    at Object.&lt;anonymous&gt; (C:\kitting\ITManagementSystem\03_実装\it-ops-system\backend\src\tests\setup.ts:21:14)
    at Promise.then.completed (C:\kitting\ITManagementSystem\03_実装\it-ops-system\backend\node_modules\jest-circus\build\utils.js:298:28)
    at new Promise (&lt;anonymous&gt;)
    at callAsyncCircusFn (C:\kitting\ITManagementSystem\03_実装\it-ops-system\backend\node_modules\jest-circus\build\utils.js:231:10)
    at _callCircusHook (C:\kitting\ITManagementSystem\03_実装\it-ops-system\backend\node_modules\jest-circus\build\run.js:281:40)
    at processTicksAndRejections (node:internal/process/task_queues:105:5)
    at _runTestsForDescribeBlock (C:\kitting\ITManagementSystem\03_実装\it-ops-system\backend\node_modules\jest-circus\build\run.js:95:7)
    at run (C:\kitting\ITManagementSystem\03_実装\it-ops-system\backend\node_modules\jest-circus\build\run.js:71:3)
    at runAndTransformResultsToJestFormat (C:\kitting\ITManagementSystem\03_実装\it-ops-system\backend\node_modules\jest-circus\build\legacy-code-todo-rewrite\jestAdapterInit.js:122:21)
    at jestAdapter (C:\kitting\ITManagementSystem\03_実装\it-ops-system\backend\node_modules\jest-circus\build\legacy-code-todo-rewrite\jestAdapter.js:79:19)
    at runTestInternal (C:\kitting\ITManagementSystem\03_実装\it-ops-system\backend\node_modules\jest-runner\build\runTest.js:367:16)
    at runTest (C:\kitting\ITManagementSystem\03_実装\it-ops-system\backend\node_modules\jest-runner\build\runTest.js:444:34)
    at Object.worker (C:\kitting\ITManagementSystem\03_実装\it-ops-system\backend\node_modules\jest-runner\build\testWorker.js:106:12)</failure>
    </testcase>
    <testcase classname="権限変更監査セキュリティテスト &gt; セッションとトークンの検証" name="期限切れトークンでのアクセスを拒否" time="0">
      <failure>TypeError: db.initialize is not a function
    at Object.&lt;anonymous&gt; (C:\kitting\ITManagementSystem\03_実装\it-ops-system\backend\src\tests\setup.ts:21:14)
    at Promise.then.completed (C:\kitting\ITManagementSystem\03_実装\it-ops-system\backend\node_modules\jest-circus\build\utils.js:298:28)
    at new Promise (&lt;anonymous&gt;)
    at callAsyncCircusFn (C:\kitting\ITManagementSystem\03_実装\it-ops-system\backend\node_modules\jest-circus\build\utils.js:231:10)
    at _callCircusHook (C:\kitting\ITManagementSystem\03_実装\it-ops-system\backend\node_modules\jest-circus\build\run.js:281:40)
    at processTicksAndRejections (node:internal/process/task_queues:105:5)
    at _runTestsForDescribeBlock (C:\kitting\ITManagementSystem\03_実装\it-ops-system\backend\node_modules\jest-circus\build\run.js:95:7)
    at run (C:\kitting\ITManagementSystem\03_実装\it-ops-system\backend\node_modules\jest-circus\build\run.js:71:3)
    at runAndTransformResultsToJestFormat (C:\kitting\ITManagementSystem\03_実装\it-ops-system\backend\node_modules\jest-circus\build\legacy-code-todo-rewrite\jestAdapterInit.js:122:21)
    at jestAdapter (C:\kitting\ITManagementSystem\03_実装\it-ops-system\backend\node_modules\jest-circus\build\legacy-code-todo-rewrite\jestAdapter.js:79:19)
    at runTestInternal (C:\kitting\ITManagementSystem\03_実装\it-ops-system\backend\node_modules\jest-runner\build\runTest.js:367:16)
    at runTest (C:\kitting\ITManagementSystem\03_実装\it-ops-system\backend\node_modules\jest-runner\build\runTest.js:444:34)
    at Object.worker (C:\kitting\ITManagementSystem\03_実装\it-ops-system\backend\node_modules\jest-runner\build\testWorker.js:106:12)</failure>
    </testcase>
    <testcase classname="権限変更監査セキュリティテスト &gt; 監査ログのセキュリティ" name="機密情報が適切にマスクされていることを確認" time="0.001">
      <failure>TypeError: db.initialize is not a function
    at Object.&lt;anonymous&gt; (C:\kitting\ITManagementSystem\03_実装\it-ops-system\backend\src\tests\setup.ts:21:14)
    at Promise.then.completed (C:\kitting\ITManagementSystem\03_実装\it-ops-system\backend\node_modules\jest-circus\build\utils.js:298:28)
    at new Promise (&lt;anonymous&gt;)
    at callAsyncCircusFn (C:\kitting\ITManagementSystem\03_実装\it-ops-system\backend\node_modules\jest-circus\build\utils.js:231:10)
    at _callCircusHook (C:\kitting\ITManagementSystem\03_実装\it-ops-system\backend\node_modules\jest-circus\build\run.js:281:40)
    at processTicksAndRejections (node:internal/process/task_queues:105:5)
    at _runTestsForDescribeBlock (C:\kitting\ITManagementSystem\03_実装\it-ops-system\backend\node_modules\jest-circus\build\run.js:95:7)
    at run (C:\kitting\ITManagementSystem\03_実装\it-ops-system\backend\node_modules\jest-circus\build\run.js:71:3)
    at runAndTransformResultsToJestFormat (C:\kitting\ITManagementSystem\03_実装\it-ops-system\backend\node_modules\jest-circus\build\legacy-code-todo-rewrite\jestAdapterInit.js:122:21)
    at jestAdapter (C:\kitting\ITManagementSystem\03_実装\it-ops-system\backend\node_modules\jest-circus\build\legacy-code-todo-rewrite\jestAdapter.js:79:19)
    at runTestInternal (C:\kitting\ITManagementSystem\03_実装\it-ops-system\backend\node_modules\jest-runner\build\runTest.js:367:16)
    at runTest (C:\kitting\ITManagementSystem\03_実装\it-ops-system\backend\node_modules\jest-runner\build\runTest.js:444:34)
    at Object.worker (C:\kitting\ITManagementSystem\03_実装\it-ops-system\backend\node_modules\jest-runner\build\testWorker.js:106:12)</failure>
    </testcase>
    <testcase classname="権限変更監査セキュリティテスト &gt; 監査ログのセキュリティ" name="監査ログの改ざんを検知" time="0">
      <failure>TypeError: db.initialize is not a function
    at Object.&lt;anonymous&gt; (C:\kitting\ITManagementSystem\03_実装\it-ops-system\backend\src\tests\setup.ts:21:14)
    at Promise.then.completed (C:\kitting\ITManagementSystem\03_実装\it-ops-system\backend\node_modules\jest-circus\build\utils.js:298:28)
    at new Promise (&lt;anonymous&gt;)
    at callAsyncCircusFn (C:\kitting\ITManagementSystem\03_実装\it-ops-system\backend\node_modules\jest-circus\build\utils.js:231:10)
    at _callCircusHook (C:\kitting\ITManagementSystem\03_実装\it-ops-system\backend\node_modules\jest-circus\build\run.js:281:40)
    at processTicksAndRejections (node:internal/process/task_queues:105:5)
    at _runTestsForDescribeBlock (C:\kitting\ITManagementSystem\03_実装\it-ops-system\backend\node_modules\jest-circus\build\run.js:95:7)
    at run (C:\kitting\ITManagementSystem\03_実装\it-ops-system\backend\node_modules\jest-circus\build\run.js:71:3)
    at runAndTransformResultsToJestFormat (C:\kitting\ITManagementSystem\03_実装\it-ops-system\backend\node_modules\jest-circus\build\legacy-code-todo-rewrite\jestAdapterInit.js:122:21)
    at jestAdapter (C:\kitting\ITManagementSystem\03_実装\it-ops-system\backend\node_modules\jest-circus\build\legacy-code-todo-rewrite\jestAdapter.js:79:19)
    at runTestInternal (C:\kitting\ITManagementSystem\03_実装\it-ops-system\backend\node_modules\jest-runner\build\runTest.js:367:16)
    at runTest (C:\kitting\ITManagementSystem\03_実装\it-ops-system\backend\node_modules\jest-runner\build\runTest.js:444:34)
    at Object.worker (C:\kitting\ITManagementSystem\03_実装\it-ops-system\backend\node_modules\jest-runner\build\testWorker.js:106:12)</failure>
    </testcase>
    <testcase classname="権限変更監査セキュリティテスト &gt; レート制限" name="短時間での大量リクエストを制限" time="0">
      <failure>TypeError: db.initialize is not a function
    at Object.&lt;anonymous&gt; (C:\kitting\ITManagementSystem\03_実装\it-ops-system\backend\src\tests\setup.ts:21:14)
    at Promise.then.completed (C:\kitting\ITManagementSystem\03_実装\it-ops-system\backend\node_modules\jest-circus\build\utils.js:298:28)
    at new Promise (&lt;anonymous&gt;)
    at callAsyncCircusFn (C:\kitting\ITManagementSystem\03_実装\it-ops-system\backend\node_modules\jest-circus\build\utils.js:231:10)
    at _callCircusHook (C:\kitting\ITManagementSystem\03_実装\it-ops-system\backend\node_modules\jest-circus\build\run.js:281:40)
    at processTicksAndRejections (node:internal/process/task_queues:105:5)
    at _runTestsForDescribeBlock (C:\kitting\ITManagementSystem\03_実装\it-ops-system\backend\node_modules\jest-circus\build\run.js:95:7)
    at run (C:\kitting\ITManagementSystem\03_実装\it-ops-system\backend\node_modules\jest-circus\build\run.js:71:3)
    at runAndTransformResultsToJestFormat (C:\kitting\ITManagementSystem\03_実装\it-ops-system\backend\node_modules\jest-circus\build\legacy-code-todo-rewrite\jestAdapterInit.js:122:21)
    at jestAdapter (C:\kitting\ITManagementSystem\03_実装\it-ops-system\backend\node_modules\jest-circus\build\legacy-code-todo-rewrite\jestAdapter.js:79:19)
    at runTestInternal (C:\kitting\ITManagementSystem\03_実装\it-ops-system\backend\node_modules\jest-runner\build\runTest.js:367:16)
    at runTest (C:\kitting\ITManagementSystem\03_実装\it-ops-system\backend\node_modules\jest-runner\build\runTest.js:444:34)
    at Object.worker (C:\kitting\ITManagementSystem\03_実装\it-ops-system\backend\node_modules\jest-runner\build\testWorker.js:106:12)</failure>
    </testcase>
    <testcase classname="権限変更監査セキュリティテスト &gt; データアクセス制御" name="ユーザーは自分に関連する監査ログのみアクセス可能" time="0">
      <failure>TypeError: db.initialize is not a function
    at Object.&lt;anonymous&gt; (C:\kitting\ITManagementSystem\03_実装\it-ops-system\backend\src\tests\setup.ts:21:14)
    at Promise.then.completed (C:\kitting\ITManagementSystem\03_実装\it-ops-system\backend\node_modules\jest-circus\build\utils.js:298:28)
    at new Promise (&lt;anonymous&gt;)
    at callAsyncCircusFn (C:\kitting\ITManagementSystem\03_実装\it-ops-system\backend\node_modules\jest-circus\build\utils.js:231:10)
    at _callCircusHook (C:\kitting\ITManagementSystem\03_実装\it-ops-system\backend\node_modules\jest-circus\build\run.js:281:40)
    at processTicksAndRejections (node:internal/process/task_queues:105:5)
    at _runTestsForDescribeBlock (C:\kitting\ITManagementSystem\03_実装\it-ops-system\backend\node_modules\jest-circus\build\run.js:95:7)
    at run (C:\kitting\ITManagementSystem\03_実装\it-ops-system\backend\node_modules\jest-circus\build\run.js:71:3)
    at runAndTransformResultsToJestFormat (C:\kitting\ITManagementSystem\03_実装\it-ops-system\backend\node_modules\jest-circus\build\legacy-code-todo-rewrite\jestAdapterInit.js:122:21)
    at jestAdapter (C:\kitting\ITManagementSystem\03_実装\it-ops-system\backend\node_modules\jest-circus\build\legacy-code-todo-rewrite\jestAdapter.js:79:19)
    at runTestInternal (C:\kitting\ITManagementSystem\03_実装\it-ops-system\backend\node_modules\jest-runner\build\runTest.js:367:16)
    at runTest (C:\kitting\ITManagementSystem\03_実装\it-ops-system\backend\node_modules\jest-runner\build\runTest.js:444:34)
    at Object.worker (C:\kitting\ITManagementSystem\03_実装\it-ops-system\backend\node_modules\jest-runner\build\testWorker.js:106:12)</failure>
    </testcase>
    <testcase classname="権限変更監査セキュリティテスト &gt; セキュリティヘッダー" name="適切なセキュリティヘッダーが設定されていることを確認" time="0">
      <failure>TypeError: db.initialize is not a function
    at Object.&lt;anonymous&gt; (C:\kitting\ITManagementSystem\03_実装\it-ops-system\backend\src\tests\setup.ts:21:14)
    at Promise.then.completed (C:\kitting\ITManagementSystem\03_実装\it-ops-system\backend\node_modules\jest-circus\build\utils.js:298:28)
    at new Promise (&lt;anonymous&gt;)
    at callAsyncCircusFn (C:\kitting\ITManagementSystem\03_実装\it-ops-system\backend\node_modules\jest-circus\build\utils.js:231:10)
    at _callCircusHook (C:\kitting\ITManagementSystem\03_実装\it-ops-system\backend\node_modules\jest-circus\build\run.js:281:40)
    at processTicksAndRejections (node:internal/process/task_queues:105:5)
    at _runTestsForDescribeBlock (C:\kitting\ITManagementSystem\03_実装\it-ops-system\backend\node_modules\jest-circus\build\run.js:95:7)
    at run (C:\kitting\ITManagementSystem\03_実装\it-ops-system\backend\node_modules\jest-circus\build\run.js:71:3)
    at runAndTransformResultsToJestFormat (C:\kitting\ITManagementSystem\03_実装\it-ops-system\backend\node_modules\jest-circus\build\legacy-code-todo-rewrite\jestAdapterInit.js:122:21)
    at jestAdapter (C:\kitting\ITManagementSystem\03_実装\it-ops-system\backend\node_modules\jest-circus\build\legacy-code-todo-rewrite\jestAdapter.js:79:19)
    at runTestInternal (C:\kitting\ITManagementSystem\03_実装\it-ops-system\backend\node_modules\jest-runner\build\runTest.js:367:16)
    at runTest (C:\kitting\ITManagementSystem\03_実装\it-ops-system\backend\node_modules\jest-runner\build\runTest.js:444:34)
    at Object.worker (C:\kitting\ITManagementSystem\03_実装\it-ops-system\backend\node_modules\jest-runner\build\testWorker.js:106:12)</failure>
    </testcase>
  </testsuite>
  <testsuite name="LoggingService" errors="0" failures="12" skipped="0" timestamp="2025-03-08T11:28:21" time="0.593" tests="12">
    <testcase classname="LoggingService &gt; getInstance" name="シングルトンインスタンスを返すこと" time="0.012">
      <failure>TypeError: winston_1.format.metadata is not a function
    at LoggingService.metadata [as initializeLogger] (C:\kitting\ITManagementSystem\03_実装\it-ops-system\backend\src\services\loggingService.ts:16:14)
    at new initializeLogger (C:\kitting\ITManagementSystem\03_実装\it-ops-system\backend\src\services\loggingService.ts:10:10)
    at Function.getInstance (C:\kitting\ITManagementSystem\03_実装\it-ops-system\backend\src\services\loggingService.ts:61:33)
    at Object.getInstance (C:\kitting\ITManagementSystem\03_実装\it-ops-system\backend\src\services\sqliteService.ts:6:31)
    at Runtime._execModule (C:\kitting\ITManagementSystem\03_実装\it-ops-system\backend\node_modules\jest-runtime\build\index.js:1439:24)
    at Runtime._loadModule (C:\kitting\ITManagementSystem\03_実装\it-ops-system\backend\node_modules\jest-runtime\build\index.js:1022:12)
    at Runtime.requireModule (C:\kitting\ITManagementSystem\03_実装\it-ops-system\backend\node_modules\jest-runtime\build\index.js:882:12)
    at Runtime.requireModuleOrMock (C:\kitting\ITManagementSystem\03_実装\it-ops-system\backend\node_modules\jest-runtime\build\index.js:1048:21)
    at Object.&lt;anonymous&gt; (C:\kitting\ITManagementSystem\03_実装\it-ops-system\backend\src\tests\setup.ts:19:31)
    at Promise.then.completed (C:\kitting\ITManagementSystem\03_実装\it-ops-system\backend\node_modules\jest-circus\build\utils.js:298:28)
    at new Promise (&lt;anonymous&gt;)
    at callAsyncCircusFn (C:\kitting\ITManagementSystem\03_実装\it-ops-system\backend\node_modules\jest-circus\build\utils.js:231:10)
    at _callCircusHook (C:\kitting\ITManagementSystem\03_実装\it-ops-system\backend\node_modules\jest-circus\build\run.js:281:40)
    at processTicksAndRejections (node:internal/process/task_queues:105:5)
    at _runTestsForDescribeBlock (C:\kitting\ITManagementSystem\03_実装\it-ops-system\backend\node_modules\jest-circus\build\run.js:95:7)
    at run (C:\kitting\ITManagementSystem\03_実装\it-ops-system\backend\node_modules\jest-circus\build\run.js:71:3)
    at runAndTransformResultsToJestFormat (C:\kitting\ITManagementSystem\03_実装\it-ops-system\backend\node_modules\jest-circus\build\legacy-code-todo-rewrite\jestAdapterInit.js:122:21)
    at jestAdapter (C:\kitting\ITManagementSystem\03_実装\it-ops-system\backend\node_modules\jest-circus\build\legacy-code-todo-rewrite\jestAdapter.js:79:19)
    at runTestInternal (C:\kitting\ITManagementSystem\03_実装\it-ops-system\backend\node_modules\jest-runner\build\runTest.js:367:16)
    at runTest (C:\kitting\ITManagementSystem\03_実装\it-ops-system\backend\node_modules\jest-runner\build\runTest.js:444:34)
    at Object.worker (C:\kitting\ITManagementSystem\03_実装\it-ops-system\backend\node_modules\jest-runner\build\testWorker.js:106:12)</failure>
    </testcase>
    <testcase classname="LoggingService &gt; logError" name="エラーオブジェクトをログ出力できること" time="0.002">
      <failure>TypeError: winston_1.format.metadata is not a function
    at LoggingService.metadata [as initializeLogger] (C:\kitting\ITManagementSystem\03_実装\it-ops-system\backend\src\services\loggingService.ts:16:14)
    at new initializeLogger (C:\kitting\ITManagementSystem\03_実装\it-ops-system\backend\src\services\loggingService.ts:10:10)
    at Function.getInstance (C:\kitting\ITManagementSystem\03_実装\it-ops-system\backend\src\services\loggingService.ts:61:33)
    at Object.getInstance (C:\kitting\ITManagementSystem\03_実装\it-ops-system\backend\src\services\sqliteService.ts:6:31)
    at Runtime._execModule (C:\kitting\ITManagementSystem\03_実装\it-ops-system\backend\node_modules\jest-runtime\build\index.js:1439:24)
    at Runtime._loadModule (C:\kitting\ITManagementSystem\03_実装\it-ops-system\backend\node_modules\jest-runtime\build\index.js:1022:12)
    at Runtime.requireModule (C:\kitting\ITManagementSystem\03_実装\it-ops-system\backend\node_modules\jest-runtime\build\index.js:882:12)
    at Runtime.requireModuleOrMock (C:\kitting\ITManagementSystem\03_実装\it-ops-system\backend\node_modules\jest-runtime\build\index.js:1048:21)
    at Object.&lt;anonymous&gt; (C:\kitting\ITManagementSystem\03_実装\it-ops-system\backend\src\tests\setup.ts:19:31)
    at Promise.then.completed (C:\kitting\ITManagementSystem\03_実装\it-ops-system\backend\node_modules\jest-circus\build\utils.js:298:28)
    at new Promise (&lt;anonymous&gt;)
    at callAsyncCircusFn (C:\kitting\ITManagementSystem\03_実装\it-ops-system\backend\node_modules\jest-circus\build\utils.js:231:10)
    at _callCircusHook (C:\kitting\ITManagementSystem\03_実装\it-ops-system\backend\node_modules\jest-circus\build\run.js:281:40)
    at processTicksAndRejections (node:internal/process/task_queues:105:5)
    at _runTestsForDescribeBlock (C:\kitting\ITManagementSystem\03_実装\it-ops-system\backend\node_modules\jest-circus\build\run.js:95:7)
    at run (C:\kitting\ITManagementSystem\03_実装\it-ops-system\backend\node_modules\jest-circus\build\run.js:71:3)
    at runAndTransformResultsToJestFormat (C:\kitting\ITManagementSystem\03_実装\it-ops-system\backend\node_modules\jest-circus\build\legacy-code-todo-rewrite\jestAdapterInit.js:122:21)
    at jestAdapter (C:\kitting\ITManagementSystem\03_実装\it-ops-system\backend\node_modules\jest-circus\build\legacy-code-todo-rewrite\jestAdapter.js:79:19)
    at runTestInternal (C:\kitting\ITManagementSystem\03_実装\it-ops-system\backend\node_modules\jest-runner\build\runTest.js:367:16)
    at runTest (C:\kitting\ITManagementSystem\03_実装\it-ops-system\backend\node_modules\jest-runner\build\runTest.js:444:34)
    at Object.worker (C:\kitting\ITManagementSystem\03_実装\it-ops-system\backend\node_modules\jest-runner\build\testWorker.js:106:12)</failure>
    </testcase>
    <testcase classname="LoggingService &gt; logError" name="エラーメッセージを文字列で受け取れること" time="0.001">
      <failure>TypeError: winston_1.format.metadata is not a function
    at LoggingService.metadata [as initializeLogger] (C:\kitting\ITManagementSystem\03_実装\it-ops-system\backend\src\services\loggingService.ts:16:14)
    at new initializeLogger (C:\kitting\ITManagementSystem\03_実装\it-ops-system\backend\src\services\loggingService.ts:10:10)
    at Function.getInstance (C:\kitting\ITManagementSystem\03_実装\it-ops-system\backend\src\services\loggingService.ts:61:33)
    at Object.getInstance (C:\kitting\ITManagementSystem\03_実装\it-ops-system\backend\src\services\sqliteService.ts:6:31)
    at Runtime._execModule (C:\kitting\ITManagementSystem\03_実装\it-ops-system\backend\node_modules\jest-runtime\build\index.js:1439:24)
    at Runtime._loadModule (C:\kitting\ITManagementSystem\03_実装\it-ops-system\backend\node_modules\jest-runtime\build\index.js:1022:12)
    at Runtime.requireModule (C:\kitting\ITManagementSystem\03_実装\it-ops-system\backend\node_modules\jest-runtime\build\index.js:882:12)
    at Runtime.requireModuleOrMock (C:\kitting\ITManagementSystem\03_実装\it-ops-system\backend\node_modules\jest-runtime\build\index.js:1048:21)
    at Object.&lt;anonymous&gt; (C:\kitting\ITManagementSystem\03_実装\it-ops-system\backend\src\tests\setup.ts:19:31)
    at Promise.then.completed (C:\kitting\ITManagementSystem\03_実装\it-ops-system\backend\node_modules\jest-circus\build\utils.js:298:28)
    at new Promise (&lt;anonymous&gt;)
    at callAsyncCircusFn (C:\kitting\ITManagementSystem\03_実装\it-ops-system\backend\node_modules\jest-circus\build\utils.js:231:10)
    at _callCircusHook (C:\kitting\ITManagementSystem\03_実装\it-ops-system\backend\node_modules\jest-circus\build\run.js:281:40)
    at processTicksAndRejections (node:internal/process/task_queues:105:5)
    at _runTestsForDescribeBlock (C:\kitting\ITManagementSystem\03_実装\it-ops-system\backend\node_modules\jest-circus\build\run.js:95:7)
    at run (C:\kitting\ITManagementSystem\03_実装\it-ops-system\backend\node_modules\jest-circus\build\run.js:71:3)
    at runAndTransformResultsToJestFormat (C:\kitting\ITManagementSystem\03_実装\it-ops-system\backend\node_modules\jest-circus\build\legacy-code-todo-rewrite\jestAdapterInit.js:122:21)
    at jestAdapter (C:\kitting\ITManagementSystem\03_実装\it-ops-system\backend\node_modules\jest-circus\build\legacy-code-todo-rewrite\jestAdapter.js:79:19)
    at runTestInternal (C:\kitting\ITManagementSystem\03_実装\it-ops-system\backend\node_modules\jest-runner\build\runTest.js:367:16)
    at runTest (C:\kitting\ITManagementSystem\03_実装\it-ops-system\backend\node_modules\jest-runner\build\runTest.js:444:34)
    at Object.worker (C:\kitting\ITManagementSystem\03_実装\it-ops-system\backend\node_modules\jest-runner\build\testWorker.js:106:12)</failure>
    </testcase>
    <testcase classname="LoggingService &gt; logError" name="コンテキストなしでログ出力できること" time="0">
      <failure>TypeError: winston_1.format.metadata is not a function
    at LoggingService.metadata [as initializeLogger] (C:\kitting\ITManagementSystem\03_実装\it-ops-system\backend\src\services\loggingService.ts:16:14)
    at new initializeLogger (C:\kitting\ITManagementSystem\03_実装\it-ops-system\backend\src\services\loggingService.ts:10:10)
    at Function.getInstance (C:\kitting\ITManagementSystem\03_実装\it-ops-system\backend\src\services\loggingService.ts:61:33)
    at Object.getInstance (C:\kitting\ITManagementSystem\03_実装\it-ops-system\backend\src\services\sqliteService.ts:6:31)
    at Runtime._execModule (C:\kitting\ITManagementSystem\03_実装\it-ops-system\backend\node_modules\jest-runtime\build\index.js:1439:24)
    at Runtime._loadModule (C:\kitting\ITManagementSystem\03_実装\it-ops-system\backend\node_modules\jest-runtime\build\index.js:1022:12)
    at Runtime.requireModule (C:\kitting\ITManagementSystem\03_実装\it-ops-system\backend\node_modules\jest-runtime\build\index.js:882:12)
    at Runtime.requireModuleOrMock (C:\kitting\ITManagementSystem\03_実装\it-ops-system\backend\node_modules\jest-runtime\build\index.js:1048:21)
    at Object.&lt;anonymous&gt; (C:\kitting\ITManagementSystem\03_実装\it-ops-system\backend\src\tests\setup.ts:19:31)
    at Promise.then.completed (C:\kitting\ITManagementSystem\03_実装\it-ops-system\backend\node_modules\jest-circus\build\utils.js:298:28)
    at new Promise (&lt;anonymous&gt;)
    at callAsyncCircusFn (C:\kitting\ITManagementSystem\03_実装\it-ops-system\backend\node_modules\jest-circus\build\utils.js:231:10)
    at _callCircusHook (C:\kitting\ITManagementSystem\03_実装\it-ops-system\backend\node_modules\jest-circus\build\run.js:281:40)
    at processTicksAndRejections (node:internal/process/task_queues:105:5)
    at _runTestsForDescribeBlock (C:\kitting\ITManagementSystem\03_実装\it-ops-system\backend\node_modules\jest-circus\build\run.js:95:7)
    at run (C:\kitting\ITManagementSystem\03_実装\it-ops-system\backend\node_modules\jest-circus\build\run.js:71:3)
    at runAndTransformResultsToJestFormat (C:\kitting\ITManagementSystem\03_実装\it-ops-system\backend\node_modules\jest-circus\build\legacy-code-todo-rewrite\jestAdapterInit.js:122:21)
    at jestAdapter (C:\kitting\ITManagementSystem\03_実装\it-ops-system\backend\node_modules\jest-circus\build\legacy-code-todo-rewrite\jestAdapter.js:79:19)
    at runTestInternal (C:\kitting\ITManagementSystem\03_実装\it-ops-system\backend\node_modules\jest-runner\build\runTest.js:367:16)
    at runTest (C:\kitting\ITManagementSystem\03_実装\it-ops-system\backend\node_modules\jest-runner\build\runTest.js:444:34)
    at Object.worker (C:\kitting\ITManagementSystem\03_実装\it-ops-system\backend\node_modules\jest-runner\build\testWorker.js:106:12)</failure>
    </testcase>
    <testcase classname="LoggingService &gt; logWarn" name="警告メッセージをログ出力できること" time="0">
      <failure>TypeError: winston_1.format.metadata is not a function
    at LoggingService.metadata [as initializeLogger] (C:\kitting\ITManagementSystem\03_実装\it-ops-system\backend\src\services\loggingService.ts:16:14)
    at new initializeLogger (C:\kitting\ITManagementSystem\03_実装\it-ops-system\backend\src\services\loggingService.ts:10:10)
    at Function.getInstance (C:\kitting\ITManagementSystem\03_実装\it-ops-system\backend\src\services\loggingService.ts:61:33)
    at Object.getInstance (C:\kitting\ITManagementSystem\03_実装\it-ops-system\backend\src\services\sqliteService.ts:6:31)
    at Runtime._execModule (C:\kitting\ITManagementSystem\03_実装\it-ops-system\backend\node_modules\jest-runtime\build\index.js:1439:24)
    at Runtime._loadModule (C:\kitting\ITManagementSystem\03_実装\it-ops-system\backend\node_modules\jest-runtime\build\index.js:1022:12)
    at Runtime.requireModule (C:\kitting\ITManagementSystem\03_実装\it-ops-system\backend\node_modules\jest-runtime\build\index.js:882:12)
    at Runtime.requireModuleOrMock (C:\kitting\ITManagementSystem\03_実装\it-ops-system\backend\node_modules\jest-runtime\build\index.js:1048:21)
    at Object.&lt;anonymous&gt; (C:\kitting\ITManagementSystem\03_実装\it-ops-system\backend\src\tests\setup.ts:19:31)
    at Promise.then.completed (C:\kitting\ITManagementSystem\03_実装\it-ops-system\backend\node_modules\jest-circus\build\utils.js:298:28)
    at new Promise (&lt;anonymous&gt;)
    at callAsyncCircusFn (C:\kitting\ITManagementSystem\03_実装\it-ops-system\backend\node_modules\jest-circus\build\utils.js:231:10)
    at _callCircusHook (C:\kitting\ITManagementSystem\03_実装\it-ops-system\backend\node_modules\jest-circus\build\run.js:281:40)
    at processTicksAndRejections (node:internal/process/task_queues:105:5)
    at _runTestsForDescribeBlock (C:\kitting\ITManagementSystem\03_実装\it-ops-system\backend\node_modules\jest-circus\build\run.js:95:7)
    at run (C:\kitting\ITManagementSystem\03_実装\it-ops-system\backend\node_modules\jest-circus\build\run.js:71:3)
    at runAndTransformResultsToJestFormat (C:\kitting\ITManagementSystem\03_実装\it-ops-system\backend\node_modules\jest-circus\build\legacy-code-todo-rewrite\jestAdapterInit.js:122:21)
    at jestAdapter (C:\kitting\ITManagementSystem\03_実装\it-ops-system\backend\node_modules\jest-circus\build\legacy-code-todo-rewrite\jestAdapter.js:79:19)
    at runTestInternal (C:\kitting\ITManagementSystem\03_実装\it-ops-system\backend\node_modules\jest-runner\build\runTest.js:367:16)
    at runTest (C:\kitting\ITManagementSystem\03_実装\it-ops-system\backend\node_modules\jest-runner\build\runTest.js:444:34)
    at Object.worker (C:\kitting\ITManagementSystem\03_実装\it-ops-system\backend\node_modules\jest-runner\build\testWorker.js:106:12)</failure>
    </testcase>
    <testcase classname="LoggingService &gt; logWarn" name="コンテキストなしで警告を出力できること" time="0">
      <failure>TypeError: winston_1.format.metadata is not a function
    at LoggingService.metadata [as initializeLogger] (C:\kitting\ITManagementSystem\03_実装\it-ops-system\backend\src\services\loggingService.ts:16:14)
    at new initializeLogger (C:\kitting\ITManagementSystem\03_実装\it-ops-system\backend\src\services\loggingService.ts:10:10)
    at Function.getInstance (C:\kitting\ITManagementSystem\03_実装\it-ops-system\backend\src\services\loggingService.ts:61:33)
    at Object.getInstance (C:\kitting\ITManagementSystem\03_実装\it-ops-system\backend\src\services\sqliteService.ts:6:31)
    at Runtime._execModule (C:\kitting\ITManagementSystem\03_実装\it-ops-system\backend\node_modules\jest-runtime\build\index.js:1439:24)
    at Runtime._loadModule (C:\kitting\ITManagementSystem\03_実装\it-ops-system\backend\node_modules\jest-runtime\build\index.js:1022:12)
    at Runtime.requireModule (C:\kitting\ITManagementSystem\03_実装\it-ops-system\backend\node_modules\jest-runtime\build\index.js:882:12)
    at Runtime.requireModuleOrMock (C:\kitting\ITManagementSystem\03_実装\it-ops-system\backend\node_modules\jest-runtime\build\index.js:1048:21)
    at Object.&lt;anonymous&gt; (C:\kitting\ITManagementSystem\03_実装\it-ops-system\backend\src\tests\setup.ts:19:31)
    at Promise.then.completed (C:\kitting\ITManagementSystem\03_実装\it-ops-system\backend\node_modules\jest-circus\build\utils.js:298:28)
    at new Promise (&lt;anonymous&gt;)
    at callAsyncCircusFn (C:\kitting\ITManagementSystem\03_実装\it-ops-system\backend\node_modules\jest-circus\build\utils.js:231:10)
    at _callCircusHook (C:\kitting\ITManagementSystem\03_実装\it-ops-system\backend\node_modules\jest-circus\build\run.js:281:40)
    at processTicksAndRejections (node:internal/process/task_queues:105:5)
    at _runTestsForDescribeBlock (C:\kitting\ITManagementSystem\03_実装\it-ops-system\backend\node_modules\jest-circus\build\run.js:95:7)
    at run (C:\kitting\ITManagementSystem\03_実装\it-ops-system\backend\node_modules\jest-circus\build\run.js:71:3)
    at runAndTransformResultsToJestFormat (C:\kitting\ITManagementSystem\03_実装\it-ops-system\backend\node_modules\jest-circus\build\legacy-code-todo-rewrite\jestAdapterInit.js:122:21)
    at jestAdapter (C:\kitting\ITManagementSystem\03_実装\it-ops-system\backend\node_modules\jest-circus\build\legacy-code-todo-rewrite\jestAdapter.js:79:19)
    at runTestInternal (C:\kitting\ITManagementSystem\03_実装\it-ops-system\backend\node_modules\jest-runner\build\runTest.js:367:16)
    at runTest (C:\kitting\ITManagementSystem\03_実装\it-ops-system\backend\node_modules\jest-runner\build\runTest.js:444:34)
    at Object.worker (C:\kitting\ITManagementSystem\03_実装\it-ops-system\backend\node_modules\jest-runner\build\testWorker.js:106:12)</failure>
    </testcase>
    <testcase classname="LoggingService &gt; logInfo" name="情報メッセージをログ出力できること" time="0">
      <failure>TypeError: winston_1.format.metadata is not a function
    at LoggingService.metadata [as initializeLogger] (C:\kitting\ITManagementSystem\03_実装\it-ops-system\backend\src\services\loggingService.ts:16:14)
    at new initializeLogger (C:\kitting\ITManagementSystem\03_実装\it-ops-system\backend\src\services\loggingService.ts:10:10)
    at Function.getInstance (C:\kitting\ITManagementSystem\03_実装\it-ops-system\backend\src\services\loggingService.ts:61:33)
    at Object.getInstance (C:\kitting\ITManagementSystem\03_実装\it-ops-system\backend\src\services\sqliteService.ts:6:31)
    at Runtime._execModule (C:\kitting\ITManagementSystem\03_実装\it-ops-system\backend\node_modules\jest-runtime\build\index.js:1439:24)
    at Runtime._loadModule (C:\kitting\ITManagementSystem\03_実装\it-ops-system\backend\node_modules\jest-runtime\build\index.js:1022:12)
    at Runtime.requireModule (C:\kitting\ITManagementSystem\03_実装\it-ops-system\backend\node_modules\jest-runtime\build\index.js:882:12)
    at Runtime.requireModuleOrMock (C:\kitting\ITManagementSystem\03_実装\it-ops-system\backend\node_modules\jest-runtime\build\index.js:1048:21)
    at Object.&lt;anonymous&gt; (C:\kitting\ITManagementSystem\03_実装\it-ops-system\backend\src\tests\setup.ts:19:31)
    at Promise.then.completed (C:\kitting\ITManagementSystem\03_実装\it-ops-system\backend\node_modules\jest-circus\build\utils.js:298:28)
    at new Promise (&lt;anonymous&gt;)
    at callAsyncCircusFn (C:\kitting\ITManagementSystem\03_実装\it-ops-system\backend\node_modules\jest-circus\build\utils.js:231:10)
    at _callCircusHook (C:\kitting\ITManagementSystem\03_実装\it-ops-system\backend\node_modules\jest-circus\build\run.js:281:40)
    at processTicksAndRejections (node:internal/process/task_queues:105:5)
    at _runTestsForDescribeBlock (C:\kitting\ITManagementSystem\03_実装\it-ops-system\backend\node_modules\jest-circus\build\run.js:95:7)
    at run (C:\kitting\ITManagementSystem\03_実装\it-ops-system\backend\node_modules\jest-circus\build\run.js:71:3)
    at runAndTransformResultsToJestFormat (C:\kitting\ITManagementSystem\03_実装\it-ops-system\backend\node_modules\jest-circus\build\legacy-code-todo-rewrite\jestAdapterInit.js:122:21)
    at jestAdapter (C:\kitting\ITManagementSystem\03_実装\it-ops-system\backend\node_modules\jest-circus\build\legacy-code-todo-rewrite\jestAdapter.js:79:19)
    at runTestInternal (C:\kitting\ITManagementSystem\03_実装\it-ops-system\backend\node_modules\jest-runner\build\runTest.js:367:16)
    at runTest (C:\kitting\ITManagementSystem\03_実装\it-ops-system\backend\node_modules\jest-runner\build\runTest.js:444:34)
    at Object.worker (C:\kitting\ITManagementSystem\03_実装\it-ops-system\backend\node_modules\jest-runner\build\testWorker.js:106:12)</failure>
    </testcase>
    <testcase classname="LoggingService &gt; logInfo" name="オブジェクトを直接ログ出力できること" time="0.001">
      <failure>TypeError: winston_1.format.metadata is not a function
    at LoggingService.metadata [as initializeLogger] (C:\kitting\ITManagementSystem\03_実装\it-ops-system\backend\src\services\loggingService.ts:16:14)
    at new initializeLogger (C:\kitting\ITManagementSystem\03_実装\it-ops-system\backend\src\services\loggingService.ts:10:10)
    at Function.getInstance (C:\kitting\ITManagementSystem\03_実装\it-ops-system\backend\src\services\loggingService.ts:61:33)
    at Object.getInstance (C:\kitting\ITManagementSystem\03_実装\it-ops-system\backend\src\services\sqliteService.ts:6:31)
    at Runtime._execModule (C:\kitting\ITManagementSystem\03_実装\it-ops-system\backend\node_modules\jest-runtime\build\index.js:1439:24)
    at Runtime._loadModule (C:\kitting\ITManagementSystem\03_実装\it-ops-system\backend\node_modules\jest-runtime\build\index.js:1022:12)
    at Runtime.requireModule (C:\kitting\ITManagementSystem\03_実装\it-ops-system\backend\node_modules\jest-runtime\build\index.js:882:12)
    at Runtime.requireModuleOrMock (C:\kitting\ITManagementSystem\03_実装\it-ops-system\backend\node_modules\jest-runtime\build\index.js:1048:21)
    at Object.&lt;anonymous&gt; (C:\kitting\ITManagementSystem\03_実装\it-ops-system\backend\src\tests\setup.ts:19:31)
    at Promise.then.completed (C:\kitting\ITManagementSystem\03_実装\it-ops-system\backend\node_modules\jest-circus\build\utils.js:298:28)
    at new Promise (&lt;anonymous&gt;)
    at callAsyncCircusFn (C:\kitting\ITManagementSystem\03_実装\it-ops-system\backend\node_modules\jest-circus\build\utils.js:231:10)
    at _callCircusHook (C:\kitting\ITManagementSystem\03_実装\it-ops-system\backend\node_modules\jest-circus\build\run.js:281:40)
    at processTicksAndRejections (node:internal/process/task_queues:105:5)
    at _runTestsForDescribeBlock (C:\kitting\ITManagementSystem\03_実装\it-ops-system\backend\node_modules\jest-circus\build\run.js:95:7)
    at run (C:\kitting\ITManagementSystem\03_実装\it-ops-system\backend\node_modules\jest-circus\build\run.js:71:3)
    at runAndTransformResultsToJestFormat (C:\kitting\ITManagementSystem\03_実装\it-ops-system\backend\node_modules\jest-circus\build\legacy-code-todo-rewrite\jestAdapterInit.js:122:21)
    at jestAdapter (C:\kitting\ITManagementSystem\03_実装\it-ops-system\backend\node_modules\jest-circus\build\legacy-code-todo-rewrite\jestAdapter.js:79:19)
    at runTestInternal (C:\kitting\ITManagementSystem\03_実装\it-ops-system\backend\node_modules\jest-runner\build\runTest.js:367:16)
    at runTest (C:\kitting\ITManagementSystem\03_実装\it-ops-system\backend\node_modules\jest-runner\build\runTest.js:444:34)
    at Object.worker (C:\kitting\ITManagementSystem\03_実装\it-ops-system\backend\node_modules\jest-runner\build\testWorker.js:106:12)</failure>
    </testcase>
    <testcase classname="LoggingService &gt; logDebug" name="デバッグメッセージをログ出力できること" time="0">
      <failure>TypeError: winston_1.format.metadata is not a function
    at LoggingService.metadata [as initializeLogger] (C:\kitting\ITManagementSystem\03_実装\it-ops-system\backend\src\services\loggingService.ts:16:14)
    at new initializeLogger (C:\kitting\ITManagementSystem\03_実装\it-ops-system\backend\src\services\loggingService.ts:10:10)
    at Function.getInstance (C:\kitting\ITManagementSystem\03_実装\it-ops-system\backend\src\services\loggingService.ts:61:33)
    at Object.getInstance (C:\kitting\ITManagementSystem\03_実装\it-ops-system\backend\src\services\sqliteService.ts:6:31)
    at Runtime._execModule (C:\kitting\ITManagementSystem\03_実装\it-ops-system\backend\node_modules\jest-runtime\build\index.js:1439:24)
    at Runtime._loadModule (C:\kitting\ITManagementSystem\03_実装\it-ops-system\backend\node_modules\jest-runtime\build\index.js:1022:12)
    at Runtime.requireModule (C:\kitting\ITManagementSystem\03_実装\it-ops-system\backend\node_modules\jest-runtime\build\index.js:882:12)
    at Runtime.requireModuleOrMock (C:\kitting\ITManagementSystem\03_実装\it-ops-system\backend\node_modules\jest-runtime\build\index.js:1048:21)
    at Object.&lt;anonymous&gt; (C:\kitting\ITManagementSystem\03_実装\it-ops-system\backend\src\tests\setup.ts:19:31)
    at Promise.then.completed (C:\kitting\ITManagementSystem\03_実装\it-ops-system\backend\node_modules\jest-circus\build\utils.js:298:28)
    at new Promise (&lt;anonymous&gt;)
    at callAsyncCircusFn (C:\kitting\ITManagementSystem\03_実装\it-ops-system\backend\node_modules\jest-circus\build\utils.js:231:10)
    at _callCircusHook (C:\kitting\ITManagementSystem\03_実装\it-ops-system\backend\node_modules\jest-circus\build\run.js:281:40)
    at processTicksAndRejections (node:internal/process/task_queues:105:5)
[...]
    at processTicksAndRejections (node:internal/process/task_queues:105:5)
    at _runTestsForDescribeBlock (C:\kitting\ITManagementSystem\03_実装\it-ops-system\backend\node_modules\jest-circus\build\run.js:95:7)
    at run (C:\kitting\ITManagementSystem\03_実装\it-ops-system\backend\node_modules\jest-circus\build\run.js:71:3)
    at runAndTransformResultsToJestFormat (C:\kitting\ITManagementSystem\03_実装\it-ops-system\backend\node_modules\jest-circus\build\legacy-code-todo-rewrite\jestAdapterInit.js:122:21)
    at jestAdapter (C:\kitting\ITManagementSystem\03_実装\it-ops-system\backend\node_modules\jest-circus\build\legacy-code-todo-rewrite\jestAdapter.js:79:19)
    at runTestInternal (C:\kitting\ITManagementSystem\03_実装\it-ops-system\backend\node_modules\jest-runner\build\runTest.js:367:16)
    at runTest (C:\kitting\ITManagementSystem\03_実装\it-ops-system\backend\node_modules\jest-runner\build\runTest.js:444:34)
    at Object.worker (C:\kitting\ITManagementSystem\03_実装\it-ops-system\backend\node_modules\jest-runner\build\testWorker.js:106:12)</failure>
      <failure>Error: SQLITE_ERROR: no such table: permission_audit</failure>
    </testcase>
    <testcase classname="権限変更監査パフォーマンステスト" name="フィルター付き検索性能テスト" time="0.002">
      <failure>TypeError: db.initialize is not a function
    at Object.&lt;anonymous&gt; (C:\kitting\ITManagementSystem\03_実装\it-ops-system\backend\src\tests\setup.ts:21:14)
    at Promise.then.completed (C:\kitting\ITManagementSystem\03_実装\it-ops-system\backend\node_modules\jest-circus\build\utils.js:298:28)
    at new Promise (&lt;anonymous&gt;)
    at callAsyncCircusFn (C:\kitting\ITManagementSystem\03_実装\it-ops-system\backend\node_modules\jest-circus\build\utils.js:231:10)
    at _callCircusHook (C:\kitting\ITManagementSystem\03_実装\it-ops-system\backend\node_modules\jest-circus\build\run.js:281:40)
    at processTicksAndRejections (node:internal/process/task_queues:105:5)
    at _runTestsForDescribeBlock (C:\kitting\ITManagementSystem\03_実装\it-ops-system\backend\node_modules\jest-circus\build\run.js:95:7)
    at run (C:\kitting\ITManagementSystem\03_実装\it-ops-system\backend\node_modules\jest-circus\build\run.js:71:3)
    at runAndTransformResultsToJestFormat (C:\kitting\ITManagementSystem\03_実装\it-ops-system\backend\node_modules\jest-circus\build\legacy-code-todo-rewrite\jestAdapterInit.js:122:21)
    at jestAdapter (C:\kitting\ITManagementSystem\03_実装\it-ops-system\backend\node_modules\jest-circus\build\legacy-code-todo-rewrite\jestAdapter.js:79:19)
    at runTestInternal (C:\kitting\ITManagementSystem\03_実装\it-ops-system\backend\node_modules\jest-runner\build\runTest.js:367:16)
    at runTest (C:\kitting\ITManagementSystem\03_実装\it-ops-system\backend\node_modules\jest-runner\build\runTest.js:444:34)
    at Object.worker (C:\kitting\ITManagementSystem\03_実装\it-ops-system\backend\node_modules\jest-runner\build\testWorker.js:106:12)</failure>
      <failure>Error: SQLITE_ERROR: no such table: permission_audit</failure>
    </testcase>
    <testcase classname="権限変更監査パフォーマンステスト" name="統計情報生成性能テスト" time="0.003">
      <failure>TypeError: db.initialize is not a function
    at Object.&lt;anonymous&gt; (C:\kitting\ITManagementSystem\03_実装\it-ops-system\backend\src\tests\setup.ts:21:14)
    at Promise.then.completed (C:\kitting\ITManagementSystem\03_実装\it-ops-system\backend\node_modules\jest-circus\build\utils.js:298:28)
    at new Promise (&lt;anonymous&gt;)
    at callAsyncCircusFn (C:\kitting\ITManagementSystem\03_実装\it-ops-system\backend\node_modules\jest-circus\build\utils.js:231:10)
    at _callCircusHook (C:\kitting\ITManagementSystem\03_実装\it-ops-system\backend\node_modules\jest-circus\build\run.js:281:40)
    at processTicksAndRejections (node:internal/process/task_queues:105:5)
    at _runTestsForDescribeBlock (C:\kitting\ITManagementSystem\03_実装\it-ops-system\backend\node_modules\jest-circus\build\run.js:95:7)
    at run (C:\kitting\ITManagementSystem\03_実装\it-ops-system\backend\node_modules\jest-circus\build\run.js:71:3)
    at runAndTransformResultsToJestFormat (C:\kitting\ITManagementSystem\03_実装\it-ops-system\backend\node_modules\jest-circus\build\legacy-code-todo-rewrite\jestAdapterInit.js:122:21)
    at jestAdapter (C:\kitting\ITManagementSystem\03_実装\it-ops-system\backend\node_modules\jest-circus\build\legacy-code-todo-rewrite\jestAdapter.js:79:19)
    at runTestInternal (C:\kitting\ITManagementSystem\03_実装\it-ops-system\backend\node_modules\jest-runner\build\runTest.js:367:16)
    at runTest (C:\kitting\ITManagementSystem\03_実装\it-ops-system\backend\node_modules\jest-runner\build\runTest.js:444:34)
    at Object.worker (C:\kitting\ITManagementSystem\03_実装\it-ops-system\backend\node_modules\jest-runner\build\testWorker.js:106:12)</failure>
      <failure>Error: SQLITE_ERROR: no such table: permission_audit</failure>
    </testcase>
    <testcase classname="権限変更監査パフォーマンステスト" name="メモリ使用量テスト" time="0.002">
      <failure>TypeError: db.initialize is not a function
    at Object.&lt;anonymous&gt; (C:\kitting\ITManagementSystem\03_実装\it-ops-system\backend\src\tests\setup.ts:21:14)
    at Promise.then.completed (C:\kitting\ITManagementSystem\03_実装\it-ops-system\backend\node_modules\jest-circus\build\utils.js:298:28)
    at new Promise (&lt;anonymous&gt;)
    at callAsyncCircusFn (C:\kitting\ITManagementSystem\03_実装\it-ops-system\backend\node_modules\jest-circus\build\utils.js:231:10)
    at _callCircusHook (C:\kitting\ITManagementSystem\03_実装\it-ops-system\backend\node_modules\jest-circus\build\run.js:281:40)
    at processTicksAndRejections (node:internal/process/task_queues:105:5)
    at _runTestsForDescribeBlock (C:\kitting\ITManagementSystem\03_実装\it-ops-system\backend\node_modules\jest-circus\build\run.js:95:7)
    at run (C:\kitting\ITManagementSystem\03_実装\it-ops-system\backend\node_modules\jest-circus\build\run.js:71:3)
    at runAndTransformResultsToJestFormat (C:\kitting\ITManagementSystem\03_実装\it-ops-system\backend\node_modules\jest-circus\build\legacy-code-todo-rewrite\jestAdapterInit.js:122:21)
    at jestAdapter (C:\kitting\ITManagementSystem\03_実装\it-ops-system\backend\node_modules\jest-circus\build\legacy-code-todo-rewrite\jestAdapter.js:79:19)
    at runTestInternal (C:\kitting\ITManagementSystem\03_実装\it-ops-system\backend\node_modules\jest-runner\build\runTest.js:367:16)
    at runTest (C:\kitting\ITManagementSystem\03_実装\it-ops-system\backend\node_modules\jest-runner\build\runTest.js:444:34)
    at Object.worker (C:\kitting\ITManagementSystem\03_実装\it-ops-system\backend\node_modules\jest-runner\build\testWorker.js:106:12)</failure>
      <failure>Error: SQLITE_ERROR: no such table: permission_audit</failure>
    </testcase>
    <testcase classname="権限変更監査パフォーマンステスト" name="同時リクエスト処理性能テスト" time="0.005">
      <failure>TypeError: db.initialize is not a function
    at Object.&lt;anonymous&gt; (C:\kitting\ITManagementSystem\03_実装\it-ops-system\backend\src\tests\setup.ts:21:14)
    at Promise.then.completed (C:\kitting\ITManagementSystem\03_実装\it-ops-system\backend\node_modules\jest-circus\build\utils.js:298:28)
    at new Promise (&lt;anonymous&gt;)
    at callAsyncCircusFn (C:\kitting\ITManagementSystem\03_実装\it-ops-system\backend\node_modules\jest-circus\build\utils.js:231:10)
    at _callCircusHook (C:\kitting\ITManagementSystem\03_実装\it-ops-system\backend\node_modules\jest-circus\build\run.js:281:40)
    at processTicksAndRejections (node:internal/process/task_queues:105:5)
    at _runTestsForDescribeBlock (C:\kitting\ITManagementSystem\03_実装\it-ops-system\backend\node_modules\jest-circus\build\run.js:95:7)
    at run (C:\kitting\ITManagementSystem\03_実装\it-ops-system\backend\node_modules\jest-circus\build\run.js:71:3)
    at runAndTransformResultsToJestFormat (C:\kitting\ITManagementSystem\03_実装\it-ops-system\backend\node_modules\jest-circus\build\legacy-code-todo-rewrite\jestAdapterInit.js:122:21)
    at jestAdapter (C:\kitting\ITManagementSystem\03_実装\it-ops-system\backend\node_modules\jest-circus\build\legacy-code-todo-rewrite\jestAdapter.js:79:19)
    at runTestInternal (C:\kitting\ITManagementSystem\03_実装\it-ops-system\backend\node_modules\jest-runner\build\runTest.js:367:16)
    at runTest (C:\kitting\ITManagementSystem\03_実装\it-ops-system\backend\node_modules\jest-runner\build\runTest.js:444:34)
    at Object.worker (C:\kitting\ITManagementSystem\03_実装\it-ops-system\backend\node_modules\jest-runner\build\testWorker.js:106:12)</failure>
      <failure>Error: SQLITE_ERROR: no such table: permission_audit</failure>
    </testcase>
  </testsuite>
  <testsuite name="PermissionAuditService Performance Tests" errors="0" failures="6" skipped="0" timestamp="2025-03-08T11:28:23" time="8.924" tests="6">
    <testcase classname="PermissionAuditService Performance Tests" name="検索のパフォーマンス - インデックスあり" time="0.013">
      <failure>TypeError: db.initialize is not a function
    at Object.&lt;anonymous&gt; (C:\kitting\ITManagementSystem\03_実装\it-ops-system\backend\src\tests\setup.ts:21:14)
    at Promise.then.completed (C:\kitting\ITManagementSystem\03_実装\it-ops-system\backend\node_modules\jest-circus\build\utils.js:298:28)
    at new Promise (&lt;anonymous&gt;)
    at callAsyncCircusFn (C:\kitting\ITManagementSystem\03_実装\it-ops-system\backend\node_modules\jest-circus\build\utils.js:231:10)
    at _callCircusHook (C:\kitting\ITManagementSystem\03_実装\it-ops-system\backend\node_modules\jest-circus\build\run.js:281:40)
    at processTicksAndRejections (node:internal/process/task_queues:105:5)
    at _runTestsForDescribeBlock (C:\kitting\ITManagementSystem\03_実装\it-ops-system\backend\node_modules\jest-circus\build\run.js:95:7)
    at run (C:\kitting\ITManagementSystem\03_実装\it-ops-system\backend\node_modules\jest-circus\build\run.js:71:3)
    at runAndTransformResultsToJestFormat (C:\kitting\ITManagementSystem\03_実装\it-ops-system\backend\node_modules\jest-circus\build\legacy-code-todo-rewrite\jestAdapterInit.js:122:21)
    at jestAdapter (C:\kitting\ITManagementSystem\03_実装\it-ops-system\backend\node_modules\jest-circus\build\legacy-code-todo-rewrite\jestAdapter.js:79:19)
    at runTestInternal (C:\kitting\ITManagementSystem\03_実装\it-ops-system\backend\node_modules\jest-runner\build\runTest.js:367:16)
    at runTest (C:\kitting\ITManagementSystem\03_実装\it-ops-system\backend\node_modules\jest-runner\build\runTest.js:444:34)
    at Object.worker (C:\kitting\ITManagementSystem\03_実装\it-ops-system\backend\node_modules\jest-runner\build\testWorker.js:106:12)</failure>
      <failure>Error: SQLITE_ERROR: no such table: permission_audit</failure>
    </testcase>
    <testcase classname="PermissionAuditService Performance Tests" name="統計集計のパフォーマンス" time="0">
      <failure>TypeError: db.initialize is not a function
    at Object.&lt;anonymous&gt; (C:\kitting\ITManagementSystem\03_実装\it-ops-system\backend\src\tests\setup.ts:21:14)
    at Promise.then.completed (C:\kitting\ITManagementSystem\03_実装\it-ops-system\backend\node_modules\jest-circus\build\utils.js:298:28)
    at new Promise (&lt;anonymous&gt;)
    at callAsyncCircusFn (C:\kitting\ITManagementSystem\03_実装\it-ops-system\backend\node_modules\jest-circus\build\utils.js:231:10)
    at _callCircusHook (C:\kitting\ITManagementSystem\03_実装\it-ops-system\backend\node_modules\jest-circus\build\run.js:281:40)
    at processTicksAndRejections (node:internal/process/task_queues:105:5)
    at _runTestsForDescribeBlock (C:\kitting\ITManagementSystem\03_実装\it-ops-system\backend\node_modules\jest-circus\build\run.js:95:7)
    at run (C:\kitting\ITManagementSystem\03_実装\it-ops-system\backend\node_modules\jest-circus\build\run.js:71:3)
    at runAndTransformResultsToJestFormat (C:\kitting\ITManagementSystem\03_実装\it-ops-system\backend\node_modules\jest-circus\build\legacy-code-todo-rewrite\jestAdapterInit.js:122:21)
    at jestAdapter (C:\kitting\ITManagementSystem\03_実装\it-ops-system\backend\node_modules\jest-circus\build\legacy-code-todo-rewrite\jestAdapter.js:79:19)
    at runTestInternal (C:\kitting\ITManagementSystem\03_実装\it-ops-system\backend\node_modules\jest-runner\build\runTest.js:367:16)
    at runTest (C:\kitting\ITManagementSystem\03_実装\it-ops-system\backend\node_modules\jest-runner\build\runTest.js:444:34)
    at Object.worker (C:\kitting\ITManagementSystem\03_実装\it-ops-system\backend\node_modules\jest-runner\build\testWorker.js:106:12)</failure>
      <failure>Error: SQLITE_ERROR: no such table: permission_audit</failure>
    </testcase>
    <testcase classname="PermissionAuditService Performance Tests" name="ユーザー履歴取得のパフォーマンス" time="0.001">
      <failure>TypeError: db.initialize is not a function
    at Object.&lt;anonymous&gt; (C:\kitting\ITManagementSystem\03_実装\it-ops-system\backend\src\tests\setup.ts:21:14)
    at Promise.then.completed (C:\kitting\ITManagementSystem\03_実装\it-ops-system\backend\node_modules\jest-circus\build\utils.js:298:28)
    at new Promise (&lt;anonymous&gt;)
    at callAsyncCircusFn (C:\kitting\ITManagementSystem\03_実装\it-ops-system\backend\node_modules\jest-circus\build\utils.js:231:10)
    at _callCircusHook (C:\kitting\ITManagementSystem\03_実装\it-ops-system\backend\node_modules\jest-circus\build\run.js:281:40)
    at processTicksAndRejections (node:internal/process/task_queues:105:5)
    at _runTestsForDescribeBlock (C:\kitting\ITManagementSystem\03_実装\it-ops-system\backend\node_modules\jest-circus\build\run.js:95:7)
    at run (C:\kitting\ITManagementSystem\03_実装\it-ops-system\backend\node_modules\jest-circus\build\run.js:71:3)
    at runAndTransformResultsToJestFormat (C:\kitting\ITManagementSystem\03_実装\it-ops-system\backend\node_modules\jest-circus\build\legacy-code-todo-rewrite\jestAdapterInit.js:122:21)
    at jestAdapter (C:\kitting\ITManagementSystem\03_実装\it-ops-system\backend\node_modules\jest-circus\build\legacy-code-todo-rewrite\jestAdapter.js:79:19)
    at runTestInternal (C:\kitting\ITManagementSystem\03_実装\it-ops-system\backend\node_modules\jest-runner\build\runTest.js:367:16)
    at runTest (C:\kitting\ITManagementSystem\03_実装\it-ops-system\backend\node_modules\jest-runner\build\runTest.js:444:34)
    at Object.worker (C:\kitting\ITManagementSystem\03_実装\it-ops-system\backend\node_modules\jest-runner\build\testWorker.js:106:12)</failure>
      <failure>Error: SQLITE_ERROR: no such table: permission_audit</failure>
    </testcase>
    <testcase classname="PermissionAuditService Performance Tests" name="レポート生成のパフォーマンス" time="0">
      <failure>TypeError: db.initialize is not a function
    at Object.&lt;anonymous&gt; (C:\kitting\ITManagementSystem\03_実装\it-ops-system\backend\src\tests\setup.ts:21:14)
    at Promise.then.completed (C:\kitting\ITManagementSystem\03_実装\it-ops-system\backend\node_modules\jest-circus\build\utils.js:298:28)
    at new Promise (&lt;anonymous&gt;)
    at callAsyncCircusFn (C:\kitting\ITManagementSystem\03_実装\it-ops-system\backend\node_modules\jest-circus\build\utils.js:231:10)
    at _callCircusHook (C:\kitting\ITManagementSystem\03_実装\it-ops-system\backend\node_modules\jest-circus\build\run.js:281:40)
    at processTicksAndRejections (node:internal/process/task_queues:105:5)
    at _runTestsForDescribeBlock (C:\kitting\ITManagementSystem\03_実装\it-ops-system\backend\node_modules\jest-circus\build\run.js:95:7)
    at run (C:\kitting\ITManagementSystem\03_実装\it-ops-system\backend\node_modules\jest-circus\build\run.js:71:3)
    at runAndTransformResultsToJestFormat (C:\kitting\ITManagementSystem\03_実装\it-ops-system\backend\node_modules\jest-circus\build\legacy-code-todo-rewrite\jestAdapterInit.js:122:21)
    at jestAdapter (C:\kitting\ITManagementSystem\03_実装\it-ops-system\backend\node_modules\jest-circus\build\legacy-code-todo-rewrite\jestAdapter.js:79:19)
    at runTestInternal (C:\kitting\ITManagementSystem\03_実装\it-ops-system\backend\node_modules\jest-runner\build\runTest.js:367:16)
    at runTest (C:\kitting\ITManagementSystem\03_実装\it-ops-system\backend\node_modules\jest-runner\build\runTest.js:444:34)
    at Object.worker (C:\kitting\ITManagementSystem\03_実装\it-ops-system\backend\node_modules\jest-runner\build\testWorker.js:106:12)</failure>
      <failure>Error: SQLITE_ERROR: no such table: permission_audit</failure>
    </testcase>
    <testcase classname="PermissionAuditService Performance Tests" name="メモリ使用量のモニタリング" time="0">
      <failure>TypeError: db.initialize is not a function
    at Object.&lt;anonymous&gt; (C:\kitting\ITManagementSystem\03_実装\it-ops-system\backend\src\tests\setup.ts:21:14)
    at Promise.then.completed (C:\kitting\ITManagementSystem\03_実装\it-ops-system\backend\node_modules\jest-circus\build\utils.js:298:28)
    at new Promise (&lt;anonymous&gt;)
    at callAsyncCircusFn (C:\kitting\ITManagementSystem\03_実装\it-ops-system\backend\node_modules\jest-circus\build\utils.js:231:10)
    at _callCircusHook (C:\kitting\ITManagementSystem\03_実装\it-ops-system\backend\node_modules\jest-circus\build\run.js:281:40)
    at processTicksAndRejections (node:internal/process/task_queues:105:5)
    at _runTestsForDescribeBlock (C:\kitting\ITManagementSystem\03_実装\it-ops-system\backend\node_modules\jest-circus\build\run.js:95:7)
    at run (C:\kitting\ITManagementSystem\03_実装\it-ops-system\backend\node_modules\jest-circus\build\run.js:71:3)
    at runAndTransformResultsToJestFormat (C:\kitting\ITManagementSystem\03_実装\it-ops-system\backend\node_modules\jest-circus\build\legacy-code-todo-rewrite\jestAdapterInit.js:122:21)
    at jestAdapter (C:\kitting\ITManagementSystem\03_実装\it-ops-system\backend\node_modules\jest-circus\build\legacy-code-todo-rewrite\jestAdapter.js:79:19)
    at runTestInternal (C:\kitting\ITManagementSystem\03_実装\it-ops-system\backend\node_modules\jest-runner\build\runTest.js:367:16)
    at runTest (C:\kitting\ITManagementSystem\03_実装\it-ops-system\backend\node_modules\jest-runner\build\runTest.js:444:34)
    at Object.worker (C:\kitting\ITManagementSystem\03_実装\it-ops-system\backend\node_modules\jest-runner\build\testWorker.js:106:12)</failure>
      <failure>Error: SQLITE_ERROR: no such table: permission_audit</failure>
    </testcase>
    <testcase classname="PermissionAuditService Performance Tests" name="同時実行のパフォーマンス" time="0">
      <failure>TypeError: db.initialize is not a function
    at Object.&lt;anonymous&gt; (C:\kitting\ITManagementSystem\03_実装\it-ops-system\backend\src\tests\setup.ts:21:14)
    at Promise.then.completed (C:\kitting\ITManagementSystem\03_実装\it-ops-system\backend\node_modules\jest-circus\build\utils.js:298:28)
    at new Promise (&lt;anonymous&gt;)
    at callAsyncCircusFn (C:\kitting\ITManagementSystem\03_実装\it-ops-system\backend\node_modules\jest-circus\build\utils.js:231:10)
    at _callCircusHook (C:\kitting\ITManagementSystem\03_実装\it-ops-system\backend\node_modules\jest-circus\build\run.js:281:40)
    at processTicksAndRejections (node:internal/process/task_queues:105:5)
    at _runTestsForDescribeBlock (C:\kitting\ITManagementSystem\03_実装\it-ops-system\backend\node_modules\jest-circus\build\run.js:95:7)
    at run (C:\kitting\ITManagementSystem\03_実装\it-ops-system\backend\node_modules\jest-circus\build\run.js:71:3)
    at runAndTransformResultsToJestFormat (C:\kitting\ITManagementSystem\03_実装\it-ops-system\backend\node_modules\jest-circus\build\legacy-code-todo-rewrite\jestAdapterInit.js:122:21)
    at jestAdapter (C:\kitting\ITManagementSystem\03_実装\it-ops-system\backend\node_modules\jest-circus\build\legacy-code-todo-rewrite\jestAdapter.js:79:19)
    at runTestInternal (C:\kitting\ITManagementSystem\03_実装\it-ops-system\backend\node_modules\jest-runner\build\runTest.js:367:16)
    at runTest (C:\kitting\ITManagementSystem\03_実装\it-ops-system\backend\node_modules\jest-runner\build\runTest.js:444:34)
    at Object.worker (C:\kitting\ITManagementSystem\03_実装\it-ops-system\backend\node_modules\jest-runner\build\testWorker.js:106:12)</failure>
      <failure>Error: SQLITE_ERROR: no such table: permission_audit</failure>
    </testcase>
  </testsuite>
</testsuites>