TN:
SF:src\app.ts
FN:27,(anonymous_1)
FN:68,(anonymous_2)
FN:89,(anonymous_3)
FN:94,(anonymous_4)
FNF:4
FNH:0
FNDA:0,(anonymous_1)
FNDA:0,(anonymous_2)
FNDA:0,(anonymous_3)
FNDA:0,(anonymous_4)
DA:1,0
DA:2,0
DA:3,0
DA:4,0
DA:5,0
DA:6,0
DA:7,0
DA:10,0
DA:11,0
DA:13,0
DA:15,0
DA:18,0
DA:27,0
DA:29,0
DA:37,0
DA:43,0
DA:44,0
DA:47,0
DA:57,0
DA:68,0
DA:69,0
DA:72,0
DA:76,0
DA:77,0
DA:81,0
DA:82,0
DA:85,0
DA:89,0
DA:90,0
DA:94,0
DA:95,0
DA:96,0
DA:97,0
DA:100,0
LF:34
LH:0
BRDA:19,0,0,0
BRDA:19,0,1,0
BRDA:31,1,0,0
BRDA:31,1,1,0
BRDA:48,2,0,0
BRDA:48,2,1,0
BRDA:48,3,0,0
BRDA:48,3,1,0
BRDA:49,4,0,0
BRDA:49,4,1,0
BRDA:49,5,0,0
BRDA:49,5,1,0
BRDA:58,6,0,0
BRDA:58,6,1,0
BRDA:59,7,0,0
BRDA:59,7,1,0
BRDA:69,8,0,0
BRDA:69,9,0,0
BRDA:69,9,1,0
BRDA:69,9,2,0
BRDA:76,10,0,0
BRDA:76,11,0,0
BRDA:76,11,1,0
BRDA:81,12,0,0
BRDA:81,13,0,0
BRDA:81,13,1,0
BRF:26
BRH:0
end_of_record
TN:
SF:src\errors\AuditError.ts
FN:2,(anonymous_0)
FN:14,(anonymous_1)
FN:21,(anonymous_2)
FN:28,(anonymous_3)
FN:35,(anonymous_4)
FNF:5
FNH:0
FNDA:0,(anonymous_0)
FNDA:0,(anonymous_1)
FNDA:0,(anonymous_2)
FNDA:0,(anonymous_3)
FNDA:0,(anonymous_4)
DA:1,5
DA:4,0
DA:5,0
DA:6,0
DA:8,0
DA:9,0
DA:13,5
DA:15,0
DA:16,0
DA:20,5
DA:22,0
DA:23,0
DA:27,5
DA:29,0
DA:30,0
DA:34,5
DA:36,0
DA:37,0
LF:18
LH:5
BRDA:5,0,0,0
BRF:1
BRH:0
end_of_record
TN:
SF:src\metrics\prometheus.ts
FN:15,(anonymous_0)
FN:64,(anonymous_1)
FNF:2
FNH:0
FNDA:0,(anonymous_0)
FNDA:0,(anonymous_1)
DA:1,0
DA:16,0
DA:19,0
DA:65,0
DA:66,0
DA:68,0
DA:72,0
LF:7
LH:0
BRDA:65,0,0,0
BRF:1
BRH:0
end_of_record
TN:
SF:src\middleware\auth.ts
FN:7,(anonymous_1)
FNF:1
FNH:0
FNDA:0,(anonymous_1)
DA:2,0
DA:4,0
DA:5,0
DA:7,0
DA:12,0
DA:14,0
DA:15,0
DA:20,0
DA:23,0
DA:24,0
DA:25,0
DA:26,0
DA:31,0
DA:34,0
DA:35,0
DA:36,0
DA:38,0
DA:39,0
DA:45,0
LF:19
LH:0
BRDA:14,0,0,0
BRDA:25,1,0,0
BRDA:34,2,0,0
BRDA:34,2,1,0
BRDA:38,3,0,0
BRDA:38,3,1,0
BRF:6
BRH:0
end_of_record
TN:
SF:src\middleware\authorization.ts
FN:14,(anonymous_1)
FN:32,(anonymous_2)
FN:33,(anonymous_3)
FN:65,(anonymous_4)
FN:128,(anonymous_5)
FN:129,(anonymous_6)
FN:201,(anonymous_7)
FN:265,(anonymous_8)
FNF:8
FNH:1
FNDA:1,(anonymous_1)
FNDA:0,(anonymous_2)
FNDA:0,(anonymous_3)
FNDA:0,(anonymous_4)
FNDA:0,(anonymous_5)
FNDA:0,(anonymous_6)
FNDA:0,(anonymous_7)
FNDA:0,(anonymous_8)
DA:2,1
DA:3,1
DA:4,1
DA:5,1
DA:7,1
DA:8,1
DA:9,1
DA:14,1
DA:16,1
DA:19,1
DA:22,1
DA:25,1
DA:32,1
DA:33,0
DA:34,0
DA:35,0
DA:36,0
DA:43,0
DA:44,0
DA:45,0
DA:53,0
DA:55,0
DA:56,0
DA:59,0
DA:60,0
DA:64,0
DA:65,0
DA:66,0
DA:70,0
DA:71,0
DA:75,0
DA:76,0
DA:79,0
DA:82,0
DA:83,0
DA:95,0
DA:102,0
DA:104,0
DA:114,0
DA:128,1
DA:129,0
DA:130,0
DA:131,0
DA:132,0
DA:139,0
DA:140,0
DA:141,0
DA:149,0
DA:155,0
DA:156,0
DA:168,0
DA:175,0
DA:177,0
DA:189,0
DA:201,1
DA:202,0
DA:203,0
DA:204,0
DA:211,0
DA:212,0
DA:213,0
DA:221,0
DA:223,0
DA:224,0
DA:234,0
DA:241,0
DA:243,0
DA:253,0
DA:265,1
DA:266,0
DA:267,0
DA:268,0
DA:275,0
DA:276,0
DA:277,0
DA:285,0
DA:288,0
DA:290,0
DA:292,0
DA:303,0
LF:80
LH:16
BRDA:14,0,0,1
BRDA:14,0,1,1
BRDA:35,1,0,0
BRDA:44,2,0,0
BRDA:56,3,0,0
BRDA:56,3,1,0
BRDA:56,3,2,0
BRDA:56,3,3,0
BRDA:56,3,4,0
BRDA:64,4,0,0
BRDA:64,4,1,0
BRDA:65,5,0,0
BRDA:65,5,1,0
BRDA:70,6,0,0
BRDA:70,6,1,0
BRDA:82,7,0,0
BRDA:131,8,0,0
BRDA:140,9,0,0
BRDA:155,10,0,0
BRDA:203,11,0,0
BRDA:212,12,0,0
BRDA:223,13,0,0
BRDA:267,14,0,0
BRDA:276,15,0,0
BRF:24
BRH:2
end_of_record
TN:
SF:src\middleware\errorHandler.ts
FN:7,(anonymous_1)
FNF:1
FNH:0
FNDA:0,(anonymous_1)
DA:2,1
DA:3,1
DA:5,1
DA:7,1
DA:13,0
DA:19,0
DA:20,0
DA:27,0
DA:28,0
DA:36,0
DA:37,0
DA:45,0
LF:12
LH:4
BRDA:19,0,0,0
BRDA:27,1,0,0
BRDA:36,2,0,0
BRF:3
BRH:0
end_of_record
TN:
SF:src\middleware\errorHandling.ts
FN:29,(anonymous_1)
FN:33,(anonymous_2)
FN:51,(anonymous_3)
FN:74,(anonymous_4)
FNF:4
FNH:0
FNDA:0,(anonymous_1)
FNDA:0,(anonymous_2)
FNDA:0,(anonymous_3)
FNDA:0,(anonymous_4)
DA:2,0
DA:3,0
DA:6,0
DA:29,0
DA:30,0
DA:33,0
DA:34,0
DA:35,0
DA:47,0
DA:51,0
DA:52,0
DA:59,0
DA:70,0
DA:74,0
DA:75,0
DA:76,0
DA:79,0
DA:85,0
DA:90,0
LF:19
LH:0
BRDA:7,0,0,0
BRDA:7,0,1,0
BRDA:14,1,0,0
BRDA:14,1,1,0
BRDA:16,2,0,0
BRDA:16,2,1,0
BRDA:17,3,0,0
BRDA:17,3,1,0
BRDA:52,4,0,0
BRDA:52,4,1,0
BRDA:75,5,0,0
BRDA:79,6,0,0
BRDA:79,6,1,0
BRDA:87,7,0,0
BRDA:87,7,1,0
BRF:15
BRH:0
end_of_record
TN:
SF:src\middleware\session.ts
FN:11,verifyToken
FNF:1
FNH:0
FNDA:0,verifyToken
DA:3,0
DA:4,0
DA:5,0
DA:6,0
DA:8,0
DA:9,0
DA:11,0
DA:12,0
DA:13,0
DA:14,0
DA:15,0
DA:18,0
DA:19,0
DA:20,0
DA:24,0
DA:25,0
DA:27,0
DA:30,0
DA:31,0
DA:35,0
DA:36,0
DA:37,0
DA:41,0
DA:49,0
DA:50,0
DA:51,0
DA:54,0
DA:56,0
DA:57,0
DA:62,0
LF:30
LH:0
BRDA:14,0,0,0
BRDA:19,1,0,0
BRDA:30,2,0,0
BRDA:30,3,0,0
BRDA:30,3,1,0
BRDA:36,4,0,0
BRDA:50,5,0,0
BRDA:56,6,0,0
BRDA:56,6,1,0
BRF:9
BRH:0
end_of_record
TN:
SF:src\middlewares\errorHandler.ts
FN:7,(anonymous_1)
FNF:1
FNH:0
FNDA:0,(anonymous_1)
DA:2,0
DA:3,0
DA:5,0
DA:7,0
DA:14,0
DA:15,0
DA:21,0
DA:29,0
DA:35,0
LF:9
LH:0
BRDA:14,0,0,0
BRF:1
BRH:0
end_of_record
TN:
SF:src\middlewares\permissionAuditValidation.ts
FN:22,(anonymous_1)
FN:35,(anonymous_2)
FN:43,(anonymous_3)
FN:56,(anonymous_4)
FN:64,(anonymous_5)
FNF:5
FNH:0
FNDA:0,(anonymous_1)
FNDA:0,(anonymous_2)
FNDA:0,(anonymous_3)
FNDA:0,(anonymous_4)
FNDA:0,(anonymous_5)
DA:2,0
DA:3,0
DA:5,0
DA:8,0
DA:17,0
DA:22,0
DA:23,0
DA:24,0
DA:25,0
DA:26,0
DA:28,0
DA:33,0
DA:35,0
DA:43,0
DA:44,0
DA:45,0
DA:46,0
DA:47,0
DA:49,0
DA:54,0
DA:56,0
DA:64,0
DA:65,0
DA:66,0
DA:67,0
DA:68,0
DA:70,0
DA:75,0
LF:28
LH:0
BRF:0
BRH:0
end_of_record
TN:
SF:src\migrations\20230915_create_permission_audit_logs.ts
FN:6,up
FN:80,down
FNF:2
FNH:0
FNDA:0,up
FNDA:0,down
DA:1,0
DA:2,0
DA:4,0
DA:6,0
DA:7,0
DA:9,0
DA:11,0
DA:32,0
DA:33,0
DA:34,0
DA:37,0
DA:50,0
DA:68,0
DA:72,0
DA:76,0
DA:80,0
DA:81,0
DA:83,0
DA:84,0
DA:85,0
DA:86,0
DA:88,0
DA:92,0
DA:96,0
LF:24
LH:0
BRF:0
BRH:0
end_of_record
TN:
SF:src\routes\ad.ts
FN:28,(anonymous_1)
FN:36,(anonymous_2)
FN:38,(anonymous_3)
FN:55,(anonymous_4)
FN:58,(anonymous_5)
FN:75,(anonymous_6)
FN:80,(anonymous_7)
FN:97,(anonymous_8)
FN:103,(anonymous_9)
FN:123,(anonymous_10)
FN:125,(anonymous_11)
FN:142,(anonymous_12)
FN:145,(anonymous_13)
FN:162,(anonymous_14)
FN:167,(anonymous_15)
FN:184,(anonymous_16)
FN:190,(anonymous_17)
FNF:17
FNH:0
FNDA:0,(anonymous_1)
FNDA:0,(anonymous_2)
FNDA:0,(anonymous_3)
FNDA:0,(anonymous_4)
FNDA:0,(anonymous_5)
FNDA:0,(anonymous_6)
FNDA:0,(anonymous_7)
FNDA:0,(anonymous_8)
FNDA:0,(anonymous_9)
FNDA:0,(anonymous_10)
FNDA:0,(anonymous_11)
FNDA:0,(anonymous_12)
FNDA:0,(anonymous_13)
FNDA:0,(anonymous_14)
FNDA:0,(anonymous_15)
FNDA:0,(anonymous_16)
FNDA:0,(anonymous_17)
DA:1,0
DA:2,0
DA:4,0
DA:7,0
DA:10,0
DA:25,0
DA:28,0
DA:29,0
DA:30,0
DA:31,0
DA:32,0
DA:36,0
DA:37,0
DA:38,0
DA:39,0
DA:40,0
DA:42,0
DA:45,0
DA:46,0
DA:55,0
DA:56,0
DA:57,0
DA:58,0
DA:59,0
DA:60,0
DA:62,0
DA:65,0
DA:66,0
DA:75,0
DA:76,0
DA:77,0
DA:78,0
DA:80,0
DA:81,0
DA:82,0
DA:84,0
DA:87,0
DA:88,0
DA:97,0
DA:98,0
DA:99,0
DA:100,0
DA:102,0
DA:103,0
DA:104,0
DA:105,0
DA:107,0
DA:113,0
DA:114,0
DA:123,0
DA:124,0
DA:125,0
DA:126,0
DA:127,0
DA:129,0
DA:132,0
DA:133,0
DA:142,0
DA:143,0
DA:144,0
DA:145,0
DA:146,0
DA:147,0
DA:149,0
DA:152,0
DA:153,0
DA:162,0
DA:163,0
DA:164,0
DA:165,0
DA:167,0
DA:168,0
DA:169,0
DA:171,0
DA:174,0
DA:175,0
DA:184,0
DA:185,0
DA:186,0
DA:187,0
DA:189,0
DA:190,0
DA:191,0
DA:192,0
DA:194,0
DA:200,0
DA:201,0
DA:209,0
LF:88
LH:0
BRDA:30,0,0,0
BRDA:30,0,1,0
BRDA:39,1,0,0
BRDA:59,2,0,0
BRDA:81,3,0,0
BRDA:102,4,0,0
BRDA:102,4,1,0
BRDA:104,5,0,0
BRDA:109,6,0,0
BRDA:109,6,1,0
BRDA:126,7,0,0
BRDA:146,8,0,0
BRDA:168,9,0,0
BRDA:189,10,0,0
BRDA:189,10,1,0
BRDA:191,11,0,0
BRDA:196,12,0,0
BRDA:196,12,1,0
BRF:18
BRH:0
end_of_record
TN:
SF:src\routes\admin.ts
FN:12,(anonymous_1)
FN:39,(anonymous_2)
FN:58,(anonymous_3)
FNF:3
FNH:0
FNDA:0,(anonymous_1)
FNDA:0,(anonymous_2)
FNDA:0,(anonymous_3)
DA:1,0
DA:2,0
DA:3,0
DA:4,0
DA:5,0
DA:7,0
DA:8,0
DA:9,0
DA:12,0
DA:13,0
DA:14,0
DA:15,0
DA:21,0
DA:22,0
DA:27,0
DA:31,0
DA:39,0
DA:40,0
DA:41,0
DA:42,0
DA:49,0
DA:50,0
DA:51,0
DA:57,0
DA:59,0
DA:60,0
DA:61,0
DA:63,0
DA:69,0
DA:74,0
DA:76,0
DA:91,0
DA:95,0
DA:102,0
LF:34
LH:0
BRDA:14,0,0,0
BRDA:41,1,0,0
BRDA:50,2,0,0
BRDA:74,3,0,0
BRDA:74,3,1,0
BRF:5
BRH:0
end_of_record
TN:
SF:src\routes\auth.ts
FN:61,(anonymous_1)
FN:83,(anonymous_2)
FN:106,(anonymous_3)
FN:107,(anonymous_4)
FN:128,(anonymous_5)
FN:192,(anonymous_6)
FN:247,(anonymous_7)
FN:296,(anonymous_8)
FN:306,(anonymous_9)
FN:336,(anonymous_10)
FN:365,(anonymous_11)
FN:389,(anonymous_12)
FN:409,(anonymous_13)
FN:430,(anonymous_14)
FN:456,(anonymous_15)
FN:498,(anonymous_16)
FN:510,(anonymous_17)
FNF:17
FNH:0
FNDA:0,(anonymous_1)
FNDA:0,(anonymous_2)
FNDA:0,(anonymous_3)
FNDA:0,(anonymous_4)
FNDA:0,(anonymous_5)
FNDA:0,(anonymous_6)
FNDA:0,(anonymous_7)
FNDA:0,(anonymous_8)
FNDA:0,(anonymous_9)
FNDA:0,(anonymous_10)
FNDA:0,(anonymous_11)
FNDA:0,(anonymous_12)
FNDA:0,(anonymous_13)
FNDA:0,(anonymous_14)
FNDA:0,(anonymous_15)
FNDA:0,(anonymous_16)
FNDA:0,(anonymous_17)
DA:1,0
DA:3,0
DA:4,0
DA:5,0
DA:7,0
DA:8,0
DA:9,0
DA:10,0
DA:11,0
DA:12,0
DA:13,0
DA:14,0
DA:17,0
DA:19,0
DA:20,0
DA:21,0
DA:22,0
DA:25,0
DA:32,0
DA:35,0
DA:48,0
DA:58,0
DA:61,0
DA:62,0
DA:83,0
DA:84,0
DA:85,0
DA:87,0
DA:88,0
DA:96,0
DA:97,0
DA:106,0
DA:107,0
DA:108,0
DA:109,0
DA:115,0
DA:118,0
DA:119,0
DA:124,0
DA:128,0
DA:129,0
DA:130,0
DA:136,0
DA:139,0
DA:140,0
DA:145,0
DA:148,0
DA:150,0
DA:151,0
DA:152,0
DA:157,0
DA:161,0
DA:164,0
DA:167,0
DA:179,0
DA:181,0
DA:187,0
DA:192,0
DA:193,0
DA:195,0
DA:196,0
DA:202,0
DA:205,0
DA:206,0
DA:212,0
DA:221,0
DA:224,0
DA:227,0
DA:242,0
DA:247,0
DA:252,0
DA:254,0
DA:255,0
DA:260,0
DA:263,0
DA:265,0
DA:266,0
DA:267,0
DA:272,0
DA:275,0
DA:276,0
DA:277,0
DA:279,0
DA:280,0
DA:286,0
DA:296,0
DA:297,0
DA:306,0
DA:307,0
DA:308,0
DA:309,0
DA:311,0
DA:319,0
DA:322,0
DA:327,0
DA:328,0
DA:336,0
DA:337,0
DA:338,0
DA:339,0
DA:340,0
DA:347,0
DA:349,0
DA:354,0
DA:355,0
DA:365,0
DA:366,0
DA:367,0
DA:368,0
DA:373,0
DA:375,0
DA:379,0
DA:389,0
DA:390,0
DA:391,0
DA:392,0
DA:393,0
DA:395,0
DA:399,0
DA:409,0
DA:410,0
DA:411,0
DA:412,0
DA:413,0
DA:415,0
DA:419,0
DA:430,0
DA:431,0
DA:432,0
DA:433,0
DA:434,0
DA:439,0
DA:444,0
DA:456,0
DA:457,0
DA:458,0
DA:461,0
DA:462,0
DA:463,0
DA:464,0
DA:465,0
DA:473,0
DA:474,0
DA:482,0
DA:487,0
DA:498,0
DA:499,0
DA:510,0
DA:511,0
DA:518,0
DA:519,0
DA:520,0
DA:522,0
LF:153
LH:0
BRDA:58,0,0,0
BRDA:58,0,1,0
BRDA:68,1,0,0
BRDA:68,1,1,0
BRDA:87,2,0,0
BRDA:87,3,0,0
BRDA:87,3,1,0
BRDA:96,4,0,0
BRDA:108,5,0,0
BRDA:118,6,0,0
BRDA:129,7,0,0
BRDA:139,8,0,0
BRDA:151,9,0,0
BRDA:195,10,0,0
BRDA:195,11,0,0
BRDA:195,11,1,0
BRDA:195,11,2,0
BRDA:205,12,0,0
BRDA:205,13,0,0
BRDA:205,13,1,0
BRDA:254,14,0,0
BRDA:266,15,0,0
BRDA:275,16,0,0
BRDA:275,16,1,0
BRDA:279,17,0,0
BRDA:279,17,1,0
BRDA:309,18,0,0
BRDA:309,19,0,0
BRDA:309,19,1,0
BRDA:339,20,0,0
BRDA:461,21,0,0
BRDA:461,21,1,0
BRDA:462,22,0,0
BRDA:463,23,0,0
BRDA:463,23,1,0
BRDA:464,24,0,0
BRF:36
BRH:0
end_of_record
TN:
SF:src\routes\m365.ts
FN:18,(anonymous_1)
FN:20,(anonymous_2)
FN:36,(anonymous_3)
FN:44,(anonymous_4)
FN:52,(anonymous_5)
FN:57,(anonymous_6)
FN:74,(anonymous_7)
FN:95,(anonymous_8)
FN:112,(anonymous_9)
FN:133,(anonymous_10)
FN:134,(anonymous_11)
FN:138,(anonymous_12)
FN:139,(anonymous_13)
FN:141,(anonymous_14)
FN:161,(anonymous_15)
FN:170,(anonymous_16)
FN:192,(anonymous_17)
FNF:17
FNH:0
FNDA:0,(anonymous_1)
FNDA:0,(anonymous_2)
FNDA:0,(anonymous_3)
FNDA:0,(anonymous_4)
FNDA:0,(anonymous_5)
FNDA:0,(anonymous_6)
FNDA:0,(anonymous_7)
FNDA:0,(anonymous_8)
FNDA:0,(anonymous_9)
FNDA:0,(anonymous_10)
FNDA:0,(anonymous_11)
FNDA:0,(anonymous_12)
FNDA:0,(anonymous_13)
FNDA:0,(anonymous_14)
FNDA:0,(anonymous_15)
FNDA:0,(anonymous_16)
FNDA:0,(anonymous_17)
DA:1,0
DA:2,0
DA:3,0
DA:15,0
DA:18,0
DA:19,0
DA:21,0
DA:23,0
DA:24,0
DA:25,0
DA:27,0
DA:29,0
DA:36,0
DA:37,0
DA:38,0
DA:39,0
DA:40,0
DA:44,0
DA:45,0
DA:46,0
DA:47,0
DA:52,0
DA:57,0
DA:62,0
DA:64,0
DA:65,0
DA:74,0
DA:75,0
DA:76,0
DA:77,0
DA:79,0
DA:90,0
DA:93,0
DA:94,0
DA:95,0
DA:100,0
DA:102,0
DA:103,0
DA:112,0
DA:113,0
DA:114,0
DA:115,0
DA:116,0
DA:118,0
DA:119,0
DA:120,0
DA:121,0
DA:124,0
DA:127,0
DA:128,0
DA:132,0
DA:133,0
DA:134,0
DA:136,0
DA:139,0
DA:141,0
DA:143,0
DA:149,0
DA:151,0
DA:152,0
DA:161,0
DA:162,0
DA:163,0
DA:164,0
DA:169,0
DA:170,0
DA:180,0
DA:182,0
DA:183,0
DA:192,0
DA:193,0
DA:194,0
DA:195,0
DA:196,0
DA:198,0
DA:202,0
DA:207,0
DA:208,0
DA:216,0
LF:79
LH:0
BRDA:23,0,0,0
BRDA:23,0,1,0
BRDA:24,1,0,0
BRDA:38,2,0,0
BRDA:38,2,1,0
BRDA:93,3,0,0
BRDA:119,4,0,0
BRDA:120,5,0,0
BRDA:127,6,0,0
BRDA:199,7,0,0
BRDA:199,7,1,0
BRDA:204,8,0,0
BRDA:204,8,1,0
BRF:13
BRH:0
end_of_record
TN:
SF:src\routes\metrics.ts
FN:14,(anonymous_1)
FNF:1
FNH:0
FNDA:0,(anonymous_1)
DA:1,0
DA:2,0
DA:3,0
DA:4,0
DA:5,0
DA:6,0
DA:8,0
DA:9,0
DA:10,0
DA:11,0
DA:14,0
DA:15,0
DA:16,0
DA:23,0
DA:24,0
DA:25,0
DA:26,0
DA:28,0
DA:29,0
DA:41,0
DA:42,0
DA:43,0
DA:44,0
DA:45,0
DA:46,0
DA:47,0
DA:49,0
DA:55,0
DA:62,0
DA:63,0
DA:64,0
DA:67,0
DA:73,0
DA:90,0
DA:100,0
DA:102,0
DA:106,0
DA:113,0
LF:38
LH:0
BRDA:23,0,0,0
BRDA:23,0,1,0
BRDA:24,1,0,0
BRDA:24,1,1,0
BRDA:25,2,0,0
BRDA:25,2,1,0
BRDA:26,3,0,0
BRDA:26,3,1,0
BRDA:28,4,0,0
BRDA:28,5,0,0
BRDA:28,5,1,0
BRDA:28,5,2,0
BRDA:63,6,0,0
BRDA:76,7,0,0
BRDA:76,7,1,0
BRDA:77,8,0,0
BRDA:77,8,1,0
BRDA:78,9,0,0
BRDA:78,9,1,0
BRDA:81,10,0,0
BRDA:81,10,1,0
BRDA:91,11,0,0
BRDA:91,11,1,0
BRDA:95,12,0,0
BRDA:95,12,1,0
BRDA:96,13,0,0
BRDA:96,13,1,0
BRF:27
BRH:0
end_of_record
TN:
SF:src\routes\metricsRoutes.ts
FN:22,(anonymous_0)
FN:54,(anonymous_1)
FNF:2
FNH:0
FNDA:0,(anonymous_0)
FNDA:0,(anonymous_1)
DA:1,0
DA:2,0
DA:3,0
DA:4,0
DA:5,0
DA:7,0
DA:8,0
DA:9,0
DA:11,0
DA:22,0
DA:23,0
DA:25,0
DA:26,0
DA:27,0
DA:31,0
DA:33,0
DA:41,0
DA:43,0
DA:44,0
DA:46,0
DA:54,0
DA:55,0
DA:56,0
DA:59,0
DA:60,0
DA:61,0
DA:64,0
DA:65,0
DA:67,0
DA:71,0
LF:30
LH:0
BRDA:26,0,0,0
BRDA:26,1,0,0
BRDA:26,1,1,0
BRDA:37,2,0,0
BRDA:37,2,1,0
BRDA:38,3,0,0
BRDA:38,3,1,0
BRDA:43,4,0,0
BRDA:43,4,1,0
BRDA:60,5,0,0
BRDA:60,6,0,0
BRDA:60,6,1,0
BRF:12
BRH:0
end_of_record
TN:
SF:src\routes\monitoring.ts
FN:17,(anonymous_1)
FN:32,(anonymous_2)
FN:52,(anonymous_3)
FN:71,(anonymous_4)
FN:99,(anonymous_5)
FN:102,(anonymous_6)
FN:103,(anonymous_7)
FN:125,(anonymous_8)
FN:153,(anonymous_9)
FN:197,(anonymous_10)
FN:241,(anonymous_11)
FN:280,(anonymous_12)
FNF:12
FNH:0
FNDA:0,(anonymous_1)
FNDA:0,(anonymous_2)
FNDA:0,(anonymous_3)
FNDA:0,(anonymous_4)
FNDA:0,(anonymous_5)
FNDA:0,(anonymous_6)
FNDA:0,(anonymous_7)
FNDA:0,(anonymous_8)
FNDA:0,(anonymous_9)
FNDA:0,(anonymous_10)
FNDA:0,(anonymous_11)
FNDA:0,(anonymous_12)
DA:1,0
DA:2,0
DA:3,0
DA:4,0
DA:5,0
DA:6,0
DA:7,0
DA:8,0
DA:10,0
DA:11,0
DA:12,0
DA:13,0
DA:14,0
DA:17,0
DA:18,0
DA:19,0
DA:20,0
DA:21,0
DA:23,0
DA:27,0
DA:32,0
DA:33,0
DA:34,0
DA:35,0
DA:40,0
DA:41,0
DA:43,0
DA:47,0
DA:52,0
DA:53,0
DA:54,0
DA:60,0
DA:62,0
DA:66,0
DA:71,0
DA:72,0
DA:73,0
DA:78,0
DA:79,0
DA:81,0
DA:90,0
DA:94,0
DA:99,0
DA:100,0
DA:101,0
DA:102,0
DA:103,0
DA:105,0
DA:114,0
DA:116,0
DA:120,0
DA:125,0
DA:126,0
DA:127,0
DA:129,0
DA:138,0
DA:143,0
DA:153,0
DA:154,0
DA:162,0
DA:164,0
DA:173,0
DA:182,0
DA:187,0
DA:197,0
DA:198,0
DA:204,0
DA:207,0
DA:208,0
DA:217,0
DA:226,0
DA:231,0
DA:241,0
DA:242,0
DA:243,0
DA:245,0
DA:254,0
DA:256,0
DA:265,0
DA:270,0
DA:280,0
DA:281,0
DA:282,0
DA:284,0
DA:286,0
DA:287,0
DA:289,0
DA:290,0
DA:292,0
DA:299,0
DA:308,0
DA:313,0
DA:322,0
LF:93
LH:0
BRDA:102,0,0,0
BRDA:102,0,1,0
BRDA:103,1,0,0
BRDA:103,1,1,0
BRDA:106,2,0,0
BRDA:106,2,1,0
BRDA:130,3,0,0
BRDA:130,3,1,0
BRDA:134,4,0,0
BRDA:134,4,1,0
BRDA:160,5,0,0
BRDA:161,6,0,0
BRDA:165,7,0,0
BRDA:165,7,1,0
BRDA:166,8,0,0
BRDA:166,8,1,0
BRDA:174,9,0,0
BRDA:174,9,1,0
BRDA:178,10,0,0
BRDA:178,10,1,0
BRDA:207,11,0,0
BRDA:207,12,0,0
BRDA:207,12,1,0
BRDA:207,12,2,0
BRDA:218,13,0,0
BRDA:218,13,1,0
BRDA:222,14,0,0
BRDA:222,14,1,0
BRDA:247,15,0,0
BRDA:247,15,1,0
BRDA:248,16,0,0
BRDA:248,16,1,0
BRDA:249,17,0,0
BRDA:249,17,1,0
BRDA:257,18,0,0
BRDA:257,18,1,0
BRDA:261,19,0,0
BRDA:261,19,1,0
BRDA:284,20,0,0
BRDA:284,20,1,0
BRDA:284,20,2,0
BRDA:300,21,0,0
BRDA:300,21,1,0
BRDA:304,22,0,0
BRDA:304,22,1,0
BRF:45
BRH:0
end_of_record
TN:
SF:src\routes\permissionAuditRoutes.ts
FN:13,(anonymous_0)
FN:41,(anonymous_1)
FN:59,(anonymous_2)
FN:87,(anonymous_3)
FNF:4
FNH:0
FNDA:0,(anonymous_0)
FNDA:0,(anonymous_1)
FNDA:0,(anonymous_2)
FNDA:0,(anonymous_3)
DA:1,0
DA:2,0
DA:3,0
DA:4,0
DA:6,0
DA:7,0
DA:8,0
DA:13,0
DA:14,0
DA:15,0
DA:18,0
DA:19,0
DA:20,0
DA:23,0
DA:32,0
DA:34,0
DA:41,0
DA:42,0
DA:44,0
DA:45,0
DA:46,0
DA:49,0
DA:50,0
DA:52,0
DA:59,0
DA:60,0
DA:61,0
DA:62,0
DA:65,0
DA:66,0
DA:67,0
DA:70,0
DA:78,0
DA:80,0
DA:87,0
DA:88,0
DA:89,0
DA:92,0
DA:93,0
DA:94,0
DA:97,0
DA:98,0
DA:100,0
DA:104,0
LF:44
LH:0
BRDA:19,0,0,0
BRDA:19,1,0,0
BRDA:19,1,1,0
BRDA:24,2,0,0
BRDA:24,2,1,0
BRDA:25,3,0,0
BRDA:25,3,1,0
BRDA:45,4,0,0
BRDA:45,5,0,0
BRDA:45,5,1,0
BRDA:66,6,0,0
BRDA:66,7,0,0
BRDA:66,7,1,0
BRDA:93,8,0,0
BRDA:93,9,0,0
BRDA:93,9,1,0
BRF:16
BRH:0
end_of_record
TN:
SF:src\routes\security.ts
FN:13,(anonymous_1)
FN:41,(anonymous_2)
FN:69,(anonymous_3)
FN:101,(anonymous_4)
FN:121,(anonymous_5)
FN:141,(anonymous_6)
FN:165,(anonymous_7)
FN:197,(anonymous_8)
FN:212,(anonymous_9)
FN:232,(anonymous_10)
FN:250,(anonymous_11)
FNF:11
FNH:0
FNDA:0,(anonymous_1)
FNDA:0,(anonymous_2)
FNDA:0,(anonymous_3)
FNDA:0,(anonymous_4)
FNDA:0,(anonymous_5)
FNDA:0,(anonymous_6)
FNDA:0,(anonymous_7)
FNDA:0,(anonymous_8)
FNDA:0,(anonymous_9)
FNDA:0,(anonymous_10)
FNDA:0,(anonymous_11)
DA:1,0
DA:2,0
DA:3,0
DA:4,0
DA:5,0
DA:7,0
DA:8,0
DA:9,0
DA:10,0
DA:13,0
DA:14,0
DA:15,0
DA:31,0
DA:33,0
DA:41,0
DA:42,0
DA:43,0
DA:59,0
DA:61,0
DA:69,0
DA:70,0
DA:71,0
DA:91,0
DA:93,0
DA:101,0
DA:102,0
DA:103,0
DA:104,0
DA:108,0
DA:113,0
DA:121,0
DA:122,0
DA:123,0
DA:124,0
DA:128,0
DA:133,0
DA:141,0
DA:142,0
DA:143,0
DA:147,0
DA:157,0
DA:165,0
DA:166,0
DA:167,0
DA:172,0
DA:177,0
DA:188,0
DA:192,0
DA:197,0
DA:198,0
DA:199,0
DA:200,0
DA:201,0
DA:203,0
DA:207,0
DA:212,0
DA:213,0
DA:214,0
DA:215,0
DA:220,0
DA:221,0
DA:223,0
DA:227,0
DA:232,0
DA:233,0
DA:234,0
DA:235,0
DA:239,0
DA:241,0
DA:245,0
DA:250,0
DA:251,0
DA:252,0
DA:253,0
DA:255,0
DA:259,0
DA:263,0
LF:77
LH:0
BRDA:184,0,0,0
BRDA:184,0,1,0
BRF:2
BRH:0
end_of_record
TN:
SF:src\routes\system.ts
FN:8,(anonymous_1)
FN:44,(anonymous_2)
FN:62,(anonymous_3)
FNF:3
FNH:0
FNDA:0,(anonymous_1)
FNDA:0,(anonymous_2)
FNDA:0,(anonymous_3)
DA:1,0
DA:2,0
DA:5,0
DA:8,0
DA:9,0
DA:11,0
DA:34,0
DA:36,0
DA:44,0
DA:45,0
DA:46,0
DA:49,0
DA:54,0
DA:62,0
DA:63,0
DA:64,0
DA:85,0
DA:87,0
DA:94,0
LF:19
LH:0
BRDA:13,0,0,0
BRDA:13,0,1,0
BRDA:14,1,0,0
BRDA:14,1,1,0
BRDA:15,2,0,0
BRDA:15,2,1,0
BRDA:19,3,0,0
BRDA:19,3,1,0
BRDA:20,4,0,0
BRDA:20,4,1,0
BRDA:21,5,0,0
BRDA:21,5,1,0
BRDA:24,6,0,0
BRDA:24,6,1,0
BRDA:25,7,0,0
BRDA:25,7,1,0
BRDA:27,8,0,0
BRDA:27,8,1,0
BRDA:28,9,0,0
BRDA:28,9,1,0
BRDA:29,10,0,0
BRDA:29,10,1,0
BRF:22
BRH:0
end_of_record
TN:
SF:src\routes\websocket.ts
FN:19,(anonymous_1)
FN:24,(anonymous_2)
FN:35,(anonymous_3)
FN:52,(anonymous_4)
FN:57,(anonymous_5)
FN:66,(anonymous_6)
FN:83,(anonymous_7)
FN:106,(anonymous_8)
FN:114,(anonymous_9)
FN:125,(anonymous_10)
FN:136,(anonymous_11)
FN:139,(anonymous_12)
FN:145,(anonymous_13)
FN:154,(anonymous_14)
FN:171,(anonymous_15)
FN:172,(anonymous_16)
FN:180,(anonymous_17)
FN:197,(anonymous_18)
FN:203,(anonymous_19)
FN:204,(anonymous_20)
FNF:20
FNH:0
FNDA:0,(anonymous_1)
FNDA:0,(anonymous_2)
FNDA:0,(anonymous_3)
FNDA:0,(anonymous_4)
FNDA:0,(anonymous_5)
FNDA:0,(anonymous_6)
FNDA:0,(anonymous_7)
FNDA:0,(anonymous_8)
FNDA:0,(anonymous_9)
FNDA:0,(anonymous_10)
FNDA:0,(anonymous_11)
FNDA:0,(anonymous_12)
FNDA:0,(anonymous_13)
FNDA:0,(anonymous_14)
FNDA:0,(anonymous_15)
FNDA:0,(anonymous_16)
FNDA:0,(anonymous_17)
FNDA:0,(anonymous_18)
FNDA:0,(anonymous_19)
FNDA:0,(anonymous_20)
DA:1,0
DA:2,0
DA:4,0
DA:6,0
DA:7,0
DA:13,0
DA:15,0
DA:16,0
DA:17,0
DA:25,0
DA:26,0
DA:28,0
DA:36,0
DA:37,0
DA:41,0
DA:46,0
DA:52,0
DA:53,0
DA:57,0
DA:58,0
DA:67,0
DA:73,0
DA:76,0
DA:83,0
DA:84,0
DA:85,0
DA:86,0
DA:92,0
DA:98,0
DA:106,0
DA:107,0
DA:114,0
DA:115,0
DA:116,0
DA:125,0
DA:126,0
DA:130,0
DA:137,0
DA:139,0
DA:140,0
DA:141,0
DA:144,0
DA:145,0
DA:155,0
DA:156,0
DA:157,0
DA:160,0
DA:172,0
DA:173,0
DA:181,0
DA:182,0
DA:183,0
DA:186,0
DA:187,0
DA:188,0
DA:191,0
DA:198,0
DA:203,0
DA:204,0
DA:205,0
DA:213,0
DA:217,0
LF:62
LH:0
BRDA:25,0,0,0
BRDA:36,1,0,0
BRDA:88,2,0,0
BRDA:88,2,1,0
BRDA:119,3,0,0
BRDA:119,3,1,0
BRDA:137,4,0,0
BRDA:140,5,0,0
BRDA:156,6,0,0
BRDA:181,7,0,0
BRDA:186,8,0,0
BRF:11
BRH:0
end_of_record
TN:
SF:src\scripts\autoBackup.ts
FN:15,ensureBackupDir
FN:27,createBackup
FN:64,removeOldBackups
FN:90,verifyBackup
FN:121,notifyBackupStatus
FN:141,runBackup
FN:156,(anonymous_7)
FNF:7
FNH:0
FNDA:0,ensureBackupDir
FNDA:0,createBackup
FNDA:0,removeOldBackups
FNDA:0,verifyBackup
FNDA:0,notifyBackupStatus
FNDA:0,runBackup
FNDA:0,(anonymous_7)
DA:1,0
DA:2,0
DA:3,0
DA:4,0
DA:5,0
DA:6,0
DA:8,0
DA:9,0
DA:10,0
DA:12,0
DA:13,0
DA:16,0
DA:17,0
DA:19,0
DA:23,0
DA:28,0
DA:29,0
DA:31,0
DA:33,0
DA:34,0
DA:38,0
DA:41,0
DA:42,0
DA:45,0
DA:47,0
DA:52,0
DA:54,0
DA:55,0
DA:60,0
DA:65,0
DA:66,0
DA:67,0
DA:69,0
DA:70,0
DA:71,0
DA:72,0
DA:74,0
DA:75,0
DA:76,0
DA:83,0
DA:91,0
DA:93,0
DA:96,0
DA:97,0
DA:100,0
DA:101,0
DA:102,0
DA:103,0
DA:105,0
DA:110,0
DA:112,0
DA:117,0
DA:122,0
DA:123,0
DA:134,0
DA:141,0
DA:142,0
DA:143,0
DA:144,0
DA:145,0
DA:146,0
DA:147,0
DA:149,0
DA:150,0
DA:155,0
DA:156,0
DA:157,0
DA:158,0
LF:68
LH:0
BRDA:74,0,0,0
BRDA:126,1,0,0
BRDA:126,1,1,0
BRDA:127,2,0,0
BRDA:127,2,1,0
BRDA:131,3,0,0
BRDA:131,3,1,0
BRDA:155,4,0,0
BRF:8
BRH:0
end_of_record
TN:
SF:src\scripts\autoOptimize.ts
FN:21,analyzePerformance
FN:55,calculateFragmentation
FN:71,optimizeIndexes
FN:77,optimizeStorage
FN:82,analyzeQueries
FN:87,runOptimization
FN:130,notifyOptimizationResult
FN:159,formatBytes
FN:167,executeOptimization
FN:178,(anonymous_10)
FNF:10
FNH:0
FNDA:0,analyzePerformance
FNDA:0,calculateFragmentation
FNDA:0,optimizeIndexes
FNDA:0,optimizeStorage
FNDA:0,analyzeQueries
FNDA:0,runOptimization
FNDA:0,notifyOptimizationResult
FNDA:0,formatBytes
FNDA:0,executeOptimization
FNDA:0,(anonymous_10)
DA:1,0
DA:2,0
DA:3,0
DA:4,0
DA:6,0
DA:7,0
DA:8,0
DA:9,0
DA:26,0
DA:29,0
DA:35,0
DA:38,0
DA:39,0
DA:42,0
DA:48,0
DA:57,0
DA:58,0
DA:60,0
DA:61,0
DA:62,0
DA:63,0
DA:64,0
DA:68,0
DA:72,0
DA:73,0
DA:74,0
DA:78,0
DA:79,0
DA:83,0
DA:84,0
DA:88,0
DA:89,0
DA:91,0
DA:93,0
DA:94,0
DA:95,0
DA:98,0
DA:100,0
DA:107,0
DA:108,0
DA:109,0
DA:111,0
DA:117,0
DA:122,0
DA:131,0
DA:139,0
DA:140,0
DA:152,0
DA:160,0
DA:161,0
DA:162,0
DA:163,0
DA:164,0
DA:167,0
DA:168,0
DA:169,0
DA:171,0
DA:172,0
DA:177,0
DA:178,0
DA:179,0
DA:180,0
LF:62
LH:0
BRDA:61,0,0,0
BRDA:61,1,0,0
BRDA:61,1,1,0
BRDA:68,2,0,0
BRDA:68,2,1,0
BRDA:131,3,0,0
BRDA:131,3,1,0
BRDA:135,4,0,0
BRDA:135,4,1,0
BRDA:143,5,0,0
BRDA:143,5,1,0
BRDA:149,6,0,0
BRDA:149,6,1,0
BRDA:160,7,0,0
BRDA:171,8,0,0
BRDA:177,9,0,0
BRF:16
BRH:0
end_of_record
TN:
SF:src\scripts\autoRecover.ts
FN:19,findLatestValidBackup
FN:23,(anonymous_2)
FN:24,(anonymous_3)
FN:52,verifyDatabaseIntegrity
FN:65,restoreFromBackup
FN:106,repairDatabase
FN:127,notifyRecoveryStatus
FN:148,runRecovery
FN:205,executeRecovery
FN:216,(anonymous_10)
FNF:10
FNH:0
FNDA:0,findLatestValidBackup
FNDA:0,(anonymous_2)
FNDA:0,(anonymous_3)
FNDA:0,verifyDatabaseIntegrity
FNDA:0,restoreFromBackup
FNDA:0,repairDatabase
FNDA:0,notifyRecoveryStatus
FNDA:0,runRecovery
FNDA:0,executeRecovery
FNDA:0,(anonymous_10)
DA:1,0
DA:2,0
DA:3,0
DA:4,0
DA:5,0
DA:6,0
DA:8,0
DA:9,0
DA:10,0
DA:11,0
DA:20,0
DA:21,0
DA:22,0
DA:23,0
DA:24,0
DA:28,0
DA:30,0
DA:31,0
DA:32,0
DA:34,0
DA:38,0
DA:42,0
DA:44,0
DA:48,0
DA:53,0
DA:54,0
DA:55,0
DA:57,0
DA:61,0
DA:66,0
DA:68,0
DA:70,0
DA:73,0
DA:74,0
DA:75,0
DA:78,0
DA:79,0
DA:80,0
DA:83,0
DA:84,0
DA:85,0
DA:86,0
DA:89,0
DA:90,0
DA:91,0
DA:92,0
DA:93,0
DA:94,0
DA:97,0
DA:102,0
DA:107,0
DA:109,0
DA:110,0
DA:113,0
DA:114,0
DA:115,0
DA:117,0
DA:119,0
DA:123,0
DA:128,0
DA:129,0
DA:141,0
DA:148,0
DA:149,0
DA:151,0
DA:153,0
DA:154,0
DA:162,0
DA:163,0
DA:164,0
DA:172,0
DA:173,0
DA:174,0
DA:175,0
DA:182,0
DA:183,0
DA:190,0
DA:196,0
DA:197,0
DA:205,0
DA:206,0
DA:207,0
DA:209,0
DA:210,0
DA:215,0
DA:216,0
DA:217,0
DA:218,0
LF:88
LH:0
BRDA:83,0,0,0
BRDA:83,0,1,0
BRDA:132,1,0,0
BRDA:132,1,1,0
BRDA:135,2,0,0
BRDA:135,2,1,0
BRDA:138,3,0,0
BRDA:138,3,1,0
BRDA:153,4,0,0
BRDA:163,5,0,0
BRDA:174,6,0,0
BRDA:182,7,0,0
BRDA:196,8,0,0
BRDA:196,8,1,0
BRDA:209,9,0,0
BRDA:215,10,0,0
BRF:16
BRH:0
end_of_record
TN:
SF:src\services\auditAutoRecoveryService.ts
FN:23,(anonymous_1)
FN:31,(anonymous_2)
FN:41,(anonymous_3)
FN:43,(anonymous_4)
FN:46,(anonymous_5)
FN:49,(anonymous_6)
FN:59,(anonymous_7)
FN:67,(anonymous_8)
FN:98,(anonymous_9)
FN:124,(anonymous_10)
FN:143,(anonymous_11)
FN:156,(anonymous_12)
FN:176,(anonymous_13)
FN:207,(anonymous_14)
FN:233,(anonymous_15)
FN:257,(anonymous_16)
FN:280,(anonymous_17)
FN:289,(anonymous_18)
FN:304,(anonymous_19)
FN:319,(anonymous_20)
FN:340,(anonymous_21)
FN:348,(anonymous_22)
FN:356,(anonymous_23)
FN:364,(anonymous_24)
FN:379,(anonymous_25)
FN:391,(anonymous_26)
FN:417,(anonymous_27)
FN:425,(anonymous_28)
FN:434,(anonymous_29)
FNF:29
FNH:0
FNDA:0,(anonymous_1)
FNDA:0,(anonymous_2)
FNDA:0,(anonymous_3)
FNDA:0,(anonymous_4)
FNDA:0,(anonymous_5)
FNDA:0,(anonymous_6)
FNDA:0,(anonymous_7)
FNDA:0,(anonymous_8)
FNDA:0,(anonymous_9)
FNDA:0,(anonymous_10)
FNDA:0,(anonymous_11)
FNDA:0,(anonymous_12)
FNDA:0,(anonymous_13)
FNDA:0,(anonymous_14)
FNDA:0,(anonymous_15)
FNDA:0,(anonymous_16)
FNDA:0,(anonymous_17)
FNDA:0,(anonymous_18)
FNDA:0,(anonymous_19)
FNDA:0,(anonymous_20)
FNDA:0,(anonymous_21)
FNDA:0,(anonymous_22)
FNDA:0,(anonymous_23)
FNDA:0,(anonymous_24)
FNDA:0,(anonymous_25)
FNDA:0,(anonymous_26)
FNDA:0,(anonymous_27)
FNDA:0,(anonymous_28)
FNDA:0,(anonymous_29)
DA:1,0
DA:2,0
DA:3,0
DA:4,0
DA:5,0
DA:7,0
DA:8,0
DA:15,0
DA:21,0
DA:24,0
DA:25,0
DA:26,0
DA:27,0
DA:28,0
DA:32,0
DA:33,0
DA:35,0
DA:43,0
DA:46,0
DA:49,0
DA:51,0
DA:60,0
DA:61,0
DA:67,0
DA:68,0
DA:69,0
DA:73,0
DA:74,0
DA:75,0
DA:77,0
DA:78,0
DA:82,0
DA:83,0
DA:84,0
DA:88,0
DA:99,0
DA:101,0
DA:102,0
DA:105,0
DA:106,0
DA:109,0
DA:110,0
DA:113,0
DA:117,0
DA:125,0
DA:126,0
DA:127,0
DA:129,0
DA:130,0
DA:133,0
DA:145,0
DA:146,0
DA:147,0
DA:150,0
DA:157,0
DA:158,0
DA:159,0
DA:160,0
DA:162,0
DA:166,0
DA:177,0
DA:178,0
DA:180,0
DA:182,0
DA:185,0
DA:188,0
DA:191,0
DA:200,0
DA:208,0
DA:209,0
DA:211,0
DA:213,0
DA:214,0
DA:216,0
DA:220,0
DA:223,0
DA:226,0
DA:234,0
DA:235,0
DA:237,0
DA:239,0
DA:242,0
DA:245,0
DA:246,0
DA:247,0
DA:250,0
DA:258,0
DA:259,0
DA:261,0
DA:263,0
DA:266,0
DA:269,0
DA:270,0
DA:273,0
DA:283,0
DA:290,0
DA:291,0
DA:292,0
DA:294,0
DA:305,0
DA:306,0
DA:307,0
DA:309,0
DA:320,0
DA:322,0
DA:323,0
DA:326,0
DA:327,0
DA:330,0
DA:342,0
DA:350,0
DA:365,0
DA:367,0
DA:368,0
DA:370,0
DA:372,0
DA:380,0
DA:381,0
DA:382,0
DA:384,0
DA:392,0
DA:394,0
DA:395,0
DA:396,0
DA:400,0
DA:402,0
DA:407,0
DA:419,0
DA:426,0
DA:427,0
DA:429,0
DA:431,0
DA:434,0
DA:435,0
DA:441,0
DA:443,0
DA:448,0
LF:137
LH:0
BRDA:32,0,0,0
BRDA:68,1,0,0
BRDA:77,2,0,0
BRDA:83,3,0,0
BRDA:109,4,0,0
BRDA:129,5,0,0
BRDA:146,6,0,0
BRDA:146,7,0,0
BRDA:146,7,1,0
BRDA:177,8,0,0
BRDA:208,9,0,0
BRDA:214,10,0,0
BRDA:234,11,0,0
BRDA:242,12,0,0
BRDA:242,12,1,0
BRDA:246,13,0,0
BRDA:258,14,0,0
BRDA:269,15,0,0
BRDA:283,16,0,0
BRDA:283,16,1,0
BRDA:395,17,0,0
BRDA:426,18,0,0
BRF:22
BRH:0
end_of_record
TN:
SF:src\services\auditLogService.ts
FN:5,(anonymous_1)
FN:34,(anonymous_2)
FN:40,(anonymous_3)
FN:47,(anonymous_4)
FN:89,(anonymous_5)
FN:133,(anonymous_6)
FN:185,(anonymous_7)
FN:211,(anonymous_8)
FN:247,(anonymous_9)
FN:257,(anonymous_10)
FN:284,(anonymous_11)
FN:294,(anonymous_12)
FNF:12
FNH:0
FNDA:0,(anonymous_1)
FNDA:0,(anonymous_2)
FNDA:0,(anonymous_3)
FNDA:0,(anonymous_4)
FNDA:0,(anonymous_5)
FNDA:0,(anonymous_6)
FNDA:0,(anonymous_7)
FNDA:0,(anonymous_8)
FNDA:0,(anonymous_9)
FNDA:0,(anonymous_10)
FNDA:0,(anonymous_11)
FNDA:0,(anonymous_12)
DA:1,0
DA:2,0
DA:5,0
DA:6,0
DA:7,0
DA:8,0
DA:9,0
DA:10,0
DA:11,0
DA:12,0
DA:29,0
DA:35,0
DA:36,0
DA:37,0
DA:41,0
DA:42,0
DA:44,0
DA:48,0
DA:50,0
DA:65,0
DA:69,0
DA:73,0
DA:77,0
DA:90,0
DA:91,0
DA:106,0
DA:115,0
DA:117,0
DA:122,0
DA:145,0
DA:146,0
DA:147,0
DA:149,0
DA:150,0
DA:151,0
DA:154,0
DA:155,0
DA:156,0
DA:159,0
DA:160,0
DA:161,0
DA:164,0
DA:165,0
DA:166,0
DA:169,0
DA:170,0
DA:171,0
DA:174,0
DA:175,0
DA:176,0
DA:179,0
DA:180,0
DA:182,0
DA:185,0
DA:197,0
DA:202,0
DA:212,0
DA:213,0
DA:218,0
DA:220,0
DA:232,0
DA:237,0
DA:248,0
DA:249,0
DA:257,0
DA:269,0
DA:274,0
DA:285,0
DA:286,0
DA:294,0
DA:306,0
DA:311,0
DA:316,0
LF:73
LH:0
BRDA:5,0,0,0
BRDA:5,0,1,0
BRDA:41,1,0,0
BRDA:98,2,0,0
BRDA:98,2,1,0
BRDA:102,3,0,0
BRDA:102,3,1,0
BRDA:103,4,0,0
BRDA:103,4,1,0
BRDA:142,5,0,0
BRDA:143,6,0,0
BRDA:149,7,0,0
BRDA:154,8,0,0
BRDA:159,9,0,0
BRDA:164,10,0,0
BRDA:169,11,0,0
BRDA:174,12,0,0
BRDA:218,13,0,0
BRDA:247,14,0,0
BRDA:284,15,0,0
BRF:20
BRH:0
end_of_record
TN:
SF:src\services\auditMetricsService.ts
FN:10,(anonymous_1)
FN:15,(anonymous_2)
FN:22,(anonymous_3)
FN:50,(anonymous_4)
FN:75,(anonymous_5)
FN:106,(anonymous_6)
FN:121,(anonymous_7)
FN:191,(anonymous_8)
FNF:8
FNH:3
FNDA:2,(anonymous_1)
FNDA:2,(anonymous_2)
FNDA:2,(anonymous_3)
FNDA:0,(anonymous_4)
FNDA:0,(anonymous_5)
FNDA:0,(anonymous_6)
FNDA:0,(anonymous_7)
FNDA:0,(anonymous_8)
DA:1,6
DA:2,6
DA:4,6
DA:6,6
DA:11,2
DA:12,2
DA:16,2
DA:17,2
DA:19,2
DA:23,2
DA:24,2
DA:34,2
DA:39,2
DA:43,0
DA:55,0
DA:56,0
DA:67,0
DA:84,0
DA:85,0
DA:86,0
DA:92,0
DA:93,0
DA:94,0
DA:97,0
DA:98,0
DA:99,0
DA:102,0
DA:104,0
DA:106,0
DA:112,0
DA:117,0
DA:131,0
DA:132,0
DA:135,0
DA:137,0
DA:138,0
DA:140,0
DA:141,0
DA:143,0
DA:144,0
DA:146,0
DA:147,0
DA:151,0
DA:153,0
DA:154,0
DA:156,0
DA:157,0
DA:159,0
DA:160,0
DA:162,0
DA:163,0
DA:165,0
DA:166,0
DA:169,0
DA:177,0
DA:178,0
DA:179,0
DA:182,0
DA:183,0
DA:184,0
DA:187,0
DA:189,0
DA:191,0
DA:196,0
DA:207,0
LF:65
LH:13
BRDA:16,0,0,2
BRDA:53,1,0,0
BRDA:92,2,0,0
BRDA:97,3,0,0
BRDA:109,4,0,0
BRDA:109,4,1,0
BRDA:135,5,0,0
BRDA:135,5,1,0
BRDA:135,5,2,0
BRDA:135,5,3,0
BRDA:151,6,0,0
BRDA:151,6,1,0
BRDA:151,6,2,0
BRDA:151,6,3,0
BRDA:151,6,4,0
BRDA:177,7,0,0
BRDA:182,8,0,0
BRF:17
BRH:1
end_of_record
TN:
SF:src\services\auditService.ts
FN:32,(anonymous_1)
FN:37,(anonymous_2)
FN:49,(anonymous_3)
FN:113,(anonymous_4)
FN:141,(anonymous_5)
FN:221,(anonymous_6)
FN:229,(anonymous_7)
FN:248,(anonymous_8)
FN:324,(anonymous_9)
FN:358,(anonymous_10)
FN:433,(anonymous_11)
FN:462,(anonymous_12)
FN:492,(anonymous_13)
FN:511,(anonymous_14)
FN:532,(anonymous_15)
FNF:15
FNH:0
FNDA:0,(anonymous_1)
FNDA:0,(anonymous_2)
FNDA:0,(anonymous_3)
FNDA:0,(anonymous_4)
FNDA:0,(anonymous_5)
FNDA:0,(anonymous_6)
FNDA:0,(anonymous_7)
FNDA:0,(anonymous_8)
FNDA:0,(anonymous_9)
FNDA:0,(anonymous_10)
FNDA:0,(anonymous_11)
FNDA:0,(anonymous_12)
FNDA:0,(anonymous_13)
FNDA:0,(anonymous_14)
FNDA:0,(anonymous_15)
DA:1,0
DA:2,0
DA:3,0
DA:4,0
DA:7,0
DA:9,0
DA:27,0
DA:33,0
DA:34,0
DA:38,0
DA:39,0
DA:41,0
DA:50,0
DA:52,0
DA:53,0
DA:57,0
DA:78,0
DA:79,0
DA:82,0
DA:93,0
DA:95,0
DA:104,0
DA:115,0
DA:121,0
DA:125,0
DA:126,0
DA:130,0
DA:131,0
DA:134,0
DA:142,0
DA:144,0
DA:147,0
DA:149,0
DA:150,0
DA:153,0
DA:154,0
DA:157,0
DA:158,0
DA:162,0
DA:163,0
DA:178,0
DA:180,0
DA:181,0
DA:198,0
DA:206,0
DA:222,0
DA:224,0
DA:229,0
DA:231,0
DA:237,0
DA:260,0
DA:262,0
DA:263,0
DA:265,0
DA:266,0
DA:267,0
DA:270,0
DA:271,0
DA:272,0
DA:275,0
DA:276,0
DA:277,0
DA:280,0
DA:281,0
DA:282,0
DA:285,0
DA:286,0
DA:287,0
DA:290,0
DA:291,0
DA:292,0
DA:296,0
DA:301,0
DA:324,0
DA:340,0
DA:349,0
DA:368,0
DA:370,0
DA:371,0
DA:373,0
DA:374,0
DA:375,0
DA:378,0
DA:379,0
DA:380,0
DA:383,0
DA:384,0
DA:385,0
DA:388,0
DA:389,0
DA:390,0
DA:393,0
DA:394,0
DA:395,0
DA:398,0
DA:399,0
DA:400,0
DA:404,0
DA:409,0
DA:414,0
DA:416,0
DA:423,0
DA:437,0
DA:439,0
DA:462,0
DA:478,0
DA:483,0
DA:495,0
DA:496,0
DA:497,0
DA:499,0
DA:511,0
DA:516,0
DA:521,0
DA:537,0
DA:539,0
DA:548,0
DA:561,0
DA:563,0
DA:569,0
LF:120
LH:0
BRDA:38,0,0,0
BRDA:52,1,0,0
BRDA:64,2,0,0
BRDA:64,2,1,0
BRDA:65,3,0,0
BRDA:65,3,1,0
BRDA:68,4,0,0
BRDA:68,4,1,0
BRDA:71,5,0,0
BRDA:71,5,1,0
BRDA:72,6,0,0
BRDA:72,6,1,0
BRDA:73,7,0,0
BRDA:73,7,1,0
BRDA:78,8,0,0
BRDA:78,9,0,0
BRDA:78,9,1,0
BRDA:115,10,0,0
BRDA:116,11,0,0
BRDA:116,11,1,0
BRDA:116,11,2,0
BRDA:116,11,3,0
BRDA:125,12,0,0
BRDA:130,13,0,0
BRDA:149,14,0,0
BRDA:153,15,0,0
BRDA:157,16,0,0
BRDA:178,17,0,0
BRDA:188,18,0,0
BRDA:188,18,1,0
BRDA:190,19,0,0
BRDA:190,19,1,0
BRDA:237,20,0,0
BRDA:237,20,1,0
BRDA:249,21,0,0
BRDA:257,22,0,0
BRDA:258,23,0,0
BRDA:265,24,0,0
BRDA:270,25,0,0
BRDA:275,26,0,0
BRDA:280,27,0,0
BRDA:285,28,0,0
BRDA:290,29,0,0
BRDA:296,30,0,0
BRDA:296,30,1,0
BRDA:359,31,0,0
BRDA:373,32,0,0
BRDA:378,33,0,0
BRDA:383,34,0,0
BRDA:388,35,0,0
BRDA:393,36,0,0
BRDA:398,37,0,0
BRDA:404,38,0,0
BRDA:404,38,1,0
BRDA:414,39,0,0
BRDA:414,39,1,0
BRDA:435,40,0,0
BRDA:493,41,0,0
BRDA:555,42,0,0
BRDA:555,42,1,0
BRF:60
BRH:0
end_of_record
TN:
SF:src\services\authService.ts
FN:44,(anonymous_1)
FN:48,(anonymous_2)
FN:55,(anonymous_3)
FN:89,(anonymous_4)
FN:105,(anonymous_5)
FN:106,(anonymous_6)
FN:109,(anonymous_7)
FN:110,(anonymous_8)
FN:113,(anonymous_9)
FN:138,(anonymous_10)
FN:158,(anonymous_11)
FN:190,(anonymous_12)
FN:191,(anonymous_13)
FN:208,(anonymous_14)
FN:223,(anonymous_15)
FN:256,(anonymous_16)
FN:256,(anonymous_17)
FN:259,(anonymous_18)
FNF:18
FNH:3
FNDA:2,(anonymous_1)
FNDA:2,(anonymous_2)
FNDA:2,(anonymous_3)
FNDA:0,(anonymous_4)
FNDA:0,(anonymous_5)
FNDA:0,(anonymous_6)
FNDA:0,(anonymous_7)
FNDA:0,(anonymous_8)
FNDA:0,(anonymous_9)
FNDA:0,(anonymous_10)
FNDA:0,(anonymous_11)
FNDA:0,(anonymous_12)
FNDA:0,(anonymous_13)
FNDA:0,(anonymous_14)
FNDA:0,(anonymous_15)
FNDA:0,(anonymous_16)
FNDA:0,(anonymous_17)
FNDA:0,(anonymous_18)
DA:1,6
DA:2,6
DA:3,6
DA:4,6
DA:6,6
DA:28,6
DA:32,2
DA:35,2
DA:45,2
DA:49,2
DA:50,2
DA:52,2
DA:56,2
DA:57,2
DA:63,2
DA:71,2
DA:75,0
DA:76,0
DA:80,0
DA:90,0
DA:92,0
DA:98,0
DA:104,0
DA:105,0
DA:106,0
DA:108,0
DA:109,0
DA:110,0
DA:113,0
DA:114,0
DA:117,0
DA:123,0
DA:124,0
DA:129,0
DA:139,0
DA:140,0
DA:141,0
DA:143,0
DA:148,0
DA:159,0
DA:160,0
DA:163,0
DA:164,0
DA:168,0
DA:187,0
DA:190,0
DA:191,0
DA:193,0
DA:199,0
DA:209,0
DA:211,0
DA:213,0
DA:214,0
DA:220,0
DA:223,0
DA:230,0
DA:235,0
DA:236,0
DA:239,0
DA:240,0
DA:243,0
DA:244,0
DA:245,0
DA:246,0
DA:255,0
DA:256,0
DA:257,0
DA:259,0
DA:261,0
DA:269,0
DA:275,0
LF:71
LH:16
BRDA:49,0,0,2
BRDA:163,1,0,0
BRDA:187,2,0,0
BRDA:187,2,1,0
BRDA:190,3,0,0
BRDA:190,3,1,0
BRDA:213,4,0,0
BRDA:235,5,0,0
BRDA:235,6,0,0
BRDA:235,6,1,0
BRDA:235,6,2,0
BRDA:243,7,0,0
BRDA:257,8,0,0
BRDA:257,8,1,0
BRF:14
BRH:1
end_of_record
TN:
SF:src\services\autoRecoveryService.ts
FN:17,(anonymous_1)
FN:25,(anonymous_2)
FN:32,(anonymous_3)
FN:33,(anonymous_4)
FN:46,(anonymous_5)
FN:74,(anonymous_6)
FN:81,(anonymous_7)
FN:94,(anonymous_8)
FN:110,(anonymous_9)
FN:141,(anonymous_10)
FN:156,(anonymous_11)
FN:193,(anonymous_12)
FN:202,(anonymous_13)
FNF:13
FNH:0
FNDA:0,(anonymous_1)
FNDA:0,(anonymous_2)
FNDA:0,(anonymous_3)
FNDA:0,(anonymous_4)
FNDA:0,(anonymous_5)
FNDA:0,(anonymous_6)
FNDA:0,(anonymous_7)
FNDA:0,(anonymous_8)
FNDA:0,(anonymous_9)
FNDA:0,(anonymous_10)
FNDA:0,(anonymous_11)
FNDA:0,(anonymous_12)
FNDA:0,(anonymous_13)
DA:1,0
DA:2,0
DA:3,0
DA:4,0
DA:5,0
DA:6,0
DA:7,0
DA:9,0
DA:15,0
DA:18,0
DA:19,0
DA:20,0
DA:21,0
DA:22,0
DA:26,0
DA:27,0
DA:29,0
DA:33,0
DA:34,0
DA:35,0
DA:36,0
DA:38,0
DA:47,0
DA:49,0
DA:52,0
DA:57,0
DA:58,0
DA:62,0
DA:63,0
DA:64,0
DA:66,0
DA:67,0
DA:70,0
DA:75,0
DA:76,0
DA:81,0
DA:83,0
DA:84,0
DA:87,0
DA:95,0
DA:96,0
DA:102,0
DA:104,0
DA:106,0
DA:111,0
DA:112,0
DA:118,0
DA:119,0
DA:121,0
DA:127,0
DA:133,0
DA:135,0
DA:137,0
DA:142,0
DA:143,0
DA:148,0
DA:150,0
DA:152,0
DA:157,0
DA:159,0
DA:160,0
DA:161,0
DA:167,0
DA:169,0
DA:171,0
DA:172,0
DA:177,0
DA:180,0
DA:182,0
DA:184,0
DA:187,0
DA:189,0
DA:194,0
DA:195,0
DA:196,0
DA:198,0
DA:207,0
DA:208,0
DA:222,0
LF:79
LH:0
BRDA:26,0,0,0
BRDA:57,1,0,0
BRDA:62,2,0,0
BRDA:62,2,1,0
BRDA:66,3,0,0
BRDA:83,4,0,0
BRDA:157,5,0,0
BRDA:167,6,0,0
BRDA:167,6,1,0
BRDA:169,7,0,0
BRDA:169,7,1,0
BRDA:173,8,0,0
BRDA:173,8,1,0
BRDA:177,9,0,0
BRDA:177,9,1,0
BRDA:180,10,0,0
BRDA:180,10,1,0
BRDA:211,11,0,0
BRDA:211,11,1,0
BRDA:214,12,0,0
BRDA:214,12,1,0
BRDA:215,13,0,0
BRDA:215,13,1,0
BRDA:219,14,0,0
BRDA:219,14,1,0
BRF:25
BRH:0
end_of_record
TN:
SF:src\services\loggingService.ts
FN:9,(anonymous_9)
FN:13,(anonymous_10)
FN:59,(anonymous_11)
FN:66,(anonymous_12)
FN:82,(anonymous_13)
FN:95,(anonymous_14)
FN:108,(anonymous_15)
FN:121,(anonymous_16)
FN:128,(anonymous_17)
FNF:9
FNH:5
FNDA:19,(anonymous_9)
FNDA:19,(anonymous_10)
FNDA:35,(anonymous_11)
FNDA:0,(anonymous_12)
FNDA:0,(anonymous_13)
FNDA:3,(anonymous_14)
FNDA:0,(anonymous_15)
FNDA:4,(anonymous_16)
FNDA:0,(anonymous_17)
DA:1,22
DA:3,22
DA:10,19
DA:14,19
DA:20,17
DA:60,35
DA:61,19
DA:63,33
DA:75,0
DA:88,0
DA:96,3
DA:114,0
DA:122,4
DA:140,0
DA:144,22
LF:15
LH:11
BRDA:53,0,0,0
BRDA:53,0,1,17
BRDA:60,1,0,19
BRF:3
BRH:2
end_of_record
TN:
SF:src\services\monitoringService.ts
FN:23,(anonymous_1)
FN:27,(anonymous_2)
FN:34,(anonymous_3)
FN:39,(anonymous_4)
FN:49,(anonymous_5)
FN:56,(anonymous_6)
FN:95,(anonymous_7)
FN:107,(anonymous_8)
FN:108,(anonymous_9)
FN:128,(anonymous_10)
FN:152,(anonymous_11)
FN:162,(anonymous_12)
FN:187,(anonymous_13)
FN:223,(anonymous_14)
FNF:14
FNH:0
FNDA:0,(anonymous_1)
FNDA:0,(anonymous_2)
FNDA:0,(anonymous_3)
FNDA:0,(anonymous_4)
FNDA:0,(anonymous_5)
FNDA:0,(anonymous_6)
FNDA:0,(anonymous_7)
FNDA:0,(anonymous_8)
FNDA:0,(anonymous_9)
FNDA:0,(anonymous_10)
FNDA:0,(anonymous_11)
FNDA:0,(anonymous_12)
FNDA:0,(anonymous_13)
FNDA:0,(anonymous_14)
DA:2,0
DA:3,0
DA:4,0
DA:5,0
DA:6,0
DA:8,0
DA:9,0
DA:13,0
DA:15,0
DA:19,0
DA:20,0
DA:21,0
DA:24,0
DA:28,0
DA:29,0
DA:31,0
DA:35,0
DA:36,0
DA:39,0
DA:40,0
DA:41,0
DA:42,0
DA:44,0
DA:50,0
DA:51,0
DA:52,0
DA:57,0
DA:58,0
DA:59,0
DA:60,0
DA:63,0
DA:64,0
DA:67,0
DA:69,0
DA:92,0
DA:96,0
DA:98,0
DA:99,0
DA:100,0
DA:102,0
DA:103,0
DA:108,0
DA:109,0
DA:110,0
DA:113,0
DA:114,0
DA:115,0
DA:116,0
DA:117,0
DA:121,0
DA:129,0
DA:131,0
DA:132,0
DA:133,0
DA:134,0
DA:135,0
DA:142,0
DA:145,0
DA:153,0
DA:154,0
DA:155,0
DA:157,0
DA:158,0
DA:164,0
DA:170,0
DA:176,0
DA:183,0
DA:194,0
DA:196,0
DA:210,0
DA:220,0
DA:225,0
DA:226,0
DA:236,0
DA:237,0
DA:238,0
DA:248,0
DA:249,0
DA:250,0
LF:79
LH:0
BRDA:24,0,0,0
BRDA:24,0,1,0
BRDA:28,1,0,0
BRDA:35,2,0,0
BRDA:50,3,0,0
BRDA:115,4,0,0
BRDA:115,5,0,0
BRDA:115,5,1,0
BRDA:133,6,0,0
BRDA:194,7,0,0
BRDA:194,7,1,0
BRDA:225,8,0,0
BRDA:237,9,0,0
BRDA:249,10,0,0
BRF:14
BRH:0
end_of_record
TN:
SF:src\services\notificationService.ts
FN:37,(anonymous_1)
FN:43,(anonymous_2)
FN:57,(anonymous_3)
FN:104,(anonymous_4)
FN:123,(anonymous_5)
FN:130,(anonymous_6)
FN:170,(anonymous_7)
FN:204,(anonymous_8)
FN:212,(anonymous_9)
FN:233,(anonymous_10)
FN:244,(anonymous_11)
FN:257,(anonymous_12)
FN:297,(anonymous_13)
FN:345,(anonymous_14)
FN:398,(anonymous_15)
FN:418,(anonymous_16)
FN:444,(anonymous_17)
FN:482,(anonymous_18)
FN:506,(anonymous_19)
FN:540,(anonymous_20)
FNF:20
FNH:3
FNDA:2,(anonymous_1)
FNDA:0,(anonymous_2)
FNDA:0,(anonymous_3)
FNDA:0,(anonymous_4)
FNDA:2,(anonymous_5)
FNDA:0,(anonymous_6)
FNDA:0,(anonymous_7)
FNDA:0,(anonymous_8)
FNDA:0,(anonymous_9)
FNDA:0,(anonymous_10)
FNDA:0,(anonymous_11)
FNDA:2,(anonymous_12)
FNDA:0,(anonymous_13)
FNDA:0,(anonymous_14)
FNDA:0,(anonymous_15)
FNDA:0,(anonymous_16)
FNDA:0,(anonymous_17)
FNDA:0,(anonymous_18)
FNDA:0,(anonymous_19)
FNDA:0,(anonymous_20)
DA:2,6
DA:3,6
DA:4,6
DA:5,6
DA:6,6
DA:7,6
DA:8,6
DA:11,6
DA:13,6
DA:14,6
DA:28,6
DA:32,2
DA:35,2
DA:38,2
DA:39,2
DA:40,2
DA:42,2
DA:43,0
DA:44,0
DA:50,2
DA:58,0
DA:60,0
DA:63,0
DA:64,0
DA:65,0
DA:66,0
DA:68,0
DA:69,0
DA:72,0
DA:84,0
DA:88,0
DA:93,0
DA:95,0
DA:100,0
DA:105,0
DA:107,0
DA:110,0
DA:111,0
DA:112,0
DA:114,0
DA:119,0
DA:124,2
DA:125,2
DA:127,2
DA:131,0
DA:132,0
DA:142,0
DA:145,0
DA:146,0
DA:148,0
DA:149,0
DA:154,0
DA:157,0
DA:159,0
DA:160,0
DA:161,0
DA:163,0
DA:170,0
DA:180,0
DA:182,0
DA:192,0
DA:194,0
DA:202,0
DA:203,0
DA:204,0
DA:206,0
DA:213,0
DA:234,0
DA:241,0
DA:245,0
DA:251,0
DA:258,2
DA:260,2
DA:261,0
DA:272,2
DA:283,0
DA:287,0
DA:298,0
DA:300,0
DA:301,0
DA:302,0
DA:303,0
DA:308,0
DA:315,0
DA:324,0
DA:326,0
DA:334,0
DA:351,0
DA:353,0
DA:358,0
DA:359,0
DA:363,0
DA:364,0
DA:379,0
DA:381,0
DA:389,0
DA:399,0
DA:400,0
DA:418,0
DA:430,0
DA:435,0
DA:445,0
DA:446,0
DA:451,0
DA:452,0
DA:455,0
DA:456,0
DA:459,0
DA:466,0
DA:468,0
DA:474,0
DA:483,0
DA:484,0
DA:491,0
DA:493,0
DA:498,0
DA:507,0
DA:508,0
DA:509,0
DA:511,0
DA:517,0
DA:524,0
DA:526,0
DA:531,0
DA:543,0
DA:552,0
LF:126
LH:24
BRDA:14,0,0,6
BRDA:14,0,1,6
BRDA:42,1,0,0
BRDA:42,1,1,2
BRDA:58,2,0,0
BRDA:68,3,0,0
BRDA:68,4,0,0
BRDA:68,4,1,0
BRDA:68,4,2,0
BRDA:105,5,0,0
BRDA:111,6,0,0
BRDA:111,6,1,0
BRDA:124,7,0,2
BRDA:131,8,0,0
BRDA:146,9,0,0
BRDA:146,9,1,0
BRDA:148,10,0,0
BRDA:157,11,0,0
BRDA:157,11,1,0
BRDA:174,12,0,0
BRDA:174,12,1,0
BRDA:202,13,0,0
BRDA:202,13,1,0
BRDA:223,14,0,0
BRDA:223,14,1,0
BRDA:241,15,0,0
BRDA:241,15,1,0
BRDA:251,16,0,0
BRDA:251,16,1,0
BRDA:260,17,0,0
BRDA:260,17,1,2
BRDA:262,18,0,0
BRDA:262,18,1,0
BRDA:263,19,0,0
BRDA:263,19,1,0
BRDA:266,20,0,0
BRDA:266,20,1,0
BRDA:267,21,0,0
BRDA:267,21,1,0
BRDA:274,22,0,2
BRDA:274,22,1,2
BRDA:300,23,0,0
BRDA:302,24,0,0
BRDA:309,25,0,0
BRDA:309,25,1,0
BRDA:358,26,0,0
BRDA:375,27,0,0
BRDA:375,27,1,0
BRDA:398,28,0,0
BRDA:427,29,0,0
BRDA:427,29,1,0
BRDA:451,30,0,0
BRDA:455,31,0,0
BRDA:506,32,0,0
BRF:54
BRH:7
end_of_record
TN:
SF:src\services\permissionAuditService.ts
FN:56,(anonymous_1)
FN:64,(anonymous_2)
FN:74,(anonymous_3)
FN:144,(anonymous_4)
FN:207,(anonymous_5)
FN:286,(anonymous_6)
FN:303,(anonymous_7)
FN:329,(anonymous_8)
FN:385,(anonymous_9)
FN:427,(anonymous_10)
FN:470,(anonymous_11)
FN:531,(anonymous_12)
FN:571,(anonymous_13)
FN:589,(anonymous_14)
FN:659,(anonymous_15)
FN:728,(anonymous_16)
FN:738,(anonymous_17)
FNF:17
FNH:4
FNDA:2,(anonymous_1)
FNDA:2,(anonymous_2)
FNDA:2,(anonymous_3)
FNDA:1,(anonymous_4)
FNDA:0,(anonymous_5)
FNDA:0,(anonymous_6)
FNDA:0,(anonymous_7)
FNDA:0,(anonymous_8)
FNDA:0,(anonymous_9)
FNDA:0,(anonymous_10)
FNDA:0,(anonymous_11)
FNDA:0,(anonymous_12)
FNDA:0,(anonymous_13)
FNDA:0,(anonymous_14)
FNDA:0,(anonymous_15)
FNDA:0,(anonymous_16)
FNDA:0,(anonymous_17)
DA:1,5
DA:2,5
DA:3,5
DA:4,5
DA:6,5
DA:8,5
DA:49,5
DA:57,2
DA:58,2
DA:59,2
DA:60,2
DA:61,2
DA:65,2
DA:66,2
DA:68,2
DA:75,2
DA:77,2
DA:98,2
DA:112,2
DA:117,2
DA:122,0
DA:127,0
DA:131,0
DA:135,0
DA:145,1
DA:146,1
DA:171,0
DA:177,0
DA:179,0
DA:189,0
DA:191,1
DA:199,1
DA:208,0
DA:210,0
DA:213,0
DA:214,0
DA:216,0
DA:217,0
DA:219,0
DA:220,0
DA:222,0
DA:223,0
DA:226,0
DA:227,0
DA:236,0
DA:237,0
DA:252,0
DA:253,0
DA:272,0
DA:287,0
DA:288,0
DA:292,0
DA:296,0
DA:305,0
DA:306,0
DA:310,0
DA:311,0
DA:315,0
DA:316,0
DA:317,0
DA:319,0
DA:320,0
DA:330,0
DA:331,0
DA:333,0
DA:335,0
DA:336,0
DA:341,0
DA:342,0
DA:343,0
DA:346,0
DA:347,0
DA:348,0
DA:351,0
DA:352,0
DA:353,0
DA:356,0
DA:357,0
DA:358,0
DA:361,0
DA:362,0
DA:363,0
DA:366,0
DA:367,0
DA:368,0
DA:371,0
DA:373,0
DA:374,0
DA:375,0
DA:377,0
DA:378,0
DA:379,0
DA:383,0
DA:385,0
DA:404,0
DA:405,0
DA:411,0
DA:413,0
DA:418,0
DA:428,0
DA:429,0
DA:434,0
DA:435,0
DA:438,0
DA:456,0
DA:461,0
DA:471,0
DA:472,0
DA:473,0
DA:475,0
DA:476,0
DA:477,0
DA:480,0
DA:481,0
DA:482,0
DA:486,0
DA:494,0
DA:502,0
DA:511,0
DA:517,0
DA:522,0
DA:532,0
DA:534,0
DA:537,0
DA:540,0
DA:541,0
DA:542,0
DA:544,0
DA:559,0
DA:564,0
DA:572,0
DA:573,0
DA:576,0
DA:577,0
DA:596,0
DA:598,0
DA:601,0
DA:602,0
DA:603,0
DA:606,0
DA:622,0
DA:628,0
DA:635,0
DA:644,0
DA:652,0
DA:668,0
DA:670,0
DA:690,0
DA:691,0
DA:711,0
DA:729,0
DA:730,0
DA:738,0
DA:756,0
DA:761,0
LF:155
LH:24
BRDA:65,0,0,2
BRDA:161,1,0,1
BRDA:161,1,1,1
BRDA:162,2,0,1
BRDA:162,2,1,1
BRDA:163,3,0,1
BRDA:163,3,1,0
BRDA:164,4,0,1
BRDA:164,4,1,1
BRDA:165,5,0,1
BRDA:165,5,1,1
BRDA:166,6,0,1
BRDA:166,6,1,1
BRDA:214,7,0,0
BRDA:214,7,1,0
BRDA:214,7,2,0
BRDA:231,8,0,0
BRDA:231,8,1,0
BRDA:252,9,0,0
BRDA:260,10,0,0
BRDA:260,10,1,0
BRDA:305,11,0,0
BRDA:305,12,0,0
BRDA:305,12,1,0
BRDA:305,12,2,0
BRDA:310,13,0,0
BRDA:310,14,0,0
BRDA:310,14,1,0
BRDA:316,15,0,0
BRDA:316,16,0,0
BRDA:316,16,1,0
BRDA:319,17,0,0
BRDA:319,18,0,0
BRDA:319,18,1,0
BRDA:341,19,0,0
BRDA:346,20,0,0
BRDA:351,21,0,0
BRDA:356,22,0,0
BRDA:361,23,0,0
BRDA:366,24,0,0
BRDA:373,25,0,0
BRDA:377,26,0,0
BRDA:406,27,0,0
BRDA:406,27,1,0
BRDA:407,28,0,0
BRDA:407,28,1,0
BRDA:434,29,0,0
BRDA:475,30,0,0
BRDA:480,31,0,0
BRDA:541,32,0,0
BRDA:541,32,1,0
BRDA:542,33,0,0
BRDA:542,33,1,0
BRDA:572,34,0,0
BRDA:572,35,0,0
BRDA:572,35,1,0
BRDA:576,36,0,0
BRDA:576,37,0,0
BRDA:576,37,1,0
BRDA:602,38,0,0
BRDA:616,39,0,0
BRDA:616,39,1,0
BRDA:673,40,0,0
BRDA:673,40,1,0
BRDA:675,41,0,0
BRDA:675,41,1,0
BRDA:690,42,0,0
BRDA:694,43,0,0
BRDA:694,43,1,0
BRDA:696,44,0,0
BRDA:696,44,1,0
BRDA:728,45,0,0
BRF:72
BRH:12
end_of_record
TN:
SF:src\services\permissionCache.ts
FN:7,(anonymous_1)
FN:31,(anonymous_2)
FN:33,(anonymous_3)
FN:42,(anonymous_4)
FN:43,(anonymous_5)
FN:52,(anonymous_6)
FN:66,(anonymous_7)
FN:73,(anonymous_8)
FN:74,(anonymous_9)
FN:86,(anonymous_10)
FN:87,(anonymous_11)
FN:92,(anonymous_12)
FN:107,(anonymous_13)
FN:108,(anonymous_14)
FN:113,(anonymous_15)
FN:135,(anonymous_16)
FN:136,(anonymous_17)
FN:141,(anonymous_18)
FN:161,(anonymous_19)
FN:182,(anonymous_20)
FN:183,(anonymous_21)
FN:193,(anonymous_22)
FN:208,(anonymous_23)
FN:209,(anonymous_24)
FN:213,(anonymous_25)
FN:229,(anonymous_26)
FN:230,(anonymous_27)
FN:231,(anonymous_28)
FNF:28
FNH:0
FNDA:0,(anonymous_1)
FNDA:0,(anonymous_2)
FNDA:0,(anonymous_3)
FNDA:0,(anonymous_4)
FNDA:0,(anonymous_5)
FNDA:0,(anonymous_6)
FNDA:0,(anonymous_7)
FNDA:0,(anonymous_8)
FNDA:0,(anonymous_9)
FNDA:0,(anonymous_10)
FNDA:0,(anonymous_11)
FNDA:0,(anonymous_12)
FNDA:0,(anonymous_13)
FNDA:0,(anonymous_14)
FNDA:0,(anonymous_15)
FNDA:0,(anonymous_16)
FNDA:0,(anonymous_17)
FNDA:0,(anonymous_18)
FNDA:0,(anonymous_19)
FNDA:0,(anonymous_20)
FNDA:0,(anonymous_21)
FNDA:0,(anonymous_22)
FNDA:0,(anonymous_23)
FNDA:0,(anonymous_24)
FNDA:0,(anonymous_25)
FNDA:0,(anonymous_26)
FNDA:0,(anonymous_27)
FNDA:0,(anonymous_28)
DA:1,0
DA:2,0
DA:4,0
DA:5,0
DA:8,0
DA:23,0
DA:26,0
DA:32,0
DA:33,0
DA:34,0
DA:39,0
DA:43,0
DA:44,0
DA:53,0
DA:54,0
DA:58,0
DA:60,0
DA:67,0
DA:68,0
DA:70,0
DA:74,0
DA:75,0
DA:76,0
DA:78,0
DA:87,0
DA:88,0
DA:89,0
DA:93,0
DA:94,0
DA:98,0
DA:100,0
DA:108,0
DA:109,0
DA:110,0
DA:114,0
DA:115,0
DA:120,0
DA:121,0
DA:124,0
DA:129,0
DA:136,0
DA:137,0
DA:139,0
DA:142,0
DA:143,0
DA:148,0
DA:149,0
DA:152,0
DA:153,0
DA:154,0
DA:157,0
DA:162,0
DA:163,0
DA:168,0
DA:170,0
DA:175,0
DA:183,0
DA:184,0
DA:185,0
DA:194,0
DA:195,0
DA:199,0
DA:201,0
DA:209,0
DA:210,0
DA:214,0
DA:215,0
DA:220,0
DA:222,0
DA:230,0
DA:231,0
DA:232,0
DA:233,0
DA:237,0
DA:239,0
LF:75
LH:0
BRDA:53,0,0,0
BRDA:53,0,1,0
BRDA:67,1,0,0
BRDA:93,2,0,0
BRDA:93,2,1,0
BRDA:114,3,0,0
BRDA:126,4,0,0
BRDA:126,4,1,0
BRDA:129,5,0,0
BRDA:129,5,1,0
BRDA:135,6,0,0
BRDA:142,7,0,0
BRDA:153,8,0,0
BRDA:153,9,0,0
BRDA:153,9,1,0
BRDA:162,10,0,0
BRDA:162,10,1,0
BRDA:194,11,0,0
BRDA:194,11,1,0
BRDA:214,12,0,0
BRDA:214,12,1,0
BRDA:232,13,0,0
BRDA:232,13,1,0
BRF:23
BRH:0
end_of_record
TN:
SF:src\services\permissionService.ts
FN:80,(anonymous_1)
FN:85,(anonymous_2)
FN:97,(anonymous_3)
FN:153,(anonymous_4)
FN:187,(anonymous_5)
FN:218,(anonymous_6)
FN:219,(anonymous_7)
FN:269,(anonymous_8)
FN:302,(anonymous_9)
FN:318,(anonymous_10)
FN:343,(anonymous_11)
FN:373,(anonymous_12)
FN:421,(anonymous_13)
FN:469,(anonymous_14)
FNF:14
FNH:2
FNDA:1,(anonymous_1)
FNDA:1,(anonymous_2)
FNDA:0,(anonymous_3)
FNDA:0,(anonymous_4)
FNDA:0,(anonymous_5)
FNDA:0,(anonymous_6)
FNDA:0,(anonymous_7)
FNDA:0,(anonymous_8)
FNDA:0,(anonymous_9)
FNDA:0,(anonymous_10)
FNDA:0,(anonymous_11)
FNDA:0,(anonymous_12)
FNDA:0,(anonymous_13)
FNDA:0,(anonymous_14)
DA:2,1
DA:3,1
DA:4,1
DA:5,1
DA:7,1
DA:10,1
DA:48,1
DA:75,1
DA:81,1
DA:82,1
DA:86,1
DA:87,1
DA:89,1
DA:102,0
DA:103,0
DA:109,0
DA:110,0
DA:119,0
DA:122,0
DA:123,0
DA:124,0
DA:126,0
DA:133,0
DA:139,0
DA:144,0
DA:154,0
DA:155,0
DA:160,0
DA:161,0
DA:167,0
DA:169,0
DA:171,0
DA:176,0
DA:192,0
DA:194,0
DA:195,0
DA:196,0
DA:199,0
DA:200,0
DA:203,0
DA:204,0
DA:206,0
DA:207,0
DA:213,0
DA:218,0
DA:219,0
DA:221,0
DA:222,0
DA:237,0
DA:241,0
DA:242,0
DA:243,0
DA:249,0
DA:252,0
DA:253,0
DA:256,0
DA:257,0
DA:259,0
DA:260,0
DA:266,0
DA:269,0
DA:270,0
DA:273,0
DA:274,0
DA:282,0
DA:285,0
DA:292,0
DA:306,0
DA:308,0
DA:309,0
DA:310,0
DA:312,0
DA:314,0
DA:317,0
DA:318,0
DA:321,0
DA:324,0
DA:327,0
DA:332,0
DA:333,0
DA:334,0
DA:337,0
DA:339,0
DA:342,0
DA:343,0
DA:346,0
DA:349,0
DA:352,0
DA:356,0
DA:364,0
DA:374,0
DA:376,0
DA:377,0
DA:381,0
DA:386,0
DA:387,0
DA:393,0
DA:396,0
DA:397,0
DA:399,0
DA:404,0
DA:407,0
DA:412,0
DA:422,0
DA:423,0
DA:431,0
DA:432,0
DA:438,0
DA:441,0
DA:442,0
DA:443,0
DA:445,0
DA:452,0
DA:457,0
DA:462,0
DA:470,0
DA:472,0
DA:474,0
DA:479,0
DA:481,0
DA:487,0
DA:494,0
DA:498,0
LF:123
LH:13
BRDA:86,0,0,1
BRDA:109,1,0,0
BRDA:160,2,0,0
BRDA:160,3,0,0
BRDA:160,3,1,0
BRDA:194,4,0,0
BRDA:194,4,1,0
BRDA:199,5,0,0
BRDA:204,6,0,0
BRDA:204,6,1,0
BRDA:206,7,0,0
BRDA:218,8,0,0
BRDA:218,8,1,0
BRDA:221,9,0,0
BRDA:242,10,0,0
BRDA:252,11,0,0
BRDA:259,12,0,0
BRDA:273,13,0,0
BRDA:308,14,0,0
BRDA:308,14,1,0
BRDA:312,15,0,0
BRDA:312,15,1,0
BRDA:312,15,2,0
BRDA:312,15,3,0
BRDA:312,15,4,0
BRDA:317,16,0,0
BRDA:317,16,1,0
BRDA:318,17,0,0
BRDA:318,17,1,0
BRDA:321,18,0,0
BRDA:321,18,1,0
BRDA:333,19,0,0
BRDA:337,20,0,0
BRDA:337,20,1,0
BRDA:337,20,2,0
BRDA:337,20,3,0
BRDA:337,20,4,0
BRDA:342,21,0,0
BRDA:342,21,1,0
BRDA:343,22,0,0
BRDA:343,22,1,0
BRDA:346,23,0,0
BRDA:346,23,1,0
BRDA:376,24,0,0
BRDA:386,25,0,0
BRDA:431,26,0,0
BRDA:479,27,0,0
BRDA:479,27,1,0
BRF:48
BRH:1
end_of_record
TN:
SF:src\services\redisService.ts
FN:23,(anonymous_1)
FN:25,(anonymous_2)
FN:31,(anonymous_3)
FN:35,(anonymous_4)
FN:41,(anonymous_5)
FN:48,(anonymous_6)
FN:57,(anonymous_7)
FN:67,(anonymous_8)
FN:94,(anonymous_9)
FN:134,(anonymous_10)
FN:157,(anonymous_11)
FN:166,(anonymous_12)
FN:168,(anonymous_13)
FN:174,(anonymous_14)
FN:181,(anonymous_15)
FN:190,(anonymous_16)
FN:200,(anonymous_17)
FN:215,(anonymous_18)
FN:222,(anonymous_19)
FN:224,(anonymous_20)
FN:237,(anonymous_21)
FN:245,(anonymous_22)
FN:256,(anonymous_23)
FN:263,(anonymous_24)
FN:267,(anonymous_25)
FN:271,(anonymous_26)
FN:287,(anonymous_27)
FN:307,(anonymous_28)
FN:314,(anonymous_29)
FN:329,(anonymous_30)
FN:349,(anonymous_31)
FN:365,(anonymous_32)
FN:379,(anonymous_33)
FN:383,(anonymous_34)
FN:387,(anonymous_35)
FN:392,(anonymous_36)
FNF:36
FNH:0
FNDA:0,(anonymous_1)
FNDA:0,(anonymous_2)
FNDA:0,(anonymous_3)
FNDA:0,(anonymous_4)
FNDA:0,(anonymous_5)
FNDA:0,(anonymous_6)
FNDA:0,(anonymous_7)
FNDA:0,(anonymous_8)
FNDA:0,(anonymous_9)
FNDA:0,(anonymous_10)
FNDA:0,(anonymous_11)
FNDA:0,(anonymous_12)
FNDA:0,(anonymous_13)
FNDA:0,(anonymous_14)
FNDA:0,(anonymous_15)
FNDA:0,(anonymous_16)
FNDA:0,(anonymous_17)
FNDA:0,(anonymous_18)
FNDA:0,(anonymous_19)
FNDA:0,(anonymous_20)
FNDA:0,(anonymous_21)
FNDA:0,(anonymous_22)
FNDA:0,(anonymous_23)
FNDA:0,(anonymous_24)
FNDA:0,(anonymous_25)
FNDA:0,(anonymous_26)
FNDA:0,(anonymous_27)
FNDA:0,(anonymous_28)
FNDA:0,(anonymous_29)
FNDA:0,(anonymous_30)
FNDA:0,(anonymous_31)
FNDA:0,(anonymous_32)
FNDA:0,(anonymous_33)
FNDA:0,(anonymous_34)
FNDA:0,(anonymous_35)
FNDA:0,(anonymous_36)
DA:1,2
DA:2,2
DA:3,2
DA:4,2
DA:20,0
DA:21,0
DA:24,0
DA:25,0
DA:26,0
DA:27,0
DA:32,0
DA:36,0
DA:37,0
DA:38,0
DA:42,0
DA:43,0
DA:45,0
DA:49,0
DA:50,0
DA:51,0
DA:53,0
DA:54,0
DA:58,0
DA:59,0
DA:60,0
DA:61,0
DA:62,0
DA:64,0
DA:68,0
DA:69,0
DA:70,0
DA:71,0
DA:72,0
DA:73,0
DA:76,0
DA:80,2
DA:82,2
DA:88,0
DA:89,0
DA:91,0
DA:92,0
DA:96,0
DA:101,0
DA:106,0
DA:111,0
DA:117,0
DA:119,0
DA:121,0
DA:122,0
DA:127,0
DA:128,0
DA:135,0
DA:136,0
DA:137,0
DA:144,0
DA:147,0
DA:151,0
DA:158,0
DA:161,0
DA:164,0
DA:166,0
DA:168,0
DA:169,0
DA:170,0
DA:171,0
DA:174,0
DA:175,0
DA:176,0
DA:178,0
DA:181,0
DA:182,0
DA:183,0
DA:184,0
DA:186,0
DA:187,0
DA:190,0
DA:191,0
DA:192,0
DA:193,0
DA:194,0
DA:195,0
DA:197,0
DA:200,0
DA:201,0
DA:202,0
DA:203,0
DA:204,0
DA:205,0
DA:206,0
DA:209,0
DA:212,0
DA:215,0
DA:216,0
DA:217,0
DA:218,0
DA:224,0
DA:225,0
DA:226,0
DA:234,0
DA:237,0
DA:238,0
DA:239,0
DA:245,0
DA:246,0
DA:247,0
DA:257,0
DA:258,0
DA:260,0
DA:264,0
DA:268,0
DA:272,0
DA:273,0
DA:274,0
DA:275,0
DA:276,0
DA:278,0
DA:279,0
DA:283,0
DA:288,0
DA:289,0
DA:290,0
DA:291,0
DA:300,0
DA:308,0
DA:309,0
DA:310,0
DA:311,0
DA:315,0
DA:316,0
DA:317,0
DA:318,0
DA:319,0
DA:322,0
DA:330,0
DA:331,0
DA:332,0
DA:334,0
DA:336,0
DA:337,0
DA:339,0
DA:340,0
DA:345,0
DA:350,0
DA:351,0
DA:352,0
DA:353,0
DA:355,0
DA:356,0
DA:361,0
DA:366,0
DA:367,0
DA:368,0
DA:370,0
DA:375,0
DA:380,0
DA:384,0
DA:388,0
DA:389,0
DA:398,0
DA:400,0
DA:401,0
DA:402,0
DA:403,0
DA:404,0
DA:407,0
DA:413,0
LF:166
LH:6
BRDA:42,0,0,0
BRDA:50,1,0,0
BRDA:50,2,0,0
BRDA:50,2,1,0
BRDA:59,3,0,0
BRDA:60,4,0,0
BRDA:60,5,0,0
BRDA:60,5,1,0
BRDA:68,6,0,0
BRDA:68,6,1,0
BRDA:71,7,0,0
BRDA:117,8,0,0
BRDA:117,8,1,0
BRDA:119,9,0,0
BRDA:119,9,1,0
BRDA:129,10,0,0
BRDA:129,10,1,0
BRDA:130,11,0,0
BRDA:130,11,1,0
BRDA:175,12,0,0
BRDA:183,13,0,0
BRDA:183,14,0,0
BRDA:183,14,1,0
BRDA:192,15,0,0
BRDA:193,16,0,0
BRDA:193,17,0,0
BRDA:193,17,1,0
BRDA:201,18,0,0
BRDA:201,18,1,0
BRDA:204,19,0,0
BRDA:257,20,0,0
BRDA:275,21,0,0
BRDA:275,21,1,0
BRDA:309,22,0,0
BRDA:310,23,0,0
BRDA:310,23,1,0
BRDA:318,24,0,0
BRDA:331,25,0,0
BRDA:331,25,1,0
BRDA:384,26,0,0
BRDA:384,26,1,0
BRDA:389,27,0,0
BRDA:389,27,1,0
BRDA:403,28,0,0
BRDA:414,29,0,0
BRDA:414,29,1,0
BRF:46
BRH:0
end_of_record
TN:
SF:src\services\securityAuditService.ts
FN:48,(anonymous_10)
FN:51,(anonymous_11)
FN:60,(anonymous_12)
FN:97,(anonymous_13)
FN:110,(anonymous_14)
FN:117,(anonymous_15)
FN:144,(anonymous_16)
FN:170,(anonymous_17)
FN:181,(anonymous_18)
FN:200,(anonymous_19)
FN:211,(anonymous_20)
FN:229,(anonymous_21)
FNF:12
FNH:0
FNDA:0,(anonymous_10)
FNDA:0,(anonymous_11)
FNDA:0,(anonymous_12)
FNDA:0,(anonymous_13)
FNDA:0,(anonymous_14)
FNDA:0,(anonymous_15)
FNDA:0,(anonymous_16)
FNDA:0,(anonymous_17)
FNDA:0,(anonymous_18)
FNDA:0,(anonymous_19)
FNDA:0,(anonymous_20)
FNDA:0,(anonymous_21)
DA:1,0
DA:2,0
DA:3,0
DA:6,0
DA:42,0
DA:49,0
DA:50,0
DA:51,0
DA:52,0
DA:57,0
DA:61,0
DA:62,0
DA:88,0
DA:89,0
DA:93,0
DA:98,0
DA:99,0
DA:100,0
DA:102,0
DA:111,0
DA:112,0
DA:114,0
DA:118,0
DA:119,0
DA:133,0
DA:140,0
DA:145,0
DA:146,0
DA:159,0
DA:166,0
DA:171,0
DA:172,0
DA:173,0
DA:181,0
DA:190,0
DA:196,0
DA:201,0
DA:202,0
DA:203,0
DA:211,0
DA:219,0
DA:225,0
DA:230,0
DA:231,0
LF:44
LH:0
BRDA:99,0,0,0
BRDA:111,1,0,0
BRDA:128,2,0,0
BRDA:128,2,1,0
BRDA:129,3,0,0
BRDA:129,3,1,0
BRDA:138,4,0,0
BRDA:138,4,1,0
BRDA:154,5,0,0
BRDA:154,5,1,0
BRDA:164,6,0,0
BRDA:164,6,1,0
BRDA:170,7,0,0
BRDA:187,8,0,0
BRDA:187,8,1,0
BRDA:194,9,0,0
BRDA:194,9,1,0
BRDA:200,10,0,0
BRDA:223,11,0,0
BRDA:223,11,1,0
BRF:20
BRH:0
end_of_record
TN:
SF:src\services\securityMonitorService.ts
FN:17,(anonymous_1)
FN:22,(anonymous_2)
FN:29,(anonymous_3)
FN:35,(anonymous_4)
FN:54,(anonymous_5)
FN:62,(anonymous_6)
FN:74,(anonymous_7)
FN:104,(anonymous_8)
FN:109,(anonymous_9)
FN:119,(anonymous_10)
FN:154,(anonymous_11)
FN:159,(anonymous_12)
FN:172,(anonymous_13)
FN:192,(anonymous_14)
FN:203,(anonymous_15)
FNF:15
FNH:0
FNDA:0,(anonymous_1)
FNDA:0,(anonymous_2)
FNDA:0,(anonymous_3)
FNDA:0,(anonymous_4)
FNDA:0,(anonymous_5)
FNDA:0,(anonymous_6)
FNDA:0,(anonymous_7)
FNDA:0,(anonymous_8)
FNDA:0,(anonymous_9)
FNDA:0,(anonymous_10)
FNDA:0,(anonymous_11)
FNDA:0,(anonymous_12)
FNDA:0,(anonymous_13)
FNDA:0,(anonymous_14)
FNDA:0,(anonymous_15)
DA:3,0
DA:4,0
DA:5,0
DA:6,0
DA:8,0
DA:10,0
DA:14,0
DA:15,0
DA:18,0
DA:19,0
DA:23,0
DA:24,0
DA:26,0
DA:30,0
DA:32,0
DA:33,0
DA:34,0
DA:35,0
DA:36,0
DA:37,0
DA:39,0
DA:46,0
DA:50,0
DA:55,0
DA:56,0
DA:57,0
DA:59,0
DA:63,0
DA:64,0
DA:65,0
DA:67,0
DA:75,0
DA:76,0
DA:80,0
DA:81,0
DA:82,0
DA:84,0
DA:85,0
DA:101,0
DA:105,0
DA:106,0
DA:110,0
DA:116,0
DA:120,0
DA:121,0
DA:122,0
DA:140,0
DA:141,0
DA:144,0
DA:155,0
DA:156,0
DA:159,0
DA:164,0
DA:168,0
DA:173,0
DA:175,0
DA:176,0
DA:177,0
DA:183,0
DA:188,0
DA:193,0
DA:194,0
DA:203,0
DA:212,0
DA:216,0
LF:65
LH:0
BRDA:23,0,0,0
BRDA:29,1,0,0
BRDA:30,2,0,0
BRDA:55,3,0,0
BRDA:76,4,0,0
BRDA:76,4,1,0
BRDA:84,5,0,0
BRDA:116,6,0,0
BRDA:116,6,1,0
BRDA:135,7,0,0
BRDA:135,7,1,0
BRDA:136,8,0,0
BRDA:136,8,1,0
BRDA:140,9,0,0
BRDA:140,10,0,0
BRDA:140,10,1,0
BRF:16
BRH:0
end_of_record
TN:
SF:src\services\sqliteService.ts
FN:13,(anonymous_1)
FN:17,(anonymous_2)
FN:20,(anonymous_3)
FN:35,(anonymous_4)
FN:42,(anonymous_5)
FN:49,(anonymous_6)
FN:53,(anonymous_7)
FN:58,(anonymous_8)
FN:59,(anonymous_9)
FN:80,(anonymous_10)
FN:93,(anonymous_11)
FN:94,(anonymous_12)
FN:99,(anonymous_13)
FN:106,(anonymous_14)
FN:108,(anonymous_15)
FN:113,(anonymous_16)
FN:120,(anonymous_17)
FN:125,(anonymous_18)
FN:130,(anonymous_19)
FN:137,(anonymous_20)
FN:142,(anonymous_21)
FN:147,(anonymous_22)
FN:154,(anonymous_23)
FN:159,(anonymous_24)
FN:167,(anonymous_25)
FN:171,(anonymous_26)
FN:179,(anonymous_27)
FN:188,(anonymous_28)
FN:204,(anonymous_29)
FNF:29
FNH:10
FNDA:14,(anonymous_1)
FNDA:14,(anonymous_2)
FNDA:12,(anonymous_3)
FNDA:35,(anonymous_4)
FNDA:0,(anonymous_5)
FNDA:0,(anonymous_6)
FNDA:0,(anonymous_7)
FNDA:0,(anonymous_8)
FNDA:0,(anonymous_9)
FNDA:0,(anonymous_10)
FNDA:24,(anonymous_11)
FNDA:24,(anonymous_12)
FNDA:24,(anonymous_13)
FNDA:14,(anonymous_14)
FNDA:14,(anonymous_15)
FNDA:12,(anonymous_16)
FNDA:0,(anonymous_17)
FNDA:0,(anonymous_18)
FNDA:0,(anonymous_19)
FNDA:0,(anonymous_20)
FNDA:0,(anonymous_21)
FNDA:0,(anonymous_22)
FNDA:0,(anonymous_23)
FNDA:0,(anonymous_24)
FNDA:0,(anonymous_25)
FNDA:0,(anonymous_26)
FNDA:0,(anonymous_27)
FNDA:0,(anonymous_28)
FNDA:0,(anonymous_29)
DA:1,18
DA:2,18
DA:3,18
DA:6,18
DA:8,16
DA:10,14
DA:11,14
DA:14,14
DA:18,14
DA:19,14
DA:20,14
DA:21,12
DA:25,14
DA:27,2
DA:31,2
DA:36,35
DA:37,14
DA:39,33
DA:43,0
DA:44,0
DA:46,0
DA:50,0
DA:54,0
DA:55,0
DA:56,0
DA:58,0
DA:59,0
DA:60,0
DA:61,0
DA:65,0
DA:67,0
DA:72,0
DA:76,0
DA:81,0
DA:82,0
DA:83,0
DA:85,0
DA:89,0
DA:94,24
DA:95,24
DA:96,0
DA:97,0
DA:99,24
DA:100,24
DA:101,24
DA:107,14
DA:108,14
DA:109,14
DA:110,0
DA:111,0
DA:113,14
DA:114,12
DA:115,10
DA:124,0
DA:125,0
DA:126,0
DA:127,0
DA:128,0
DA:130,0
DA:131,0
DA:132,0
DA:141,0
DA:142,0
DA:143,0
DA:144,0
DA:145,0
DA:147,0
DA:148,0
DA:149,0
DA:159,0
DA:160,0
DA:161,0
DA:162,0
DA:164,0
DA:168,0
DA:169,0
DA:172,0
DA:173,0
DA:184,0
DA:185,0
DA:189,0
DA:190,0
DA:191,0
DA:193,0
DA:194,0
DA:196,0
DA:200,0
DA:205,0
DA:206,0
DA:207,0
DA:208,0
DA:211,0
LF:92
LH:29
BRDA:21,0,0,0
BRDA:36,1,0,14
BRDA:43,2,0,0
BRDA:55,3,0,0
BRDA:60,4,0,0
BRDA:60,4,1,0
BRDA:67,5,0,0
BRDA:67,5,1,0
BRDA:83,6,0,0
BRDA:83,6,1,0
BRDA:95,7,0,0
BRDA:100,8,0,0
BRDA:100,8,1,24
BRDA:106,9,0,12
BRDA:109,10,0,0
BRDA:114,11,0,2
BRDA:114,11,1,10
BRDA:122,12,0,0
BRDA:126,13,0,0
BRDA:131,14,0,0
BRDA:131,14,1,0
BRDA:139,15,0,0
BRDA:143,16,0,0
BRDA:148,17,0,0
BRDA:148,17,1,0
BRDA:156,18,0,0
BRDA:160,19,0,0
BRDA:168,20,0,0
BRDA:168,20,1,0
BRDA:172,21,0,0
BRDA:172,21,1,0
BRDA:181,22,0,0
BRDA:190,23,0,0
BRDA:206,24,0,0
BRF:34
BRH:5
end_of_record
TN:
SF:src\services\tokenManager.ts
FN:30,(anonymous_1)
FN:54,(anonymous_2)
FN:55,(anonymous_3)
FN:69,(anonymous_4)
FN:70,(anonymous_5)
FN:75,(anonymous_6)
FN:90,(anonymous_7)
FN:93,(anonymous_8)
FN:97,(anonymous_9)
FN:119,(anonymous_10)
FN:120,(anonymous_11)
FN:124,(anonymous_12)
FN:139,(anonymous_13)
FN:140,(anonymous_14)
FN:146,(anonymous_15)
FN:161,(anonymous_16)
FN:162,(anonymous_17)
FN:171,(anonymous_18)
FN:186,(anonymous_19)
FN:216,(anonymous_20)
FN:217,(anonymous_21)
FN:221,(anonymous_22)
FN:236,(anonymous_23)
FN:243,(anonymous_24)
FN:247,(anonymous_25)
FNF:25
FNH:0
FNDA:0,(anonymous_1)
FNDA:0,(anonymous_2)
FNDA:0,(anonymous_3)
FNDA:0,(anonymous_4)
FNDA:0,(anonymous_5)
FNDA:0,(anonymous_6)
FNDA:0,(anonymous_7)
FNDA:0,(anonymous_8)
FNDA:0,(anonymous_9)
FNDA:0,(anonymous_10)
FNDA:0,(anonymous_11)
FNDA:0,(anonymous_12)
FNDA:0,(anonymous_13)
FNDA:0,(anonymous_14)
FNDA:0,(anonymous_15)
FNDA:0,(anonymous_16)
FNDA:0,(anonymous_17)
FNDA:0,(anonymous_18)
FNDA:0,(anonymous_19)
FNDA:0,(anonymous_20)
FNDA:0,(anonymous_21)
FNDA:0,(anonymous_22)
FNDA:0,(anonymous_23)
FNDA:0,(anonymous_24)
FNDA:0,(anonymous_25)
DA:3,0
DA:7,0
DA:8,0
DA:21,0
DA:23,0
DA:24,0
DA:31,0
DA:33,0
DA:36,0
DA:54,0
DA:55,0
DA:56,0
DA:57,0
DA:61,0
DA:65,0
DA:70,0
DA:71,0
DA:72,0
DA:76,0
DA:77,0
DA:81,0
DA:83,0
DA:91,0
DA:92,0
DA:93,0
DA:94,0
DA:98,0
DA:99,0
DA:103,0
DA:105,0
DA:111,0
DA:115,0
DA:120,0
DA:121,0
DA:125,0
DA:126,0
DA:130,0
DA:132,0
DA:140,0
DA:141,0
DA:147,0
DA:148,0
DA:152,0
DA:154,0
DA:162,0
DA:163,0
DA:172,0
DA:173,0
DA:177,0
DA:179,0
DA:187,0
DA:188,0
DA:196,0
DA:197,0
DA:205,0
DA:206,0
DA:208,0
DA:212,0
DA:217,0
DA:218,0
DA:222,0
DA:223,0
DA:227,0
DA:229,0
DA:237,0
DA:238,0
DA:239,0
DA:240,0
DA:243,0
DA:244,0
DA:248,0
DA:249,0
DA:253,0
DA:256,0
DA:257,0
DA:258,0
DA:263,0
DA:272,0
LF:78
LH:0
BRDA:56,0,0,0
BRDA:56,0,1,0
BRDA:76,1,0,0
BRDA:76,1,1,0
BRDA:98,2,0,0
BRDA:98,2,1,0
BRDA:125,3,0,0
BRDA:125,3,1,0
BRDA:132,4,0,0
BRDA:132,4,1,0
BRDA:147,5,0,0
BRDA:147,5,1,0
BRDA:172,6,0,0
BRDA:172,6,1,0
BRDA:222,7,0,0
BRDA:222,7,1,0
BRDA:239,8,0,0
BRDA:248,9,0,0
BRDA:248,10,0,0
BRDA:248,10,1,0
BRF:20
BRH:0
end_of_record
TN:
SF:src\utils\systemMetrics.ts
FN:24,cpuUsage
FN:46,memoryUsage
FN:63,networkStats
FNF:3
FNH:0
FNDA:0,cpuUsage
FNDA:0,memoryUsage
FNDA:0,networkStats
DA:1,0
DA:21,0
DA:22,0
DA:24,0
DA:25,0
DA:26,0
DA:28,0
DA:29,0
DA:30,0
DA:33,0
DA:34,0
DA:35,0
DA:37,0
DA:38,0
DA:40,0
DA:46,0
DA:47,0
DA:48,0
DA:49,0
DA:51,0
DA:58,0
DA:59,0
DA:60,0
DA:61,0
DA:63,0
DA:64,0
DA:65,0
DA:66,0
DA:67,0
DA:68,0
DA:72,0
DA:73,0
DA:74,0
DA:75,0
DA:77,0
DA:84,0
DA:85,0
DA:86,0
DA:87,0
DA:89,0
LF:40
LH:0
BRDA:41,0,0,0
BRDA:41,0,1,0
BRF:2
BRH:0
end_of_record
TN:
SF:src\utils\testConnections.ts
FN:4,testConnections
FN:21,(anonymous_2)
FN:26,(anonymous_3)
FNF:3
FNH:0
FNDA:0,testConnections
FNDA:0,(anonymous_2)
FNDA:0,(anonymous_3)
DA:1,0
DA:2,0
DA:6,0
DA:7,0
DA:8,0
DA:9,0
DA:11,0
DA:15,0
DA:16,0
DA:21,0
DA:22,0
DA:23,0
DA:26,0
DA:27,0
DA:30,0
DA:34,0
LF:16
LH:0
BRF:0
BRH:0
end_of_record
TN:
SF:src\utils\tokenUtils.ts
FN:6,validateToken
FN:21,generateToken
FNF:2
FNH:0
FNDA:0,validateToken
FNDA:0,generateToken
DA:1,0
DA:4,0
DA:6,0
DA:7,0
DA:8,0
DA:9,0
DA:14,0
DA:21,0
DA:22,0
LF:9
LH:0
BRDA:4,0,0,0
BRDA:4,0,1,0
BRF:2
BRH:0
end_of_record
