TN:
SF:src\index.ts
FN:46,(anonymous_1)
FN:55,(anonymous_2)
FN:64,(anonymous_3)
FN:69,(anonymous_4)
FN:74,(anonymous_5)
FNF:5
FNH:0
FNDA:0,(anonymous_1)
FNDA:0,(anonymous_2)
FNDA:0,(anonymous_3)
FNDA:0,(anonymous_4)
FNDA:0,(anonymous_5)
DA:1,0
DA:2,0
DA:3,0
DA:4,0
DA:5,0
DA:6,0
DA:7,0
DA:10,0
DA:11,0
DA:12,0
DA:13,0
DA:14,0
DA:15,0
DA:18,0
DA:20,0
DA:23,0
DA:29,0
DA:30,0
DA:31,0
DA:32,0
DA:33,0
DA:34,0
DA:35,0
DA:38,0
DA:39,0
DA:40,0
DA:41,0
DA:42,0
DA:43,0
DA:46,0
DA:47,0
DA:48,0
DA:55,0
DA:56,0
DA:63,0
DA:64,0
DA:65,0
DA:69,0
DA:70,0
DA:71,0
DA:74,0
DA:75,0
DA:76,0
DA:79,0
LF:44
LH:0
BRDA:63,0,0,0
BRDA:63,0,1,0
BRF:2
BRH:0
end_of_record
TN:
SF:src\routes\ad.ts
FN:28,(anonymous_1)
FN:36,(anonymous_2)
FN:38,(anonymous_3)
FN:55,(anonymous_4)
FN:58,(anonymous_5)
FN:75,(anonymous_6)
FN:80,(anonymous_7)
FN:97,(anonymous_8)
FN:103,(anonymous_9)
FN:123,(anonymous_10)
FN:125,(anonymous_11)
FN:142,(anonymous_12)
FN:145,(anonymous_13)
FN:162,(anonymous_14)
FN:167,(anonymous_15)
FN:184,(anonymous_16)
FN:190,(anonymous_17)
FNF:17
FNH:0
FNDA:0,(anonymous_1)
FNDA:0,(anonymous_2)
FNDA:0,(anonymous_3)
FNDA:0,(anonymous_4)
FNDA:0,(anonymous_5)
FNDA:0,(anonymous_6)
FNDA:0,(anonymous_7)
FNDA:0,(anonymous_8)
FNDA:0,(anonymous_9)
FNDA:0,(anonymous_10)
FNDA:0,(anonymous_11)
FNDA:0,(anonymous_12)
FNDA:0,(anonymous_13)
FNDA:0,(anonymous_14)
FNDA:0,(anonymous_15)
FNDA:0,(anonymous_16)
FNDA:0,(anonymous_17)
DA:1,0
DA:2,0
DA:4,0
DA:7,0
DA:10,0
DA:25,0
DA:28,0
DA:29,0
DA:30,0
DA:31,0
DA:32,0
DA:36,0
DA:37,0
DA:38,0
DA:39,0
DA:40,0
DA:42,0
DA:45,0
DA:46,0
DA:55,0
DA:56,0
DA:57,0
DA:58,0
DA:59,0
DA:60,0
DA:62,0
DA:65,0
DA:66,0
DA:75,0
DA:76,0
DA:77,0
DA:78,0
DA:80,0
DA:81,0
DA:82,0
DA:84,0
DA:87,0
DA:88,0
DA:97,0
DA:98,0
DA:99,0
DA:100,0
DA:102,0
DA:103,0
DA:104,0
DA:105,0
DA:107,0
DA:113,0
DA:114,0
DA:123,0
DA:124,0
DA:125,0
DA:126,0
DA:127,0
DA:129,0
DA:132,0
DA:133,0
DA:142,0
DA:143,0
DA:144,0
DA:145,0
DA:146,0
DA:147,0
DA:149,0
DA:152,0
DA:153,0
DA:162,0
DA:163,0
DA:164,0
DA:165,0
DA:167,0
DA:168,0
DA:169,0
DA:171,0
DA:174,0
DA:175,0
DA:184,0
DA:185,0
DA:186,0
DA:187,0
DA:189,0
DA:190,0
DA:191,0
DA:192,0
DA:194,0
DA:200,0
DA:201,0
DA:209,0
LF:88
LH:0
BRDA:30,0,0,0
BRDA:30,0,1,0
BRDA:39,1,0,0
BRDA:59,2,0,0
BRDA:81,3,0,0
BRDA:102,4,0,0
BRDA:102,4,1,0
BRDA:104,5,0,0
BRDA:109,6,0,0
BRDA:109,6,1,0
BRDA:126,7,0,0
BRDA:146,8,0,0
BRDA:168,9,0,0
BRDA:189,10,0,0
BRDA:189,10,1,0
BRDA:191,11,0,0
BRDA:196,12,0,0
BRDA:196,12,1,0
BRF:18
BRH:0
end_of_record
TN:
SF:src\routes\monitoring.ts
FN:10,(anonymous_1)
FN:21,(anonymous_2)
FN:60,(anonymous_3)
FN:73,(anonymous_4)
FN:97,(anonymous_5)
FN:131,(anonymous_6)
FN:149,(anonymous_7)
FNF:7
FNH:0
FNDA:0,(anonymous_1)
FNDA:0,(anonymous_2)
FNDA:0,(anonymous_3)
FNDA:0,(anonymous_4)
FNDA:0,(anonymous_5)
FNDA:0,(anonymous_6)
FNDA:0,(anonymous_7)
DA:1,0
DA:2,0
DA:4,0
DA:5,0
DA:7,0
DA:10,0
DA:11,0
DA:13,0
DA:16,0
DA:17,0
DA:20,0
DA:21,0
DA:24,0
DA:25,0
DA:28,0
DA:30,0
DA:54,0
DA:55,0
DA:60,0
DA:61,0
DA:62,0
DA:63,0
DA:65,0
DA:73,0
DA:74,0
DA:75,0
DA:87,0
DA:89,0
DA:97,0
DA:98,0
DA:99,0
DA:121,0
DA:123,0
DA:131,0
DA:132,0
DA:133,0
DA:136,0
DA:141,0
DA:149,0
DA:150,0
DA:151,0
DA:154,0
DA:168,0
DA:170,0
DA:177,0
LF:45
LH:0
BRDA:21,0,0,0
BRDA:21,0,1,0
BRDA:33,1,0,0
BRDA:33,1,1,0
BRDA:46,2,0,0
BRDA:46,2,1,0
BRDA:47,3,0,0
BRDA:47,3,1,0
BRDA:48,4,0,0
BRDA:48,4,1,0
BRDA:49,5,0,0
BRDA:49,5,1,0
BRF:12
BRH:0
end_of_record
TN:
SF:src\routes\security.ts
FN:7,(anonymous_1)
FN:35,(anonymous_2)
FN:63,(anonymous_3)
FN:95,(anonymous_4)
FN:115,(anonymous_5)
FN:135,(anonymous_6)
FNF:6
FNH:0
FNDA:0,(anonymous_1)
FNDA:0,(anonymous_2)
FNDA:0,(anonymous_3)
FNDA:0,(anonymous_4)
FNDA:0,(anonymous_5)
FNDA:0,(anonymous_6)
DA:1,0
DA:2,0
DA:4,0
DA:7,0
DA:8,0
DA:9,0
DA:25,0
DA:27,0
DA:35,0
DA:36,0
DA:37,0
DA:53,0
DA:55,0
DA:63,0
DA:64,0
DA:65,0
DA:85,0
DA:87,0
DA:95,0
DA:96,0
DA:97,0
DA:98,0
DA:102,0
DA:107,0
DA:115,0
DA:116,0
DA:117,0
DA:118,0
DA:122,0
DA:127,0
DA:135,0
DA:136,0
DA:137,0
DA:141,0
DA:151,0
DA:158,0
LF:36
LH:0
BRF:0
BRH:0
end_of_record
TN:
SF:src\routes\system.ts
FN:8,(anonymous_1)
FN:44,(anonymous_2)
FN:62,(anonymous_3)
FNF:3
FNH:0
FNDA:0,(anonymous_1)
FNDA:0,(anonymous_2)
FNDA:0,(anonymous_3)
DA:1,0
DA:2,0
DA:5,0
DA:8,0
DA:9,0
DA:11,0
DA:34,0
DA:36,0
DA:44,0
DA:45,0
DA:46,0
DA:49,0
DA:54,0
DA:62,0
DA:63,0
DA:64,0
DA:85,0
DA:87,0
DA:94,0
LF:19
LH:0
BRDA:13,0,0,0
BRDA:13,0,1,0
BRDA:14,1,0,0
BRDA:14,1,1,0
BRDA:15,2,0,0
BRDA:15,2,1,0
BRDA:19,3,0,0
BRDA:19,3,1,0
BRDA:20,4,0,0
BRDA:20,4,1,0
BRDA:21,5,0,0
BRDA:21,5,1,0
BRDA:24,6,0,0
BRDA:24,6,1,0
BRDA:25,7,0,0
BRDA:25,7,1,0
BRDA:27,8,0,0
BRDA:27,8,1,0
BRDA:28,9,0,0
BRDA:28,9,1,0
BRDA:29,10,0,0
BRDA:29,10,1,0
BRF:22
BRH:0
end_of_record
